2026-05-07 07:14:50,160 - INFO - --- STARTING SIMULATION: Sim_Re_6000 ---
2026-05-07 07:14:50,160 - INFO - Target Reynolds Number: 6000 -> Calculated Viscosity (nu): 0.0167
2026-05-07 07:14:50,160 - INFO - Initializing fluid sensors (Velocity, Pressure, Density)...
2026-05-07 07:14:53,272 - INFO - Frame 001 | Max Speed: 0.145 m/s | Max Updraft: 0.145 m/s | Pressure Range:[-0.392, 0.677] Pa | Total Smoke Mass: 38.4 kg
2026-05-07 07:14:53,314 - INFO - Frame 002 | Max Speed: 0.310 m/s | Max Updraft: 0.310 m/s | Pressure Range:[-0.452, 0.784] Pa | Total Smoke Mass: 76.8 kg
2026-05-07 07:14:53,354 - INFO - Frame 003 | Max Speed: 0.487 m/s | Max Updraft: 0.485 m/s | Pressure Range:[-0.509, 0.887] Pa | Total Smoke Mass: 115.1 kg
2026-05-07 07:14:53,392 - INFO - Frame 004 | Max Speed: 0.685 m/s | Max Updraft: 0.685 m/s | Pressure Range:[-0.568, 0.985] Pa | Total Smoke Mass: 153.3 kg
2026-05-07 07:14:53,433 - INFO - Frame 005 | Max Speed: 0.894 m/s | Max Updraft: 0.894 m/s | Pressure Range:[-0.629, 1.080] Pa | Total Smoke Mass: 191.3 kg
2026-05-07 07:14:53,471 - INFO - Frame 006 | Max Speed: 1.134 m/s | Max Updraft: 1.134 m/s | Pressure Range:[-0.685, 1.166] Pa | Total Smoke Mass: 229.0 kg
2026-05-07 07:14:53,507 - INFO - Frame 007 | Max Speed: 1.410 m/s | Max Updraft: 1.410 m/s | Pressure Range:[-0.726, 1.229] Pa | Total Smoke Mass: 266.6 kg
2026-05-07 07:14:53,546 - INFO - Frame 008 | Max Speed: 1.719 m/s | Max Updraft: 1.719 m/s | Pressure Range:[-0.792, 1.287] Pa | Total Smoke Mass: 304.3 kg
2026-05-07 07:14:53,583 - INFO - Frame 009 | Max Speed: 2.057 m/s | Max Updraft: 2.057 m/s | Pressure Range:[-0.917, 1.343] Pa | Total Smoke Mass: 341.9 kg
2026-05-07 07:14:53,620 - INFO - Frame 010 | Max Speed: 2.405 m/s | Max Updraft: 2.405 m/s | Pressure Range:[-1.122, 1.392] Pa | Total Smoke Mass: 379.4 kg
2026-05-07 07:14:53,661 - INFO - Frame 011 | Max Speed: 2.742 m/s | Max Updraft: 2.742 m/s | Pressure Range:[-1.413, 1.441] Pa | Total Smoke Mass: 417.1 kg
2026-05-07 07:14:53,701 - INFO - Frame 012 | Max Speed: 3.052 m/s | Max Updraft: 3.052 m/s | Pressure Range:[-1.762, 1.496] Pa | Total Smoke Mass: 455.5 kg
2026-05-07 07:14:53,737 - INFO - Frame 013 | Max Speed: 3.325 m/s | Max Updraft: 3.325 m/s | Pressure Range:[-2.100, 1.560] Pa | Total Smoke Mass: 494.7 kg
2026-05-07 07:14:53,775 - INFO - Frame 014 | Max Speed: 3.558 m/s | Max Updraft: 3.558 m/s | Pressure Range:[-2.399, 1.618] Pa | Total Smoke Mass: 533.9 kg
2026-05-07 07:14:53,809 - INFO - Frame 015 | Max Speed: 3.763 m/s | Max Updraft: 3.763 m/s | Pressure Range:[-2.621, 1.668] Pa | Total Smoke Mass: 572.2 kg
2026-05-07 07:14:53,843 - INFO - Frame 016 | Max Speed: 3.956 m/s | Max Updraft: 3.956 m/s | Pressure Range:[-2.883, 1.716] Pa | Total Smoke Mass: 609.3 kg
2026-05-07 07:14:53,881 - INFO - Frame 017 | Max Speed: 4.147 m/s | Max Updraft: 4.147 m/s | Pressure Range:[-3.032, 1.757] Pa | Total Smoke Mass: 645.4 kg
2026-05-07 07:14:53,915 - INFO - Frame 018 | Max Speed: 4.318 m/s | Max Updraft: 4.318 m/s | Pressure Range:[-3.086, 1.790] Pa | Total Smoke Mass: 680.9 kg
2026-05-07 07:14:53,948 - INFO - Frame 019 | Max Speed: 4.463 m/s | Max Updraft: 4.463 m/s | Pressure Range:[-3.193, 1.811] Pa | Total Smoke Mass: 715.2 kg
2026-05-07 07:14:53,986 - INFO - Frame 020 | Max Speed: 4.590 m/s | Max Updraft: 4.590 m/s | Pressure Range:[-3.263, 1.818] Pa | Total Smoke Mass: 749.5 kg
2026-05-07 07:14:54,021 - INFO - Frame 021 | Max Speed: 4.721 m/s | Max Updraft: 4.721 m/s | Pressure Range:[-3.283, 1.815] Pa | Total Smoke Mass: 783.9 kg
2026-05-07 07:14:54,054 - INFO - Frame 022 | Max Speed: 4.850 m/s | Max Updraft: 4.850 m/s | Pressure Range:[-3.380, 1.808] Pa | Total Smoke Mass: 818.7 kg
2026-05-07 07:14:54,090 - INFO - Frame 023 | Max Speed: 4.965 m/s | Max Updraft: 4.965 m/s | Pressure Range:[-3.472, 1.822] Pa | Total Smoke Mass: 855.0 kg
2026-05-07 07:14:54,123 - INFO - Frame 024 | Max Speed: 5.069 m/s | Max Updraft: 5.069 m/s | Pressure Range:[-3.511, 1.840] Pa | Total Smoke Mass: 892.8 kg
2026-05-07 07:14:54,156 - INFO - Frame 025 | Max Speed: 5.181 m/s | Max Updraft: 5.181 m/s | Pressure Range:[-3.576, 1.863] Pa | Total Smoke Mass: 931.3 kg
2026-05-07 07:14:54,193 - INFO - Frame 026 | Max Speed: 5.291 m/s | Max Updraft: 5.291 m/s | Pressure Range:[-3.698, 1.891] Pa | Total Smoke Mass: 970.6 kg
2026-05-07 07:14:54,228 - INFO - Frame 027 | Max Speed: 5.402 m/s | Max Updraft: 5.402 m/s | Pressure Range:[-3.758, 1.940] Pa | Total Smoke Mass: 1010.9 kg
2026-05-07 07:14:54,265 - INFO - Frame 028 | Max Speed: 5.522 m/s | Max Updraft: 5.522 m/s | Pressure Range:[-3.810, 1.977] Pa | Total Smoke Mass: 1052.0 kg
2026-05-07 07:14:54,308 - INFO - Frame 029 | Max Speed: 5.637 m/s | Max Updraft: 5.637 m/s | Pressure Range:[-3.863, 1.998] Pa | Total Smoke Mass: 1093.7 kg
2026-05-07 07:14:54,345 - INFO - Frame 030 | Max Speed: 5.740 m/s | Max Updraft: 5.740 m/s | Pressure Range:[-3.941, 2.043] Pa | Total Smoke Mass: 1135.8 kg
2026-05-07 07:14:54,382 - INFO - Frame 031 | Max Speed: 5.841 m/s | Max Updraft: 5.841 m/s | Pressure Range:[-3.957, 2.062] Pa | Total Smoke Mass: 1178.5 kg
2026-05-07 07:14:54,423 - INFO - Frame 032 | Max Speed: 5.947 m/s | Max Updraft: 5.947 m/s | Pressure Range:[-3.965, 2.090] Pa | Total Smoke Mass: 1222.8 kg
2026-05-07 07:14:54,459 - INFO - Frame 033 | Max Speed: 6.047 m/s | Max Updraft: 6.047 m/s | Pressure Range:[-3.974, 2.130] Pa | Total Smoke Mass: 1267.3 kg
2026-05-07 07:14:54,495 - INFO - Frame 034 | Max Speed: 6.150 m/s | Max Updraft: 6.150 m/s | Pressure Range:[-3.996, 2.161] Pa | Total Smoke Mass: 1311.7 kg
2026-05-07 07:14:54,536 - INFO - Frame 035 | Max Speed: 6.263 m/s | Max Updraft: 6.263 m/s | Pressure Range:[-4.000, 2.215] Pa | Total Smoke Mass: 1356.9 kg
2026-05-07 07:14:54,574 - INFO - Frame 036 | Max Speed: 6.355 m/s | Max Updraft: 6.355 m/s | Pressure Range:[-3.971, 2.245] Pa | Total Smoke Mass: 1402.5 kg
2026-05-07 07:14:54,610 - INFO - Frame 037 | Max Speed: 6.458 m/s | Max Updraft: 6.458 m/s | Pressure Range:[-4.005, 2.294] Pa | Total Smoke Mass: 1446.8 kg
2026-05-07 07:14:54,653 - INFO - Frame 038 | Max Speed: 6.544 m/s | Max Updraft: 6.544 m/s | Pressure Range:[-4.024, 2.317] Pa | Total Smoke Mass: 1491.8 kg
2026-05-07 07:14:54,692 - INFO - Frame 039 | Max Speed: 6.624 m/s | Max Updraft: 6.624 m/s | Pressure Range:[-4.036, 2.356] Pa | Total Smoke Mass: 1538.0 kg
2026-05-07 07:14:54,734 - INFO - Frame 040 | Max Speed: 6.723 m/s | Max Updraft: 6.723 m/s | Pressure Range:[-4.022, 2.375] Pa | Total Smoke Mass: 1582.3 kg
2026-05-07 07:14:54,774 - INFO - Frame 041 | Max Speed: 6.798 m/s | Max Updraft: 6.798 m/s | Pressure Range:[-4.049, 2.402] Pa | Total Smoke Mass: 1627.1 kg
2026-05-07 07:14:54,809 - INFO - Frame 042 | Max Speed: 6.898 m/s | Max Updraft: 6.898 m/s | Pressure Range:[-4.102, 2.438] Pa | Total Smoke Mass: 1672.3 kg
2026-05-07 07:14:54,845 - INFO - Frame 043 | Max Speed: 6.980 m/s | Max Updraft: 6.980 m/s | Pressure Range:[-4.155, 2.463] Pa | Total Smoke Mass: 1718.0 kg
2026-05-07 07:14:54,886 - INFO - Frame 044 | Max Speed: 7.062 m/s | Max Updraft: 7.061 m/s | Pressure Range:[-4.189, 2.500] Pa | Total Smoke Mass: 1763.3 kg
2026-05-07 07:14:54,922 - INFO - Frame 045 | Max Speed: 7.151 m/s | Max Updraft: 7.151 m/s | Pressure Range:[-4.228, 2.532] Pa | Total Smoke Mass: 1808.6 kg
2026-05-07 07:14:54,958 - INFO - Frame 046 | Max Speed: 7.214 m/s | Max Updraft: 7.214 m/s | Pressure Range:[-4.262, 2.548] Pa | Total Smoke Mass: 1854.5 kg
2026-05-07 07:14:54,996 - INFO - Frame 047 | Max Speed: 7.305 m/s | Max Updraft: 7.305 m/s | Pressure Range:[-4.312, 2.567] Pa | Total Smoke Mass: 1900.5 kg
2026-05-07 07:14:55,030 - INFO - Frame 048 | Max Speed: 7.386 m/s | Max Updraft: 7.386 m/s | Pressure Range:[-4.380, 2.581] Pa | Total Smoke Mass: 1945.8 kg
2026-05-07 07:14:55,065 - INFO - Frame 049 | Max Speed: 7.460 m/s | Max Updraft: 7.460 m/s | Pressure Range:[-4.463, 2.591] Pa | Total Smoke Mass: 1992.3 kg
2026-05-07 07:14:55,104 - INFO - Frame 050 | Max Speed: 7.566 m/s | Max Updraft: 7.566 m/s | Pressure Range:[-4.559, 2.601] Pa | Total Smoke Mass: 2038.5 kg
2026-05-07 07:14:55,140 - INFO - Frame 051 | Max Speed: 7.641 m/s | Max Updraft: 7.641 m/s | Pressure Range:[-4.669, 2.622] Pa | Total Smoke Mass: 2084.3 kg
2026-05-07 07:14:55,177 - INFO - Frame 052 | Max Speed: 7.736 m/s | Max Updraft: 7.736 m/s | Pressure Range:[-4.781, 2.652] Pa | Total Smoke Mass: 2130.9 kg
2026-05-07 07:14:55,214 - INFO - Frame 053 | Max Speed: 7.823 m/s | Max Updraft: 7.823 m/s | Pressure Range:[-4.888, 2.674] Pa | Total Smoke Mass: 2176.8 kg
2026-05-07 07:14:55,253 - INFO - Frame 054 | Max Speed: 7.887 m/s | Max Updraft: 7.887 m/s | Pressure Range:[-4.993, 2.683] Pa | Total Smoke Mass: 2222.9 kg
2026-05-07 07:14:55,290 - INFO - Frame 055 | Max Speed: 7.996 m/s | Max Updraft: 7.996 m/s | Pressure Range:[-5.091, 2.682] Pa | Total Smoke Mass: 2268.8 kg
2026-05-07 07:14:55,334 - INFO - Frame 056 | Max Speed: 8.077 m/s | Max Updraft: 8.077 m/s | Pressure Range:[-5.203, 2.672] Pa | Total Smoke Mass: 2314.8 kg
2026-05-07 07:14:55,370 - INFO - Frame 057 | Max Speed: 8.169 m/s | Max Updraft: 8.169 m/s | Pressure Range:[-5.340, 2.662] Pa | Total Smoke Mass: 2361.5 kg
2026-05-07 07:14:55,407 - INFO - Frame 058 | Max Speed: 8.280 m/s | Max Updraft: 8.280 m/s | Pressure Range:[-5.466, 2.656] Pa | Total Smoke Mass: 2407.8 kg
2026-05-07 07:14:55,446 - INFO - Frame 059 | Max Speed: 8.356 m/s | Max Updraft: 8.356 m/s | Pressure Range:[-5.566, 2.654] Pa | Total Smoke Mass: 2455.1 kg
2026-05-07 07:14:55,482 - INFO - Frame 060 | Max Speed: 8.475 m/s | Max Updraft: 8.475 m/s | Pressure Range:[-5.635, 2.647] Pa | Total Smoke Mass: 2503.2 kg
2026-05-07 07:14:55,518 - INFO - Frame 061 | Max Speed: 8.550 m/s | Max Updraft: 8.550 m/s | Pressure Range:[-5.672, 2.629] Pa | Total Smoke Mass: 2551.1 kg
2026-05-07 07:14:55,558 - INFO - Frame 062 | Max Speed: 8.633 m/s | Max Updraft: 8.633 m/s | Pressure Range:[-5.702, 2.594] Pa | Total Smoke Mass: 2598.8 kg
2026-05-07 07:14:55,595 - INFO - Frame 063 | Max Speed: 8.727 m/s | Max Updraft: 8.727 m/s | Pressure Range:[-5.750, 2.543] Pa | Total Smoke Mass: 2647.8 kg
2026-05-07 07:14:55,634 - INFO - Frame 064 | Max Speed: 8.788 m/s | Max Updraft: 8.788 m/s | Pressure Range:[-5.782, 2.481] Pa | Total Smoke Mass: 2696.6 kg
2026-05-07 07:14:55,673 - INFO - Frame 065 | Max Speed: 8.895 m/s | Max Updraft: 8.895 m/s | Pressure Range:[-5.798, 2.409] Pa | Total Smoke Mass: 2744.1 kg
2026-05-07 07:14:55,709 - INFO - Frame 066 | Max Speed: 8.970 m/s | Max Updraft: 8.970 m/s | Pressure Range:[-5.794, 2.325] Pa | Total Smoke Mass: 2791.8 kg
2026-05-07 07:14:55,757 - INFO - Frame 067 | Max Speed: 9.072 m/s | Max Updraft: 9.072 m/s | Pressure Range:[-5.801, 2.220] Pa | Total Smoke Mass: 2839.0 kg
2026-05-07 07:14:55,805 - INFO - Frame 068 | Max Speed: 9.154 m/s | Max Updraft: 9.154 m/s | Pressure Range:[-5.818, 2.080] Pa | Total Smoke Mass: 2885.3 kg
2026-05-07 07:14:55,841 - INFO - Frame 069 | Max Speed: 9.243 m/s | Max Updraft: 9.243 m/s | Pressure Range:[-5.824, 1.916] Pa | Total Smoke Mass: 2931.8 kg
2026-05-07 07:14:55,877 - INFO - Frame 070 | Max Speed: 9.313 m/s | Max Updraft: 9.313 m/s | Pressure Range:[-5.829, 1.709] Pa | Total Smoke Mass: 2979.8 kg
2026-05-07 07:14:55,915 - INFO - Frame 071 | Max Speed: 9.384 m/s | Max Updraft: 9.384 m/s | Pressure Range:[-5.838, 1.433] Pa | Total Smoke Mass: 3027.6 kg
2026-05-07 07:14:55,949 - INFO - Frame 072 | Max Speed: 9.460 m/s | Max Updraft: 9.460 m/s | Pressure Range:[-5.855, 1.101] Pa | Total Smoke Mass: 3075.6 kg
2026-05-07 07:14:55,985 - INFO - Frame 073 | Max Speed: 9.538 m/s | Max Updraft: 9.538 m/s | Pressure Range:[-5.828, 0.663] Pa | Total Smoke Mass: 3123.3 kg
2026-05-07 07:14:56,023 - INFO - Frame 074 | Max Speed: 9.614 m/s | Max Updraft: 9.614 m/s | Pressure Range:[-5.773, 0.478] Pa | Total Smoke Mass: 3153.3 kg
2026-05-07 07:14:56,058 - INFO - Frame 075 | Max Speed: 9.693 m/s | Max Updraft: 9.693 m/s | Pressure Range:[-5.628, 0.520] Pa | Total Smoke Mass: 3135.8 kg
2026-05-07 07:14:56,095 - INFO - Frame 076 | Max Speed: 9.745 m/s | Max Updraft: 9.745 m/s | Pressure Range:[-5.397, 0.590] Pa | Total Smoke Mass: 3068.8 kg
2026-05-07 07:14:56,138 - INFO - Frame 077 | Max Speed: 9.727 m/s | Max Updraft: 9.727 m/s | Pressure Range:[-5.110, 0.788] Pa | Total Smoke Mass: 3007.6 kg
2026-05-07 07:14:56,174 - INFO - Frame 078 | Max Speed: 9.801 m/s | Max Updraft: 9.801 m/s | Pressure Range:[-4.935, 0.935] Pa | Total Smoke Mass: 2956.4 kg
2026-05-07 07:14:56,210 - INFO - Frame 079 | Max Speed: 9.862 m/s | Max Updraft: 9.862 m/s | Pressure Range:[-4.865, 1.020] Pa | Total Smoke Mass: 2872.4 kg
2026-05-07 07:14:56,252 - INFO - Frame 080 | Max Speed: 9.935 m/s | Max Updraft: 9.935 m/s | Pressure Range:[-4.794, 1.110] Pa | Total Smoke Mass: 2750.4 kg
2026-05-07 07:14:56,290 - INFO - Frame 081 | Max Speed: 9.986 m/s | Max Updraft: 9.986 m/s | Pressure Range:[-4.707, 1.197] Pa | Total Smoke Mass: 2606.9 kg
2026-05-07 07:14:56,341 - INFO - Frame 082 | Max Speed: 10.012 m/s | Max Updraft: 10.011 m/s | Pressure Range:[-4.601, 1.279] Pa | Total Smoke Mass: 2452.3 kg
2026-05-07 07:14:56,395 - INFO - Frame 083 | Max Speed: 10.006 m/s | Max Updraft: 10.006 m/s | Pressure Range:[-4.466, 1.359] Pa | Total Smoke Mass: 2294.0 kg
2026-05-07 07:14:56,448 - INFO - Frame 084 | Max Speed: 9.995 m/s | Max Updraft: 9.995 m/s | Pressure Range:[-4.339, 1.430] Pa | Total Smoke Mass: 2148.8 kg
2026-05-07 07:14:56,499 - INFO - Frame 085 | Max Speed: 9.927 m/s | Max Updraft: 9.927 m/s | Pressure Range:[-4.241, 1.469] Pa | Total Smoke Mass: 2036.0 kg
2026-05-07 07:14:56,555 - INFO - Frame 086 | Max Speed: 9.824 m/s | Max Updraft: 9.824 m/s | Pressure Range:[-4.167, 1.496] Pa | Total Smoke Mass: 1956.4 kg
2026-05-07 07:14:56,602 - INFO - Frame 087 | Max Speed: 9.762 m/s | Max Updraft: 9.762 m/s | Pressure Range:[-4.082, 1.535] Pa | Total Smoke Mass: 1902.6 kg
2026-05-07 07:14:56,651 - INFO - Frame 088 | Max Speed: 9.755 m/s | Max Updraft: 9.755 m/s | Pressure Range:[-3.979, 1.587] Pa | Total Smoke Mass: 1868.3 kg
2026-05-07 07:14:56,705 - INFO - Frame 089 | Max Speed: 9.756 m/s | Max Updraft: 9.756 m/s | Pressure Range:[-3.869, 1.634] Pa | Total Smoke Mass: 1851.4 kg
2026-05-07 07:14:56,752 - INFO - Frame 090 | Max Speed: 9.697 m/s | Max Updraft: 9.697 m/s | Pressure Range:[-3.781, 1.654] Pa | Total Smoke Mass: 1843.3 kg
2026-05-07 07:14:56,804 - INFO - Frame 091 | Max Speed: 9.614 m/s | Max Updraft: 9.614 m/s | Pressure Range:[-3.695, 1.654] Pa | Total Smoke Mass: 1839.5 kg
2026-05-07 07:14:56,861 - INFO - Frame 092 | Max Speed: 9.541 m/s | Max Updraft: 9.541 m/s | Pressure Range:[-3.604, 1.658] Pa | Total Smoke Mass: 1836.8 kg
2026-05-07 07:14:56,909 - INFO - Frame 093 | Max Speed: 9.493 m/s | Max Updraft: 9.493 m/s | Pressure Range:[-3.483, 1.672] Pa | Total Smoke Mass: 1833.1 kg
2026-05-07 07:14:56,956 - INFO - Frame 094 | Max Speed: 9.480 m/s | Max Updraft: 9.480 m/s | Pressure Range:[-3.377, 1.700] Pa | Total Smoke Mass: 1829.6 kg
2026-05-07 07:14:57,008 - INFO - Frame 095 | Max Speed: 9.420 m/s | Max Updraft: 9.419 m/s | Pressure Range:[-3.271, 1.738] Pa | Total Smoke Mass: 1826.9 kg
2026-05-07 07:14:57,055 - INFO - Frame 096 | Max Speed: 9.389 m/s | Max Updraft: 9.389 m/s | Pressure Range:[-3.213, 1.783] Pa | Total Smoke Mass: 1823.3 kg
2026-05-07 07:14:57,106 - INFO - Frame 097 | Max Speed: 9.432 m/s | Max Updraft: 9.432 m/s | Pressure Range:[-3.142, 1.839] Pa | Total Smoke Mass: 1817.8 kg
2026-05-07 07:14:57,159 - INFO - Frame 098 | Max Speed: 9.462 m/s | Max Updraft: 9.462 m/s | Pressure Range:[-3.081, 1.903] Pa | Total Smoke Mass: 1809.4 kg
2026-05-07 07:14:57,211 - INFO - Frame 099 | Max Speed: 9.464 m/s | Max Updraft: 9.463 m/s | Pressure Range:[-3.009, 1.962] Pa | Total Smoke Mass: 1802.2 kg
2026-05-07 07:14:57,264 - INFO - Frame 100 | Max Speed: 9.418 m/s | Max Updraft: 9.418 m/s | Pressure Range:[-2.983, 2.006] Pa | Total Smoke Mass: 1795.4 kg
2026-05-07 07:14:57,320 - INFO - Frame 101 | Max Speed: 9.360 m/s | Max Updraft: 9.360 m/s | Pressure Range:[-2.966, 2.047] Pa | Total Smoke Mass: 1788.7 kg
2026-05-07 07:14:57,371 - INFO - Frame 102 | Max Speed: 9.320 m/s | Max Updraft: 9.320 m/s | Pressure Range:[-2.980, 2.109] Pa | Total Smoke Mass: 1780.6 kg
2026-05-07 07:14:57,422 - INFO - Frame 103 | Max Speed: 9.327 m/s | Max Updraft: 9.326 m/s | Pressure Range:[-2.965, 2.201] Pa | Total Smoke Mass: 1770.3 kg
2026-05-07 07:14:57,475 - INFO - Frame 104 | Max Speed: 9.350 m/s | Max Updraft: 9.349 m/s | Pressure Range:[-2.912, 2.306] Pa | Total Smoke Mass: 1760.2 kg
2026-05-07 07:14:57,526 - INFO - Frame 105 | Max Speed: 9.343 m/s | Max Updraft: 9.342 m/s | Pressure Range:[-2.835, 2.397] Pa | Total Smoke Mass: 1752.4 kg
2026-05-07 07:14:57,580 - INFO - Frame 106 | Max Speed: 9.302 m/s | Max Updraft: 9.300 m/s | Pressure Range:[-2.708, 2.445] Pa | Total Smoke Mass: 1745.9 kg
2026-05-07 07:14:57,625 - INFO - Frame 107 | Max Speed: 9.258 m/s | Max Updraft: 9.256 m/s | Pressure Range:[-2.505, 2.459] Pa | Total Smoke Mass: 1739.8 kg
2026-05-07 07:14:57,670 - INFO - Frame 108 | Max Speed: 9.236 m/s | Max Updraft: 9.233 m/s | Pressure Range:[-2.271, 2.459] Pa | Total Smoke Mass: 1735.2 kg
2026-05-07 07:14:57,724 - INFO - Frame 109 | Max Speed: 9.227 m/s | Max Updraft: 9.223 m/s | Pressure Range:[-1.972, 2.452] Pa | Total Smoke Mass: 1734.7 kg
2026-05-07 07:14:57,771 - INFO - Frame 110 | Max Speed: 9.199 m/s | Max Updraft: 9.194 m/s | Pressure Range:[-1.683, 2.474] Pa | Total Smoke Mass: 1739.8 kg
2026-05-07 07:14:57,823 - INFO - Frame 111 | Max Speed: 9.127 m/s | Max Updraft: 9.121 m/s | Pressure Range:[-1.420, 2.471] Pa | Total Smoke Mass: 1750.3 kg
2026-05-07 07:14:57,885 - INFO - Frame 112 | Max Speed: 9.026 m/s | Max Updraft: 9.019 m/s | Pressure Range:[-1.210, 2.416] Pa | Total Smoke Mass: 1766.1 kg
2026-05-07 07:14:57,942 - INFO - Frame 113 | Max Speed: 8.892 m/s | Max Updraft: 8.887 m/s | Pressure Range:[-1.062, 2.318] Pa | Total Smoke Mass: 1784.8 kg
2026-05-07 07:14:57,988 - INFO - Frame 114 | Max Speed: 8.839 m/s | Max Updraft: 8.832 m/s | Pressure Range:[-0.949, 2.206] Pa | Total Smoke Mass: 1802.6 kg
2026-05-07 07:14:58,041 - INFO - Frame 115 | Max Speed: 8.784 m/s | Max Updraft: 8.779 m/s | Pressure Range:[-0.853, 2.114] Pa | Total Smoke Mass: 1819.6 kg
2026-05-07 07:14:58,094 - INFO - Frame 116 | Max Speed: 8.713 m/s | Max Updraft: 8.710 m/s | Pressure Range:[-1.002, 2.179] Pa | Total Smoke Mass: 1835.7 kg
2026-05-07 07:14:58,149 - INFO - Frame 117 | Max Speed: 8.619 m/s | Max Updraft: 8.618 m/s | Pressure Range:[-1.209, 2.281] Pa | Total Smoke Mass: 1852.0 kg
2026-05-07 07:14:58,200 - INFO - Frame 118 | Max Speed: 8.517 m/s | Max Updraft: 8.517 m/s | Pressure Range:[-1.442, 2.365] Pa | Total Smoke Mass: 1867.8 kg
2026-05-07 07:14:58,254 - INFO - Frame 119 | Max Speed: 8.494 m/s | Max Updraft: 8.494 m/s | Pressure Range:[-1.674, 2.493] Pa | Total Smoke Mass: 1882.7 kg
2026-05-07 07:14:58,307 - INFO - Frame 120 | Max Speed: 8.497 m/s | Max Updraft: 8.496 m/s | Pressure Range:[-1.922, 2.599] Pa | Total Smoke Mass: 1896.8 kg
2026-05-07 07:14:58,365 - INFO - Frame 121 | Max Speed: 8.439 m/s | Max Updraft: 8.437 m/s | Pressure Range:[-2.197, 2.679] Pa | Total Smoke Mass: 1911.8 kg
2026-05-07 07:14:58,412 - INFO - Frame 122 | Max Speed: 8.296 m/s | Max Updraft: 8.283 m/s | Pressure Range:[-2.510, 2.779] Pa | Total Smoke Mass: 1926.7 kg
2026-05-07 07:14:58,464 - INFO - Frame 123 | Max Speed: 8.239 m/s | Max Updraft: 8.103 m/s | Pressure Range:[-2.839, 2.844] Pa | Total Smoke Mass: 1941.7 kg
2026-05-07 07:14:58,509 - INFO - Frame 124 | Max Speed: 8.190 m/s | Max Updraft: 7.978 m/s | Pressure Range:[-3.154, 2.866] Pa | Total Smoke Mass: 1959.0 kg
2026-05-07 07:14:58,556 - INFO - Frame 125 | Max Speed: 8.235 m/s | Max Updraft: 8.027 m/s | Pressure Range:[-3.444, 2.890] Pa | Total Smoke Mass: 1976.2 kg
2026-05-07 07:14:58,611 - INFO - Frame 126 | Max Speed: 8.126 m/s | Max Updraft: 7.928 m/s | Pressure Range:[-3.666, 2.922] Pa | Total Smoke Mass: 1991.2 kg
2026-05-07 07:14:58,664 - INFO - Frame 127 | Max Speed: 8.022 m/s | Max Updraft: 7.930 m/s | Pressure Range:[-3.874, 2.966] Pa | Total Smoke Mass: 2001.6 kg
2026-05-07 07:14:58,717 - INFO - Frame 128 | Max Speed: 8.067 m/s | Max Updraft: 7.953 m/s | Pressure Range:[-4.111, 2.980] Pa | Total Smoke Mass: 2012.9 kg
2026-05-07 07:14:58,718 - INFO - --- SIMULATION COMPLETE: Sim_Re_6000 ---
