2026-05-07 07:08:48,949 - INFO - --- STARTING SIMULATION: Sim_Re_3500 ---
2026-05-07 07:08:48,949 - INFO - Target Reynolds Number: 3500 -> Calculated Viscosity (nu): 0.0286
2026-05-07 07:08:48,949 - INFO - Initializing fluid sensors (Velocity, Pressure, Density)...
2026-05-07 07:08:52,331 - INFO - Frame 001 | Max Speed: 0.145 m/s | Max Updraft: 0.144 m/s | Pressure Range:[-0.391, 0.675] Pa | Total Smoke Mass: 38.4 kg
2026-05-07 07:08:52,374 - INFO - Frame 002 | Max Speed: 0.308 m/s | Max Updraft: 0.307 m/s | Pressure Range:[-0.450, 0.782] Pa | Total Smoke Mass: 76.8 kg
2026-05-07 07:08:52,411 - INFO - Frame 003 | Max Speed: 0.482 m/s | Max Updraft: 0.481 m/s | Pressure Range:[-0.507, 0.885] Pa | Total Smoke Mass: 115.1 kg
2026-05-07 07:08:52,448 - INFO - Frame 004 | Max Speed: 0.681 m/s | Max Updraft: 0.681 m/s | Pressure Range:[-0.566, 0.983] Pa | Total Smoke Mass: 153.3 kg
2026-05-07 07:08:52,488 - INFO - Frame 005 | Max Speed: 0.891 m/s | Max Updraft: 0.890 m/s | Pressure Range:[-0.627, 1.078] Pa | Total Smoke Mass: 191.4 kg
2026-05-07 07:08:52,535 - INFO - Frame 006 | Max Speed: 1.132 m/s | Max Updraft: 1.132 m/s | Pressure Range:[-0.683, 1.164] Pa | Total Smoke Mass: 229.1 kg
2026-05-07 07:08:52,572 - INFO - Frame 007 | Max Speed: 1.407 m/s | Max Updraft: 1.406 m/s | Pressure Range:[-0.724, 1.227] Pa | Total Smoke Mass: 266.6 kg
2026-05-07 07:08:52,611 - INFO - Frame 008 | Max Speed: 1.715 m/s | Max Updraft: 1.715 m/s | Pressure Range:[-0.789, 1.287] Pa | Total Smoke Mass: 304.3 kg
2026-05-07 07:08:52,647 - INFO - Frame 009 | Max Speed: 2.048 m/s | Max Updraft: 2.048 m/s | Pressure Range:[-0.906, 1.343] Pa | Total Smoke Mass: 341.9 kg
2026-05-07 07:08:52,683 - INFO - Frame 010 | Max Speed: 2.393 m/s | Max Updraft: 2.393 m/s | Pressure Range:[-1.107, 1.392] Pa | Total Smoke Mass: 379.5 kg
2026-05-07 07:08:52,721 - INFO - Frame 011 | Max Speed: 2.727 m/s | Max Updraft: 2.727 m/s | Pressure Range:[-1.391, 1.441] Pa | Total Smoke Mass: 417.2 kg
2026-05-07 07:08:52,757 - INFO - Frame 012 | Max Speed: 3.035 m/s | Max Updraft: 3.035 m/s | Pressure Range:[-1.729, 1.496] Pa | Total Smoke Mass: 455.6 kg
2026-05-07 07:08:52,794 - INFO - Frame 013 | Max Speed: 3.308 m/s | Max Updraft: 3.308 m/s | Pressure Range:[-2.058, 1.561] Pa | Total Smoke Mass: 494.7 kg
2026-05-07 07:08:52,832 - INFO - Frame 014 | Max Speed: 3.544 m/s | Max Updraft: 3.544 m/s | Pressure Range:[-2.349, 1.620] Pa | Total Smoke Mass: 534.0 kg
2026-05-07 07:08:52,867 - INFO - Frame 015 | Max Speed: 3.750 m/s | Max Updraft: 3.750 m/s | Pressure Range:[-2.573, 1.671] Pa | Total Smoke Mass: 572.3 kg
2026-05-07 07:08:52,902 - INFO - Frame 016 | Max Speed: 3.943 m/s | Max Updraft: 3.943 m/s | Pressure Range:[-2.833, 1.720] Pa | Total Smoke Mass: 609.5 kg
2026-05-07 07:08:52,938 - INFO - Frame 017 | Max Speed: 4.134 m/s | Max Updraft: 4.134 m/s | Pressure Range:[-2.991, 1.760] Pa | Total Smoke Mass: 645.6 kg
2026-05-07 07:08:52,971 - INFO - Frame 018 | Max Speed: 4.307 m/s | Max Updraft: 4.307 m/s | Pressure Range:[-3.054, 1.792] Pa | Total Smoke Mass: 681.1 kg
2026-05-07 07:08:53,004 - INFO - Frame 019 | Max Speed: 4.452 m/s | Max Updraft: 4.452 m/s | Pressure Range:[-3.157, 1.815] Pa | Total Smoke Mass: 715.5 kg
2026-05-07 07:08:53,046 - INFO - Frame 020 | Max Speed: 4.580 m/s | Max Updraft: 4.580 m/s | Pressure Range:[-3.237, 1.822] Pa | Total Smoke Mass: 749.8 kg
2026-05-07 07:08:53,079 - INFO - Frame 021 | Max Speed: 4.712 m/s | Max Updraft: 4.712 m/s | Pressure Range:[-3.264, 1.817] Pa | Total Smoke Mass: 784.2 kg
2026-05-07 07:08:53,112 - INFO - Frame 022 | Max Speed: 4.841 m/s | Max Updraft: 4.841 m/s | Pressure Range:[-3.352, 1.812] Pa | Total Smoke Mass: 819.1 kg
2026-05-07 07:08:53,150 - INFO - Frame 023 | Max Speed: 4.955 m/s | Max Updraft: 4.955 m/s | Pressure Range:[-3.452, 1.826] Pa | Total Smoke Mass: 855.4 kg
2026-05-07 07:08:53,183 - INFO - Frame 024 | Max Speed: 5.059 m/s | Max Updraft: 5.059 m/s | Pressure Range:[-3.495, 1.844] Pa | Total Smoke Mass: 893.2 kg
2026-05-07 07:08:53,215 - INFO - Frame 025 | Max Speed: 5.170 m/s | Max Updraft: 5.170 m/s | Pressure Range:[-3.554, 1.865] Pa | Total Smoke Mass: 932.0 kg
2026-05-07 07:08:53,253 - INFO - Frame 026 | Max Speed: 5.279 m/s | Max Updraft: 5.279 m/s | Pressure Range:[-3.670, 1.896] Pa | Total Smoke Mass: 971.5 kg
2026-05-07 07:08:53,288 - INFO - Frame 027 | Max Speed: 5.390 m/s | Max Updraft: 5.390 m/s | Pressure Range:[-3.732, 1.945] Pa | Total Smoke Mass: 1012.0 kg
2026-05-07 07:08:53,325 - INFO - Frame 028 | Max Speed: 5.509 m/s | Max Updraft: 5.509 m/s | Pressure Range:[-3.792, 1.977] Pa | Total Smoke Mass: 1053.1 kg
2026-05-07 07:08:53,365 - INFO - Frame 029 | Max Speed: 5.623 m/s | Max Updraft: 5.623 m/s | Pressure Range:[-3.828, 2.006] Pa | Total Smoke Mass: 1094.9 kg
2026-05-07 07:08:53,400 - INFO - Frame 030 | Max Speed: 5.724 m/s | Max Updraft: 5.724 m/s | Pressure Range:[-3.908, 2.041] Pa | Total Smoke Mass: 1137.3 kg
2026-05-07 07:08:53,436 - INFO - Frame 031 | Max Speed: 5.823 m/s | Max Updraft: 5.823 m/s | Pressure Range:[-3.923, 2.063] Pa | Total Smoke Mass: 1180.2 kg
2026-05-07 07:08:53,474 - INFO - Frame 032 | Max Speed: 5.928 m/s | Max Updraft: 5.928 m/s | Pressure Range:[-3.940, 2.091] Pa | Total Smoke Mass: 1224.2 kg
2026-05-07 07:08:53,509 - INFO - Frame 033 | Max Speed: 6.028 m/s | Max Updraft: 6.028 m/s | Pressure Range:[-3.939, 2.127] Pa | Total Smoke Mass: 1268.6 kg
2026-05-07 07:08:53,548 - INFO - Frame 034 | Max Speed: 6.129 m/s | Max Updraft: 6.129 m/s | Pressure Range:[-3.966, 2.161] Pa | Total Smoke Mass: 1312.9 kg
2026-05-07 07:08:53,597 - INFO - Frame 035 | Max Speed: 6.240 m/s | Max Updraft: 6.240 m/s | Pressure Range:[-3.983, 2.211] Pa | Total Smoke Mass: 1358.1 kg
2026-05-07 07:08:53,634 - INFO - Frame 036 | Max Speed: 6.332 m/s | Max Updraft: 6.332 m/s | Pressure Range:[-3.965, 2.244] Pa | Total Smoke Mass: 1403.7 kg
2026-05-07 07:08:53,669 - INFO - Frame 037 | Max Speed: 6.434 m/s | Max Updraft: 6.434 m/s | Pressure Range:[-3.986, 2.289] Pa | Total Smoke Mass: 1447.9 kg
2026-05-07 07:08:53,708 - INFO - Frame 038 | Max Speed: 6.519 m/s | Max Updraft: 6.519 m/s | Pressure Range:[-4.018, 2.315] Pa | Total Smoke Mass: 1493.1 kg
2026-05-07 07:08:53,745 - INFO - Frame 039 | Max Speed: 6.599 m/s | Max Updraft: 6.599 m/s | Pressure Range:[-4.042, 2.350] Pa | Total Smoke Mass: 1539.1 kg
2026-05-07 07:08:53,782 - INFO - Frame 040 | Max Speed: 6.695 m/s | Max Updraft: 6.695 m/s | Pressure Range:[-4.041, 2.372] Pa | Total Smoke Mass: 1583.3 kg
2026-05-07 07:08:53,821 - INFO - Frame 041 | Max Speed: 6.770 m/s | Max Updraft: 6.770 m/s | Pressure Range:[-4.052, 2.396] Pa | Total Smoke Mass: 1628.5 kg
2026-05-07 07:08:53,857 - INFO - Frame 042 | Max Speed: 6.869 m/s | Max Updraft: 6.869 m/s | Pressure Range:[-4.109, 2.432] Pa | Total Smoke Mass: 1673.7 kg
2026-05-07 07:08:53,893 - INFO - Frame 043 | Max Speed: 6.950 m/s | Max Updraft: 6.950 m/s | Pressure Range:[-4.170, 2.458] Pa | Total Smoke Mass: 1719.2 kg
2026-05-07 07:08:53,932 - INFO - Frame 044 | Max Speed: 7.031 m/s | Max Updraft: 7.031 m/s | Pressure Range:[-4.215, 2.492] Pa | Total Smoke Mass: 1764.3 kg
2026-05-07 07:08:53,968 - INFO - Frame 045 | Max Speed: 7.120 m/s | Max Updraft: 7.120 m/s | Pressure Range:[-4.251, 2.525] Pa | Total Smoke Mass: 1809.7 kg
2026-05-07 07:08:54,005 - INFO - Frame 046 | Max Speed: 7.184 m/s | Max Updraft: 7.184 m/s | Pressure Range:[-4.291, 2.542] Pa | Total Smoke Mass: 1855.3 kg
2026-05-07 07:08:54,048 - INFO - Frame 047 | Max Speed: 7.272 m/s | Max Updraft: 7.272 m/s | Pressure Range:[-4.347, 2.557] Pa | Total Smoke Mass: 1901.0 kg
2026-05-07 07:08:54,082 - INFO - Frame 048 | Max Speed: 7.351 m/s | Max Updraft: 7.351 m/s | Pressure Range:[-4.420, 2.572] Pa | Total Smoke Mass: 1947.2 kg
2026-05-07 07:08:54,116 - INFO - Frame 049 | Max Speed: 7.426 m/s | Max Updraft: 7.426 m/s | Pressure Range:[-4.507, 2.582] Pa | Total Smoke Mass: 1993.5 kg
2026-05-07 07:08:54,154 - INFO - Frame 050 | Max Speed: 7.526 m/s | Max Updraft: 7.526 m/s | Pressure Range:[-4.603, 2.592] Pa | Total Smoke Mass: 2039.5 kg
2026-05-07 07:08:54,189 - INFO - Frame 051 | Max Speed: 7.600 m/s | Max Updraft: 7.600 m/s | Pressure Range:[-4.708, 2.609] Pa | Total Smoke Mass: 2085.4 kg
2026-05-07 07:08:54,226 - INFO - Frame 052 | Max Speed: 7.693 m/s | Max Updraft: 7.693 m/s | Pressure Range:[-4.804, 2.639] Pa | Total Smoke Mass: 2131.8 kg
2026-05-07 07:08:54,265 - INFO - Frame 053 | Max Speed: 7.778 m/s | Max Updraft: 7.778 m/s | Pressure Range:[-4.903, 2.659] Pa | Total Smoke Mass: 2177.7 kg
2026-05-07 07:08:54,303 - INFO - Frame 054 | Max Speed: 7.845 m/s | Max Updraft: 7.845 m/s | Pressure Range:[-4.998, 2.668] Pa | Total Smoke Mass: 2223.8 kg
2026-05-07 07:08:54,341 - INFO - Frame 055 | Max Speed: 7.949 m/s | Max Updraft: 7.949 m/s | Pressure Range:[-5.085, 2.667] Pa | Total Smoke Mass: 2269.5 kg
2026-05-07 07:08:54,379 - INFO - Frame 056 | Max Speed: 8.027 m/s | Max Updraft: 8.027 m/s | Pressure Range:[-5.197, 2.657] Pa | Total Smoke Mass: 2315.2 kg
2026-05-07 07:08:54,416 - INFO - Frame 057 | Max Speed: 8.120 m/s | Max Updraft: 8.120 m/s | Pressure Range:[-5.326, 2.645] Pa | Total Smoke Mass: 2361.2 kg
2026-05-07 07:08:54,453 - INFO - Frame 058 | Max Speed: 8.221 m/s | Max Updraft: 8.221 m/s | Pressure Range:[-5.444, 2.639] Pa | Total Smoke Mass: 2407.2 kg
2026-05-07 07:08:54,493 - INFO - Frame 059 | Max Speed: 8.297 m/s | Max Updraft: 8.297 m/s | Pressure Range:[-5.539, 2.635] Pa | Total Smoke Mass: 2454.5 kg
2026-05-07 07:08:54,530 - INFO - Frame 060 | Max Speed: 8.407 m/s | Max Updraft: 8.407 m/s | Pressure Range:[-5.601, 2.628] Pa | Total Smoke Mass: 2502.1 kg
2026-05-07 07:08:54,566 - INFO - Frame 061 | Max Speed: 8.477 m/s | Max Updraft: 8.477 m/s | Pressure Range:[-5.634, 2.609] Pa | Total Smoke Mass: 2549.4 kg
2026-05-07 07:08:54,615 - INFO - Frame 062 | Max Speed: 8.566 m/s | Max Updraft: 8.566 m/s | Pressure Range:[-5.676, 2.573] Pa | Total Smoke Mass: 2596.9 kg
2026-05-07 07:08:54,650 - INFO - Frame 063 | Max Speed: 8.651 m/s | Max Updraft: 8.651 m/s | Pressure Range:[-5.720, 2.522] Pa | Total Smoke Mass: 2645.3 kg
2026-05-07 07:08:54,686 - INFO - Frame 064 | Max Speed: 8.717 m/s | Max Updraft: 8.717 m/s | Pressure Range:[-5.750, 2.461] Pa | Total Smoke Mass: 2693.7 kg
2026-05-07 07:08:54,725 - INFO - Frame 065 | Max Speed: 8.815 m/s | Max Updraft: 8.815 m/s | Pressure Range:[-5.763, 2.390] Pa | Total Smoke Mass: 2740.9 kg
2026-05-07 07:08:54,761 - INFO - Frame 066 | Max Speed: 8.893 m/s | Max Updraft: 8.893 m/s | Pressure Range:[-5.764, 2.307] Pa | Total Smoke Mass: 2787.6 kg
2026-05-07 07:08:54,797 - INFO - Frame 067 | Max Speed: 8.995 m/s | Max Updraft: 8.995 m/s | Pressure Range:[-5.788, 2.203] Pa | Total Smoke Mass: 2834.3 kg
2026-05-07 07:08:54,836 - INFO - Frame 068 | Max Speed: 9.072 m/s | Max Updraft: 9.072 m/s | Pressure Range:[-5.803, 2.066] Pa | Total Smoke Mass: 2880.1 kg
2026-05-07 07:08:54,873 - INFO - Frame 069 | Max Speed: 9.159 m/s | Max Updraft: 9.159 m/s | Pressure Range:[-5.805, 1.898] Pa | Total Smoke Mass: 2926.1 kg
2026-05-07 07:08:54,910 - INFO - Frame 070 | Max Speed: 9.224 m/s | Max Updraft: 9.224 m/s | Pressure Range:[-5.823, 1.696] Pa | Total Smoke Mass: 2973.2 kg
2026-05-07 07:08:54,946 - INFO - Frame 071 | Max Speed: 9.295 m/s | Max Updraft: 9.295 m/s | Pressure Range:[-5.819, 1.429] Pa | Total Smoke Mass: 3020.8 kg
2026-05-07 07:08:54,979 - INFO - Frame 072 | Max Speed: 9.364 m/s | Max Updraft: 9.364 m/s | Pressure Range:[-5.831, 1.098] Pa | Total Smoke Mass: 3068.8 kg
2026-05-07 07:08:55,015 - INFO - Frame 073 | Max Speed: 9.433 m/s | Max Updraft: 9.433 m/s | Pressure Range:[-5.804, 0.677] Pa | Total Smoke Mass: 3116.3 kg
2026-05-07 07:08:55,058 - INFO - Frame 074 | Max Speed: 9.509 m/s | Max Updraft: 9.509 m/s | Pressure Range:[-5.745, 0.472] Pa | Total Smoke Mass: 3147.6 kg
2026-05-07 07:08:55,092 - INFO - Frame 075 | Max Speed: 9.583 m/s | Max Updraft: 9.582 m/s | Pressure Range:[-5.606, 0.514] Pa | Total Smoke Mass: 3133.1 kg
2026-05-07 07:08:55,129 - INFO - Frame 076 | Max Speed: 9.642 m/s | Max Updraft: 9.642 m/s | Pressure Range:[-5.370, 0.571] Pa | Total Smoke Mass: 3069.1 kg
2026-05-07 07:08:55,170 - INFO - Frame 077 | Max Speed: 9.630 m/s | Max Updraft: 9.630 m/s | Pressure Range:[-5.090, 0.764] Pa | Total Smoke Mass: 3005.8 kg
2026-05-07 07:08:55,205 - INFO - Frame 078 | Max Speed: 9.710 m/s | Max Updraft: 9.709 m/s | Pressure Range:[-4.903, 0.915] Pa | Total Smoke Mass: 2958.6 kg
2026-05-07 07:08:55,242 - INFO - Frame 079 | Max Speed: 9.765 m/s | Max Updraft: 9.765 m/s | Pressure Range:[-4.842, 1.001] Pa | Total Smoke Mass: 2880.7 kg
2026-05-07 07:08:55,280 - INFO - Frame 080 | Max Speed: 9.832 m/s | Max Updraft: 9.832 m/s | Pressure Range:[-4.784, 1.087] Pa | Total Smoke Mass: 2766.9 kg
2026-05-07 07:08:55,320 - INFO - Frame 081 | Max Speed: 9.886 m/s | Max Updraft: 9.885 m/s | Pressure Range:[-4.714, 1.175] Pa | Total Smoke Mass: 2626.3 kg
2026-05-07 07:08:55,356 - INFO - Frame 082 | Max Speed: 9.910 m/s | Max Updraft: 9.909 m/s | Pressure Range:[-4.618, 1.261] Pa | Total Smoke Mass: 2469.4 kg
2026-05-07 07:08:55,396 - INFO - Frame 083 | Max Speed: 9.912 m/s | Max Updraft: 9.912 m/s | Pressure Range:[-4.493, 1.345] Pa | Total Smoke Mass: 2309.6 kg
2026-05-07 07:08:55,432 - INFO - Frame 084 | Max Speed: 9.904 m/s | Max Updraft: 9.904 m/s | Pressure Range:[-4.377, 1.421] Pa | Total Smoke Mass: 2162.9 kg
2026-05-07 07:08:55,469 - INFO - Frame 085 | Max Speed: 9.866 m/s | Max Updraft: 9.866 m/s | Pressure Range:[-4.270, 1.470] Pa | Total Smoke Mass: 2049.2 kg
2026-05-07 07:08:55,508 - INFO - Frame 086 | Max Speed: 9.766 m/s | Max Updraft: 9.766 m/s | Pressure Range:[-4.221, 1.499] Pa | Total Smoke Mass: 1968.1 kg
2026-05-07 07:08:55,545 - INFO - Frame 087 | Max Speed: 9.699 m/s | Max Updraft: 9.699 m/s | Pressure Range:[-4.142, 1.536] Pa | Total Smoke Mass: 1911.4 kg
2026-05-07 07:08:55,581 - INFO - Frame 088 | Max Speed: 9.685 m/s | Max Updraft: 9.685 m/s | Pressure Range:[-4.066, 1.585] Pa | Total Smoke Mass: 1873.8 kg
2026-05-07 07:08:55,622 - INFO - Frame 089 | Max Speed: 9.678 m/s | Max Updraft: 9.678 m/s | Pressure Range:[-3.954, 1.629] Pa | Total Smoke Mass: 1853.7 kg
2026-05-07 07:08:55,663 - INFO - Frame 090 | Max Speed: 9.622 m/s | Max Updraft: 9.622 m/s | Pressure Range:[-3.882, 1.646] Pa | Total Smoke Mass: 1844.3 kg
2026-05-07 07:08:55,700 - INFO - Frame 091 | Max Speed: 9.541 m/s | Max Updraft: 9.541 m/s | Pressure Range:[-3.781, 1.645] Pa | Total Smoke Mass: 1838.8 kg
2026-05-07 07:08:55,739 - INFO - Frame 092 | Max Speed: 9.470 m/s | Max Updraft: 9.470 m/s | Pressure Range:[-3.699, 1.645] Pa | Total Smoke Mass: 1834.3 kg
2026-05-07 07:08:55,776 - INFO - Frame 093 | Max Speed: 9.426 m/s | Max Updraft: 9.426 m/s | Pressure Range:[-3.578, 1.653] Pa | Total Smoke Mass: 1829.4 kg
2026-05-07 07:08:55,811 - INFO - Frame 094 | Max Speed: 9.403 m/s | Max Updraft: 9.403 m/s | Pressure Range:[-3.457, 1.674] Pa | Total Smoke Mass: 1825.8 kg
2026-05-07 07:08:55,851 - INFO - Frame 095 | Max Speed: 9.359 m/s | Max Updraft: 9.358 m/s | Pressure Range:[-3.351, 1.703] Pa | Total Smoke Mass: 1823.5 kg
2026-05-07 07:08:55,887 - INFO - Frame 096 | Max Speed: 9.315 m/s | Max Updraft: 9.314 m/s | Pressure Range:[-3.232, 1.741] Pa | Total Smoke Mass: 1819.8 kg
2026-05-07 07:08:55,923 - INFO - Frame 097 | Max Speed: 9.351 m/s | Max Updraft: 9.351 m/s | Pressure Range:[-3.137, 1.788] Pa | Total Smoke Mass: 1814.6 kg
2026-05-07 07:08:55,961 - INFO - Frame 098 | Max Speed: 9.385 m/s | Max Updraft: 9.385 m/s | Pressure Range:[-3.025, 1.846] Pa | Total Smoke Mass: 1807.2 kg
2026-05-07 07:08:55,998 - INFO - Frame 099 | Max Speed: 9.390 m/s | Max Updraft: 9.390 m/s | Pressure Range:[-2.954, 1.894] Pa | Total Smoke Mass: 1801.0 kg
2026-05-07 07:08:56,039 - INFO - Frame 100 | Max Speed: 9.353 m/s | Max Updraft: 9.353 m/s | Pressure Range:[-2.895, 1.928] Pa | Total Smoke Mass: 1795.1 kg
2026-05-07 07:08:56,087 - INFO - Frame 101 | Max Speed: 9.301 m/s | Max Updraft: 9.301 m/s | Pressure Range:[-2.867, 1.958] Pa | Total Smoke Mass: 1789.0 kg
2026-05-07 07:08:56,124 - INFO - Frame 102 | Max Speed: 9.258 m/s | Max Updraft: 9.258 m/s | Pressure Range:[-2.844, 2.009] Pa | Total Smoke Mass: 1781.8 kg
2026-05-07 07:08:56,160 - INFO - Frame 103 | Max Speed: 9.255 m/s | Max Updraft: 9.255 m/s | Pressure Range:[-2.801, 2.093] Pa | Total Smoke Mass: 1772.8 kg
2026-05-07 07:08:56,199 - INFO - Frame 104 | Max Speed: 9.269 m/s | Max Updraft: 9.268 m/s | Pressure Range:[-2.732, 2.186] Pa | Total Smoke Mass: 1763.6 kg
2026-05-07 07:08:56,235 - INFO - Frame 105 | Max Speed: 9.261 m/s | Max Updraft: 9.260 m/s | Pressure Range:[-2.664, 2.274] Pa | Total Smoke Mass: 1755.6 kg
2026-05-07 07:08:56,273 - INFO - Frame 106 | Max Speed: 9.227 m/s | Max Updraft: 9.226 m/s | Pressure Range:[-2.570, 2.328] Pa | Total Smoke Mass: 1749.5 kg
2026-05-07 07:08:56,316 - INFO - Frame 107 | Max Speed: 9.189 m/s | Max Updraft: 9.188 m/s | Pressure Range:[-2.415, 2.355] Pa | Total Smoke Mass: 1744.0 kg
2026-05-07 07:08:56,350 - INFO - Frame 108 | Max Speed: 9.166 m/s | Max Updraft: 9.164 m/s | Pressure Range:[-2.248, 2.370] Pa | Total Smoke Mass: 1738.5 kg
2026-05-07 07:08:56,387 - INFO - Frame 109 | Max Speed: 9.151 m/s | Max Updraft: 9.148 m/s | Pressure Range:[-1.995, 2.380] Pa | Total Smoke Mass: 1735.6 kg
2026-05-07 07:08:56,425 - INFO - Frame 110 | Max Speed: 9.120 m/s | Max Updraft: 9.116 m/s | Pressure Range:[-1.734, 2.421] Pa | Total Smoke Mass: 1736.4 kg
2026-05-07 07:08:56,462 - INFO - Frame 111 | Max Speed: 9.060 m/s | Max Updraft: 9.055 m/s | Pressure Range:[-1.477, 2.437] Pa | Total Smoke Mass: 1742.2 kg
2026-05-07 07:08:56,499 - INFO - Frame 112 | Max Speed: 8.980 m/s | Max Updraft: 8.975 m/s | Pressure Range:[-1.247, 2.409] Pa | Total Smoke Mass: 1753.2 kg
2026-05-07 07:08:56,537 - INFO - Frame 113 | Max Speed: 8.876 m/s | Max Updraft: 8.872 m/s | Pressure Range:[-1.066, 2.344] Pa | Total Smoke Mass: 1768.7 kg
2026-05-07 07:08:56,573 - INFO - Frame 114 | Max Speed: 8.822 m/s | Max Updraft: 8.816 m/s | Pressure Range:[-0.948, 2.251] Pa | Total Smoke Mass: 1785.9 kg
2026-05-07 07:08:56,610 - INFO - Frame 115 | Max Speed: 8.774 m/s | Max Updraft: 8.769 m/s | Pressure Range:[-0.865, 2.143] Pa | Total Smoke Mass: 1802.8 kg
2026-05-07 07:08:56,647 - INFO - Frame 116 | Max Speed: 8.703 m/s | Max Updraft: 8.700 m/s | Pressure Range:[-0.800, 2.040] Pa | Total Smoke Mass: 1819.1 kg
2026-05-07 07:08:56,692 - INFO - Frame 117 | Max Speed: 8.615 m/s | Max Updraft: 8.613 m/s | Pressure Range:[-0.810, 2.075] Pa | Total Smoke Mass: 1835.0 kg
2026-05-07 07:08:56,728 - INFO - Frame 118 | Max Speed: 8.520 m/s | Max Updraft: 8.519 m/s | Pressure Range:[-1.003, 2.182] Pa | Total Smoke Mass: 1850.6 kg
2026-05-07 07:08:56,767 - INFO - Frame 119 | Max Speed: 8.434 m/s | Max Updraft: 8.434 m/s | Pressure Range:[-1.227, 2.287] Pa | Total Smoke Mass: 1865.2 kg
2026-05-07 07:08:56,803 - INFO - Frame 120 | Max Speed: 8.362 m/s | Max Updraft: 8.361 m/s | Pressure Range:[-1.468, 2.404] Pa | Total Smoke Mass: 1878.5 kg
2026-05-07 07:08:56,839 - INFO - Frame 121 | Max Speed: 8.319 m/s | Max Updraft: 8.314 m/s | Pressure Range:[-1.737, 2.514] Pa | Total Smoke Mass: 1892.4 kg
2026-05-07 07:08:56,877 - INFO - Frame 122 | Max Speed: 8.223 m/s | Max Updraft: 8.211 m/s | Pressure Range:[-2.039, 2.593] Pa | Total Smoke Mass: 1906.9 kg
2026-05-07 07:08:56,914 - INFO - Frame 123 | Max Speed: 8.138 m/s | Max Updraft: 8.099 m/s | Pressure Range:[-2.377, 2.693] Pa | Total Smoke Mass: 1922.1 kg
2026-05-07 07:08:56,951 - INFO - Frame 124 | Max Speed: 8.120 m/s | Max Updraft: 7.991 m/s | Pressure Range:[-2.689, 2.764] Pa | Total Smoke Mass: 1937.8 kg
2026-05-07 07:08:56,990 - INFO - Frame 125 | Max Speed: 8.123 m/s | Max Updraft: 7.966 m/s | Pressure Range:[-2.978, 2.797] Pa | Total Smoke Mass: 1953.6 kg
2026-05-07 07:08:57,026 - INFO - Frame 126 | Max Speed: 8.034 m/s | Max Updraft: 7.969 m/s | Pressure Range:[-3.246, 2.849] Pa | Total Smoke Mass: 1966.0 kg
2026-05-07 07:08:57,064 - INFO - Frame 127 | Max Speed: 8.017 m/s | Max Updraft: 7.933 m/s | Pressure Range:[-3.455, 2.879] Pa | Total Smoke Mass: 1976.0 kg
2026-05-07 07:08:57,111 - INFO - Frame 128 | Max Speed: 8.041 m/s | Max Updraft: 7.931 m/s | Pressure Range:[-3.705, 2.854] Pa | Total Smoke Mass: 1988.6 kg
2026-05-07 07:08:57,113 - INFO - --- SIMULATION COMPLETE: Sim_Re_3500 ---
