2026-05-07 07:02:45,511 - INFO - --- STARTING SIMULATION: Sim_Re_1500 ---
2026-05-07 07:02:45,511 - INFO - Target Reynolds Number: 1500 -> Calculated Viscosity (nu): 0.0667
2026-05-07 07:02:45,511 - INFO - Initializing fluid sensors (Velocity, Pressure, Density)...
2026-05-07 07:02:48,553 - INFO - Frame 001 | Max Speed: 0.142 m/s | Max Updraft: 0.141 m/s | Pressure Range:[-0.385, 0.670] Pa | Total Smoke Mass: 38.4 kg
2026-05-07 07:02:48,602 - INFO - Frame 002 | Max Speed: 0.300 m/s | Max Updraft: 0.299 m/s | Pressure Range:[-0.445, 0.777] Pa | Total Smoke Mass: 76.8 kg
2026-05-07 07:02:48,639 - INFO - Frame 003 | Max Speed: 0.476 m/s | Max Updraft: 0.476 m/s | Pressure Range:[-0.501, 0.879] Pa | Total Smoke Mass: 115.1 kg
2026-05-07 07:02:48,675 - INFO - Frame 004 | Max Speed: 0.668 m/s | Max Updraft: 0.668 m/s | Pressure Range:[-0.560, 0.977] Pa | Total Smoke Mass: 153.4 kg
2026-05-07 07:02:48,714 - INFO - Frame 005 | Max Speed: 0.884 m/s | Max Updraft: 0.884 m/s | Pressure Range:[-0.621, 1.071] Pa | Total Smoke Mass: 191.4 kg
2026-05-07 07:02:48,751 - INFO - Frame 006 | Max Speed: 1.125 m/s | Max Updraft: 1.125 m/s | Pressure Range:[-0.678, 1.158] Pa | Total Smoke Mass: 229.1 kg
2026-05-07 07:02:48,788 - INFO - Frame 007 | Max Speed: 1.396 m/s | Max Updraft: 1.396 m/s | Pressure Range:[-0.721, 1.223] Pa | Total Smoke Mass: 266.7 kg
2026-05-07 07:02:48,827 - INFO - Frame 008 | Max Speed: 1.701 m/s | Max Updraft: 1.701 m/s | Pressure Range:[-0.779, 1.286] Pa | Total Smoke Mass: 304.5 kg
2026-05-07 07:02:48,862 - INFO - Frame 009 | Max Speed: 2.019 m/s | Max Updraft: 2.019 m/s | Pressure Range:[-0.885, 1.341] Pa | Total Smoke Mass: 342.1 kg
2026-05-07 07:02:48,896 - INFO - Frame 010 | Max Speed: 2.357 m/s | Max Updraft: 2.357 m/s | Pressure Range:[-1.062, 1.391] Pa | Total Smoke Mass: 379.9 kg
2026-05-07 07:02:48,933 - INFO - Frame 011 | Max Speed: 2.683 m/s | Max Updraft: 2.683 m/s | Pressure Range:[-1.323, 1.440] Pa | Total Smoke Mass: 417.6 kg
2026-05-07 07:02:48,969 - INFO - Frame 012 | Max Speed: 2.986 m/s | Max Updraft: 2.986 m/s | Pressure Range:[-1.632, 1.500] Pa | Total Smoke Mass: 456.0 kg
2026-05-07 07:02:49,005 - INFO - Frame 013 | Max Speed: 3.258 m/s | Max Updraft: 3.258 m/s | Pressure Range:[-1.935, 1.565] Pa | Total Smoke Mass: 495.1 kg
2026-05-07 07:02:49,044 - INFO - Frame 014 | Max Speed: 3.497 m/s | Max Updraft: 3.497 m/s | Pressure Range:[-2.201, 1.625] Pa | Total Smoke Mass: 534.5 kg
2026-05-07 07:02:49,081 - INFO - Frame 015 | Max Speed: 3.708 m/s | Max Updraft: 3.708 m/s | Pressure Range:[-2.433, 1.676] Pa | Total Smoke Mass: 572.7 kg
2026-05-07 07:02:49,118 - INFO - Frame 016 | Max Speed: 3.904 m/s | Max Updraft: 3.904 m/s | Pressure Range:[-2.689, 1.723] Pa | Total Smoke Mass: 610.1 kg
2026-05-07 07:02:49,157 - INFO - Frame 017 | Max Speed: 4.095 m/s | Max Updraft: 4.095 m/s | Pressure Range:[-2.862, 1.767] Pa | Total Smoke Mass: 646.4 kg
2026-05-07 07:02:49,191 - INFO - Frame 018 | Max Speed: 4.268 m/s | Max Updraft: 4.268 m/s | Pressure Range:[-2.950, 1.800] Pa | Total Smoke Mass: 681.4 kg
2026-05-07 07:02:49,224 - INFO - Frame 019 | Max Speed: 4.414 m/s | Max Updraft: 4.414 m/s | Pressure Range:[-3.043, 1.821] Pa | Total Smoke Mass: 716.4 kg
2026-05-07 07:02:49,265 - INFO - Frame 020 | Max Speed: 4.549 m/s | Max Updraft: 4.549 m/s | Pressure Range:[-3.145, 1.826] Pa | Total Smoke Mass: 750.4 kg
2026-05-07 07:02:49,298 - INFO - Frame 021 | Max Speed: 4.681 m/s | Max Updraft: 4.681 m/s | Pressure Range:[-3.190, 1.820] Pa | Total Smoke Mass: 785.2 kg
2026-05-07 07:02:49,330 - INFO - Frame 022 | Max Speed: 4.809 m/s | Max Updraft: 4.809 m/s | Pressure Range:[-3.257, 1.818] Pa | Total Smoke Mass: 820.0 kg
2026-05-07 07:02:49,368 - INFO - Frame 023 | Max Speed: 4.923 m/s | Max Updraft: 4.923 m/s | Pressure Range:[-3.377, 1.829] Pa | Total Smoke Mass: 856.1 kg
2026-05-07 07:02:49,406 - INFO - Frame 024 | Max Speed: 5.026 m/s | Max Updraft: 5.026 m/s | Pressure Range:[-3.435, 1.845] Pa | Total Smoke Mass: 894.2 kg
2026-05-07 07:02:49,444 - INFO - Frame 025 | Max Speed: 5.133 m/s | Max Updraft: 5.133 m/s | Pressure Range:[-3.507, 1.863] Pa | Total Smoke Mass: 933.5 kg
2026-05-07 07:02:49,483 - INFO - Frame 026 | Max Speed: 5.240 m/s | Max Updraft: 5.240 m/s | Pressure Range:[-3.578, 1.900] Pa | Total Smoke Mass: 973.6 kg
2026-05-07 07:02:49,516 - INFO - Frame 027 | Max Speed: 5.349 m/s | Max Updraft: 5.349 m/s | Pressure Range:[-3.646, 1.945] Pa | Total Smoke Mass: 1014.5 kg
2026-05-07 07:02:49,553 - INFO - Frame 028 | Max Speed: 5.464 m/s | Max Updraft: 5.464 m/s | Pressure Range:[-3.724, 1.972] Pa | Total Smoke Mass: 1056.0 kg
2026-05-07 07:02:49,592 - INFO - Frame 029 | Max Speed: 5.574 m/s | Max Updraft: 5.574 m/s | Pressure Range:[-3.752, 2.005] Pa | Total Smoke Mass: 1098.0 kg
2026-05-07 07:02:49,634 - INFO - Frame 030 | Max Speed: 5.672 m/s | Max Updraft: 5.672 m/s | Pressure Range:[-3.800, 2.035] Pa | Total Smoke Mass: 1140.8 kg
2026-05-07 07:02:49,669 - INFO - Frame 031 | Max Speed: 5.765 m/s | Max Updraft: 5.765 m/s | Pressure Range:[-3.840, 2.051] Pa | Total Smoke Mass: 1183.9 kg
2026-05-07 07:02:49,721 - INFO - Frame 032 | Max Speed: 5.867 m/s | Max Updraft: 5.867 m/s | Pressure Range:[-3.867, 2.083] Pa | Total Smoke Mass: 1228.0 kg
2026-05-07 07:02:49,772 - INFO - Frame 033 | Max Speed: 5.964 m/s | Max Updraft: 5.964 m/s | Pressure Range:[-3.841, 2.114] Pa | Total Smoke Mass: 1272.2 kg
2026-05-07 07:02:49,823 - INFO - Frame 034 | Max Speed: 6.062 m/s | Max Updraft: 6.062 m/s | Pressure Range:[-3.882, 2.149] Pa | Total Smoke Mass: 1316.1 kg
2026-05-07 07:02:49,872 - INFO - Frame 035 | Max Speed: 6.167 m/s | Max Updraft: 6.167 m/s | Pressure Range:[-3.927, 2.193] Pa | Total Smoke Mass: 1360.8 kg
2026-05-07 07:02:49,920 - INFO - Frame 036 | Max Speed: 6.259 m/s | Max Updraft: 6.259 m/s | Pressure Range:[-3.935, 2.228] Pa | Total Smoke Mass: 1405.7 kg
2026-05-07 07:02:49,967 - INFO - Frame 037 | Max Speed: 6.355 m/s | Max Updraft: 6.355 m/s | Pressure Range:[-3.933, 2.268] Pa | Total Smoke Mass: 1450.0 kg
2026-05-07 07:02:50,016 - INFO - Frame 038 | Max Speed: 6.438 m/s | Max Updraft: 6.438 m/s | Pressure Range:[-3.985, 2.296] Pa | Total Smoke Mass: 1495.3 kg
2026-05-07 07:02:50,067 - INFO - Frame 039 | Max Speed: 6.517 m/s | Max Updraft: 6.517 m/s | Pressure Range:[-4.035, 2.327] Pa | Total Smoke Mass: 1540.8 kg
2026-05-07 07:02:50,113 - INFO - Frame 040 | Max Speed: 6.603 m/s | Max Updraft: 6.603 m/s | Pressure Range:[-4.060, 2.349] Pa | Total Smoke Mass: 1585.4 kg
2026-05-07 07:02:50,171 - INFO - Frame 041 | Max Speed: 6.679 m/s | Max Updraft: 6.679 m/s | Pressure Range:[-4.090, 2.370] Pa | Total Smoke Mass: 1630.7 kg
2026-05-07 07:02:50,220 - INFO - Frame 042 | Max Speed: 6.773 m/s | Max Updraft: 6.773 m/s | Pressure Range:[-4.114, 2.406] Pa | Total Smoke Mass: 1675.6 kg
2026-05-07 07:02:50,264 - INFO - Frame 043 | Max Speed: 6.853 m/s | Max Updraft: 6.853 m/s | Pressure Range:[-4.178, 2.431] Pa | Total Smoke Mass: 1720.0 kg
2026-05-07 07:02:50,316 - INFO - Frame 044 | Max Speed: 6.932 m/s | Max Updraft: 6.932 m/s | Pressure Range:[-4.237, 2.463] Pa | Total Smoke Mass: 1765.6 kg
2026-05-07 07:02:50,364 - INFO - Frame 045 | Max Speed: 7.016 m/s | Max Updraft: 7.016 m/s | Pressure Range:[-4.279, 2.494] Pa | Total Smoke Mass: 1810.1 kg
2026-05-07 07:02:50,413 - INFO - Frame 046 | Max Speed: 7.079 m/s | Max Updraft: 7.079 m/s | Pressure Range:[-4.330, 2.508] Pa | Total Smoke Mass: 1854.8 kg
2026-05-07 07:02:50,466 - INFO - Frame 047 | Max Speed: 7.161 m/s | Max Updraft: 7.161 m/s | Pressure Range:[-4.395, 2.521] Pa | Total Smoke Mass: 1900.2 kg
2026-05-07 07:02:50,511 - INFO - Frame 048 | Max Speed: 7.236 m/s | Max Updraft: 7.236 m/s | Pressure Range:[-4.469, 2.537] Pa | Total Smoke Mass: 1945.7 kg
2026-05-07 07:02:50,554 - INFO - Frame 049 | Max Speed: 7.311 m/s | Max Updraft: 7.311 m/s | Pressure Range:[-4.544, 2.541] Pa | Total Smoke Mass: 1991.2 kg
2026-05-07 07:02:50,602 - INFO - Frame 050 | Max Speed: 7.399 m/s | Max Updraft: 7.399 m/s | Pressure Range:[-4.628, 2.548] Pa | Total Smoke Mass: 2036.8 kg
2026-05-07 07:02:50,651 - INFO - Frame 051 | Max Speed: 7.471 m/s | Max Updraft: 7.471 m/s | Pressure Range:[-4.727, 2.567] Pa | Total Smoke Mass: 2083.3 kg
2026-05-07 07:02:50,701 - INFO - Frame 052 | Max Speed: 7.559 m/s | Max Updraft: 7.559 m/s | Pressure Range:[-4.818, 2.593] Pa | Total Smoke Mass: 2129.6 kg
2026-05-07 07:02:50,752 - INFO - Frame 053 | Max Speed: 7.635 m/s | Max Updraft: 7.635 m/s | Pressure Range:[-4.900, 2.611] Pa | Total Smoke Mass: 2176.0 kg
2026-05-07 07:02:50,799 - INFO - Frame 054 | Max Speed: 7.708 m/s | Max Updraft: 7.708 m/s | Pressure Range:[-4.972, 2.616] Pa | Total Smoke Mass: 2222.1 kg
2026-05-07 07:02:50,844 - INFO - Frame 055 | Max Speed: 7.792 m/s | Max Updraft: 7.792 m/s | Pressure Range:[-5.034, 2.612] Pa | Total Smoke Mass: 2268.5 kg
2026-05-07 07:02:50,895 - INFO - Frame 056 | Max Speed: 7.863 m/s | Max Updraft: 7.863 m/s | Pressure Range:[-5.144, 2.598] Pa | Total Smoke Mass: 2315.3 kg
2026-05-07 07:02:50,940 - INFO - Frame 057 | Max Speed: 7.946 m/s | Max Updraft: 7.946 m/s | Pressure Range:[-5.257, 2.584] Pa | Total Smoke Mass: 2362.2 kg
2026-05-07 07:02:50,985 - INFO - Frame 058 | Max Speed: 8.033 m/s | Max Updraft: 8.033 m/s | Pressure Range:[-5.360, 2.580] Pa | Total Smoke Mass: 2409.0 kg
2026-05-07 07:02:51,040 - INFO - Frame 059 | Max Speed: 8.106 m/s | Max Updraft: 8.106 m/s | Pressure Range:[-5.436, 2.580] Pa | Total Smoke Mass: 2456.5 kg
2026-05-07 07:02:51,084 - INFO - Frame 060 | Max Speed: 8.199 m/s | Max Updraft: 8.199 m/s | Pressure Range:[-5.482, 2.574] Pa | Total Smoke Mass: 2504.9 kg
2026-05-07 07:02:51,129 - INFO - Frame 061 | Max Speed: 8.269 m/s | Max Updraft: 8.269 m/s | Pressure Range:[-5.508, 2.557] Pa | Total Smoke Mass: 2552.9 kg
2026-05-07 07:02:51,180 - INFO - Frame 062 | Max Speed: 8.351 m/s | Max Updraft: 8.351 m/s | Pressure Range:[-5.559, 2.522] Pa | Total Smoke Mass: 2601.1 kg
2026-05-07 07:02:51,224 - INFO - Frame 063 | Max Speed: 8.426 m/s | Max Updraft: 8.426 m/s | Pressure Range:[-5.607, 2.469] Pa | Total Smoke Mass: 2649.0 kg
2026-05-07 07:02:51,272 - INFO - Frame 064 | Max Speed: 8.498 m/s | Max Updraft: 8.498 m/s | Pressure Range:[-5.647, 2.400] Pa | Total Smoke Mass: 2696.1 kg
2026-05-07 07:02:51,331 - INFO - Frame 065 | Max Speed: 8.586 m/s | Max Updraft: 8.586 m/s | Pressure Range:[-5.677, 2.320] Pa | Total Smoke Mass: 2743.5 kg
2026-05-07 07:02:51,377 - INFO - Frame 066 | Max Speed: 8.657 m/s | Max Updraft: 8.657 m/s | Pressure Range:[-5.693, 2.240] Pa | Total Smoke Mass: 2790.6 kg
2026-05-07 07:02:51,423 - INFO - Frame 067 | Max Speed: 8.744 m/s | Max Updraft: 8.744 m/s | Pressure Range:[-5.714, 2.148] Pa | Total Smoke Mass: 2837.4 kg
2026-05-07 07:02:51,475 - INFO - Frame 068 | Max Speed: 8.820 m/s | Max Updraft: 8.820 m/s | Pressure Range:[-5.737, 2.029] Pa | Total Smoke Mass: 2884.4 kg
2026-05-07 07:02:51,526 - INFO - Frame 069 | Max Speed: 8.897 m/s | Max Updraft: 8.897 m/s | Pressure Range:[-5.746, 1.871] Pa | Total Smoke Mass: 2931.1 kg
2026-05-07 07:02:51,576 - INFO - Frame 070 | Max Speed: 8.964 m/s | Max Updraft: 8.964 m/s | Pressure Range:[-5.745, 1.662] Pa | Total Smoke Mass: 2977.5 kg
2026-05-07 07:02:51,627 - INFO - Frame 071 | Max Speed: 9.027 m/s | Max Updraft: 9.027 m/s | Pressure Range:[-5.747, 1.428] Pa | Total Smoke Mass: 3023.9 kg
2026-05-07 07:02:51,673 - INFO - Frame 072 | Max Speed: 9.098 m/s | Max Updraft: 9.098 m/s | Pressure Range:[-5.726, 1.127] Pa | Total Smoke Mass: 3070.0 kg
2026-05-07 07:02:51,721 - INFO - Frame 073 | Max Speed: 9.165 m/s | Max Updraft: 9.165 m/s | Pressure Range:[-5.708, 0.737] Pa | Total Smoke Mass: 3117.2 kg
2026-05-07 07:02:51,776 - INFO - Frame 074 | Max Speed: 9.239 m/s | Max Updraft: 9.239 m/s | Pressure Range:[-5.643, 0.452] Pa | Total Smoke Mass: 3158.3 kg
2026-05-07 07:02:51,826 - INFO - Frame 075 | Max Speed: 9.315 m/s | Max Updraft: 9.315 m/s | Pressure Range:[-5.527, 0.487] Pa | Total Smoke Mass: 3161.0 kg
2026-05-07 07:02:51,872 - INFO - Frame 076 | Max Speed: 9.383 m/s | Max Updraft: 9.383 m/s | Pressure Range:[-5.311, 0.534] Pa | Total Smoke Mass: 3107.7 kg
2026-05-07 07:02:51,926 - INFO - Frame 077 | Max Speed: 9.390 m/s | Max Updraft: 9.390 m/s | Pressure Range:[-5.047, 0.671] Pa | Total Smoke Mass: 3040.2 kg
2026-05-07 07:02:51,975 - INFO - Frame 078 | Max Speed: 9.412 m/s | Max Updraft: 9.412 m/s | Pressure Range:[-4.815, 0.836] Pa | Total Smoke Mass: 2993.6 kg
2026-05-07 07:02:52,023 - INFO - Frame 079 | Max Speed: 9.449 m/s | Max Updraft: 9.449 m/s | Pressure Range:[-4.733, 0.931] Pa | Total Smoke Mass: 2942.5 kg
2026-05-07 07:02:52,078 - INFO - Frame 080 | Max Speed: 9.512 m/s | Max Updraft: 9.512 m/s | Pressure Range:[-4.697, 1.001] Pa | Total Smoke Mass: 2859.7 kg
2026-05-07 07:02:52,131 - INFO - Frame 081 | Max Speed: 9.557 m/s | Max Updraft: 9.557 m/s | Pressure Range:[-4.649, 1.077] Pa | Total Smoke Mass: 2739.2 kg
2026-05-07 07:02:52,182 - INFO - Frame 082 | Max Speed: 9.594 m/s | Max Updraft: 9.594 m/s | Pressure Range:[-4.568, 1.164] Pa | Total Smoke Mass: 2579.8 kg
2026-05-07 07:02:52,247 - INFO - Frame 083 | Max Speed: 9.615 m/s | Max Updraft: 9.615 m/s | Pressure Range:[-4.448, 1.262] Pa | Total Smoke Mass: 2406.3 kg
2026-05-07 07:02:52,296 - INFO - Frame 084 | Max Speed: 9.602 m/s | Max Updraft: 9.602 m/s | Pressure Range:[-4.328, 1.362] Pa | Total Smoke Mass: 2246.5 kg
2026-05-07 07:02:52,339 - INFO - Frame 085 | Max Speed: 9.613 m/s | Max Updraft: 9.613 m/s | Pressure Range:[-4.217, 1.448] Pa | Total Smoke Mass: 2116.6 kg
2026-05-07 07:02:52,375 - INFO - Frame 086 | Max Speed: 9.586 m/s | Max Updraft: 9.586 m/s | Pressure Range:[-4.150, 1.505] Pa | Total Smoke Mass: 2022.7 kg
2026-05-07 07:02:52,410 - INFO - Frame 087 | Max Speed: 9.521 m/s | Max Updraft: 9.521 m/s | Pressure Range:[-4.127, 1.547] Pa | Total Smoke Mass: 1955.0 kg
2026-05-07 07:02:52,448 - INFO - Frame 088 | Max Speed: 9.477 m/s | Max Updraft: 9.476 m/s | Pressure Range:[-4.079, 1.591] Pa | Total Smoke Mass: 1907.2 kg
2026-05-07 07:02:52,485 - INFO - Frame 089 | Max Speed: 9.439 m/s | Max Updraft: 9.439 m/s | Pressure Range:[-4.054, 1.625] Pa | Total Smoke Mass: 1880.1 kg
2026-05-07 07:02:52,521 - INFO - Frame 090 | Max Speed: 9.372 m/s | Max Updraft: 9.372 m/s | Pressure Range:[-4.055, 1.643] Pa | Total Smoke Mass: 1865.2 kg
2026-05-07 07:02:52,559 - INFO - Frame 091 | Max Speed: 9.296 m/s | Max Updraft: 9.296 m/s | Pressure Range:[-4.050, 1.641] Pa | Total Smoke Mass: 1855.5 kg
2026-05-07 07:02:52,595 - INFO - Frame 092 | Max Speed: 9.275 m/s | Max Updraft: 9.275 m/s | Pressure Range:[-4.015, 1.638] Pa | Total Smoke Mass: 1847.3 kg
2026-05-07 07:02:52,632 - INFO - Frame 093 | Max Speed: 9.282 m/s | Max Updraft: 9.282 m/s | Pressure Range:[-3.957, 1.640] Pa | Total Smoke Mass: 1839.8 kg
2026-05-07 07:02:52,670 - INFO - Frame 094 | Max Speed: 9.266 m/s | Max Updraft: 9.266 m/s | Pressure Range:[-3.889, 1.649] Pa | Total Smoke Mass: 1833.7 kg
2026-05-07 07:02:52,707 - INFO - Frame 095 | Max Speed: 9.230 m/s | Max Updraft: 9.230 m/s | Pressure Range:[-3.802, 1.662] Pa | Total Smoke Mass: 1828.8 kg
2026-05-07 07:02:52,744 - INFO - Frame 096 | Max Speed: 9.193 m/s | Max Updraft: 9.193 m/s | Pressure Range:[-3.744, 1.683] Pa | Total Smoke Mass: 1823.3 kg
2026-05-07 07:02:52,783 - INFO - Frame 097 | Max Speed: 9.142 m/s | Max Updraft: 9.141 m/s | Pressure Range:[-3.661, 1.713] Pa | Total Smoke Mass: 1816.7 kg
2026-05-07 07:02:52,831 - INFO - Frame 098 | Max Speed: 9.127 m/s | Max Updraft: 9.127 m/s | Pressure Range:[-3.560, 1.743] Pa | Total Smoke Mass: 1808.6 kg
2026-05-07 07:02:52,869 - INFO - Frame 099 | Max Speed: 9.117 m/s | Max Updraft: 9.117 m/s | Pressure Range:[-3.479, 1.762] Pa | Total Smoke Mass: 1801.5 kg
2026-05-07 07:02:52,906 - INFO - Frame 100 | Max Speed: 9.091 m/s | Max Updraft: 9.090 m/s | Pressure Range:[-3.391, 1.772] Pa | Total Smoke Mass: 1795.4 kg
2026-05-07 07:02:52,942 - INFO - Frame 101 | Max Speed: 9.047 m/s | Max Updraft: 9.046 m/s | Pressure Range:[-3.295, 1.780] Pa | Total Smoke Mass: 1789.5 kg
2026-05-07 07:02:52,977 - INFO - Frame 102 | Max Speed: 9.018 m/s | Max Updraft: 9.017 m/s | Pressure Range:[-3.181, 1.811] Pa | Total Smoke Mass: 1782.0 kg
2026-05-07 07:02:53,014 - INFO - Frame 103 | Max Speed: 9.020 m/s | Max Updraft: 9.019 m/s | Pressure Range:[-3.049, 1.868] Pa | Total Smoke Mass: 1773.0 kg
2026-05-07 07:02:53,049 - INFO - Frame 104 | Max Speed: 9.033 m/s | Max Updraft: 9.033 m/s | Pressure Range:[-2.906, 1.940] Pa | Total Smoke Mass: 1763.9 kg
2026-05-07 07:02:53,085 - INFO - Frame 105 | Max Speed: 9.030 m/s | Max Updraft: 9.030 m/s | Pressure Range:[-2.754, 2.008] Pa | Total Smoke Mass: 1755.4 kg
2026-05-07 07:02:53,123 - INFO - Frame 106 | Max Speed: 9.002 m/s | Max Updraft: 9.002 m/s | Pressure Range:[-2.593, 2.054] Pa | Total Smoke Mass: 1748.4 kg
2026-05-07 07:02:53,160 - INFO - Frame 107 | Max Speed: 8.969 m/s | Max Updraft: 8.969 m/s | Pressure Range:[-2.388, 2.080] Pa | Total Smoke Mass: 1742.8 kg
2026-05-07 07:02:53,195 - INFO - Frame 108 | Max Speed: 8.945 m/s | Max Updraft: 8.945 m/s | Pressure Range:[-2.180, 2.089] Pa | Total Smoke Mass: 1738.5 kg
2026-05-07 07:02:53,236 - INFO - Frame 109 | Max Speed: 8.923 m/s | Max Updraft: 8.923 m/s | Pressure Range:[-1.994, 2.093] Pa | Total Smoke Mass: 1735.4 kg
2026-05-07 07:02:53,273 - INFO - Frame 110 | Max Speed: 8.887 m/s | Max Updraft: 8.887 m/s | Pressure Range:[-1.804, 2.098] Pa | Total Smoke Mass: 1734.0 kg
2026-05-07 07:02:53,308 - INFO - Frame 111 | Max Speed: 8.832 m/s | Max Updraft: 8.832 m/s | Pressure Range:[-1.608, 2.097] Pa | Total Smoke Mass: 1735.0 kg
2026-05-07 07:02:53,348 - INFO - Frame 112 | Max Speed: 8.764 m/s | Max Updraft: 8.764 m/s | Pressure Range:[-1.408, 2.071] Pa | Total Smoke Mass: 1739.0 kg
2026-05-07 07:02:53,384 - INFO - Frame 113 | Max Speed: 8.700 m/s | Max Updraft: 8.698 m/s | Pressure Range:[-1.213, 2.024] Pa | Total Smoke Mass: 1745.6 kg
2026-05-07 07:02:53,421 - INFO - Frame 114 | Max Speed: 8.670 m/s | Max Updraft: 8.667 m/s | Pressure Range:[-1.051, 1.953] Pa | Total Smoke Mass: 1754.1 kg
2026-05-07 07:02:53,460 - INFO - Frame 115 | Max Speed: 8.632 m/s | Max Updraft: 8.629 m/s | Pressure Range:[-0.931, 1.863] Pa | Total Smoke Mass: 1764.2 kg
2026-05-07 07:02:53,498 - INFO - Frame 116 | Max Speed: 8.583 m/s | Max Updraft: 8.580 m/s | Pressure Range:[-0.831, 1.761] Pa | Total Smoke Mass: 1775.2 kg
2026-05-07 07:02:53,535 - INFO - Frame 117 | Max Speed: 8.528 m/s | Max Updraft: 8.525 m/s | Pressure Range:[-0.771, 1.649] Pa | Total Smoke Mass: 1786.3 kg
2026-05-07 07:02:53,574 - INFO - Frame 118 | Max Speed: 8.471 m/s | Max Updraft: 8.469 m/s | Pressure Range:[-0.717, 1.605] Pa | Total Smoke Mass: 1796.9 kg
2026-05-07 07:02:53,611 - INFO - Frame 119 | Max Speed: 8.410 m/s | Max Updraft: 8.408 m/s | Pressure Range:[-0.675, 1.700] Pa | Total Smoke Mass: 1807.4 kg
2026-05-07 07:02:53,648 - INFO - Frame 120 | Max Speed: 8.342 m/s | Max Updraft: 8.341 m/s | Pressure Range:[-0.633, 1.791] Pa | Total Smoke Mass: 1817.4 kg
2026-05-07 07:02:53,686 - INFO - Frame 121 | Max Speed: 8.262 m/s | Max Updraft: 8.260 m/s | Pressure Range:[-0.595, 1.878] Pa | Total Smoke Mass: 1827.8 kg
2026-05-07 07:02:53,723 - INFO - Frame 122 | Max Speed: 8.212 m/s | Max Updraft: 8.209 m/s | Pressure Range:[-0.734, 1.963] Pa | Total Smoke Mass: 1837.5 kg
2026-05-07 07:02:53,758 - INFO - Frame 123 | Max Speed: 8.202 m/s | Max Updraft: 8.201 m/s | Pressure Range:[-0.937, 2.035] Pa | Total Smoke Mass: 1846.6 kg
2026-05-07 07:02:53,798 - INFO - Frame 124 | Max Speed: 8.167 m/s | Max Updraft: 8.167 m/s | Pressure Range:[-1.151, 2.124] Pa | Total Smoke Mass: 1855.3 kg
2026-05-07 07:02:53,836 - INFO - Frame 125 | Max Speed: 8.081 m/s | Max Updraft: 8.078 m/s | Pressure Range:[-1.372, 2.209] Pa | Total Smoke Mass: 1864.4 kg
2026-05-07 07:02:53,890 - INFO - Frame 126 | Max Speed: 8.103 m/s | Max Updraft: 8.085 m/s | Pressure Range:[-1.590, 2.285] Pa | Total Smoke Mass: 1873.5 kg
2026-05-07 07:02:53,928 - INFO - Frame 127 | Max Speed: 8.050 m/s | Max Updraft: 7.996 m/s | Pressure Range:[-1.812, 2.326] Pa | Total Smoke Mass: 1883.7 kg
2026-05-07 07:02:53,964 - INFO - Frame 128 | Max Speed: 8.061 m/s | Max Updraft: 7.935 m/s | Pressure Range:[-2.089, 2.340] Pa | Total Smoke Mass: 1894.2 kg
2026-05-07 07:02:53,965 - INFO - --- SIMULATION COMPLETE: Sim_Re_1500 ---
