2026-05-07 06:59:46,442 - INFO - --- STARTING SIMULATION: Sim_Re_1000 ---
2026-05-07 06:59:46,443 - INFO - Target Reynolds Number: 1000 -> Calculated Viscosity (nu): 0.1000
2026-05-07 06:59:46,443 - INFO - Initializing fluid sensors (Velocity, Pressure, Density)...
2026-05-07 06:59:49,738 - INFO - Frame 001 | Max Speed: 0.139 m/s | Max Updraft: 0.139 m/s | Pressure Range:[-0.381, 0.666] Pa | Total Smoke Mass: 38.4 kg
2026-05-07 06:59:49,778 - INFO - Frame 002 | Max Speed: 0.294 m/s | Max Updraft: 0.294 m/s | Pressure Range:[-0.440, 0.772] Pa | Total Smoke Mass: 76.8 kg
2026-05-07 06:59:49,816 - INFO - Frame 003 | Max Speed: 0.471 m/s | Max Updraft: 0.471 m/s | Pressure Range:[-0.496, 0.874] Pa | Total Smoke Mass: 115.1 kg
2026-05-07 06:59:49,853 - INFO - Frame 004 | Max Speed: 0.662 m/s | Max Updraft: 0.662 m/s | Pressure Range:[-0.555, 0.971] Pa | Total Smoke Mass: 153.4 kg
2026-05-07 06:59:49,893 - INFO - Frame 005 | Max Speed: 0.881 m/s | Max Updraft: 0.881 m/s | Pressure Range:[-0.616, 1.066] Pa | Total Smoke Mass: 191.4 kg
2026-05-07 06:59:49,929 - INFO - Frame 006 | Max Speed: 1.121 m/s | Max Updraft: 1.121 m/s | Pressure Range:[-0.673, 1.153] Pa | Total Smoke Mass: 229.1 kg
2026-05-07 06:59:49,965 - INFO - Frame 007 | Max Speed: 1.388 m/s | Max Updraft: 1.388 m/s | Pressure Range:[-0.719, 1.218] Pa | Total Smoke Mass: 266.8 kg
2026-05-07 06:59:50,004 - INFO - Frame 008 | Max Speed: 1.689 m/s | Max Updraft: 1.689 m/s | Pressure Range:[-0.772, 1.284] Pa | Total Smoke Mass: 304.5 kg
2026-05-07 06:59:50,040 - INFO - Frame 009 | Max Speed: 2.003 m/s | Max Updraft: 2.003 m/s | Pressure Range:[-0.870, 1.339] Pa | Total Smoke Mass: 342.2 kg
2026-05-07 06:59:50,080 - INFO - Frame 010 | Max Speed: 2.328 m/s | Max Updraft: 2.328 m/s | Pressure Range:[-1.027, 1.388] Pa | Total Smoke Mass: 380.1 kg
2026-05-07 06:59:50,119 - INFO - Frame 011 | Max Speed: 2.649 m/s | Max Updraft: 2.648 m/s | Pressure Range:[-1.268, 1.438] Pa | Total Smoke Mass: 417.9 kg
2026-05-07 06:59:50,155 - INFO - Frame 012 | Max Speed: 2.947 m/s | Max Updraft: 2.947 m/s | Pressure Range:[-1.555, 1.501] Pa | Total Smoke Mass: 456.3 kg
2026-05-07 06:59:50,192 - INFO - Frame 013 | Max Speed: 3.217 m/s | Max Updraft: 3.217 m/s | Pressure Range:[-1.839, 1.567] Pa | Total Smoke Mass: 495.3 kg
2026-05-07 06:59:50,231 - INFO - Frame 014 | Max Speed: 3.458 m/s | Max Updraft: 3.458 m/s | Pressure Range:[-2.088, 1.627] Pa | Total Smoke Mass: 534.6 kg
2026-05-07 06:59:50,268 - INFO - Frame 015 | Max Speed: 3.672 m/s | Max Updraft: 3.672 m/s | Pressure Range:[-2.325, 1.677] Pa | Total Smoke Mass: 573.1 kg
2026-05-07 06:59:50,303 - INFO - Frame 016 | Max Speed: 3.869 m/s | Max Updraft: 3.869 m/s | Pressure Range:[-2.575, 1.725] Pa | Total Smoke Mass: 610.7 kg
2026-05-07 06:59:50,342 - INFO - Frame 017 | Max Speed: 4.060 m/s | Max Updraft: 4.060 m/s | Pressure Range:[-2.756, 1.771] Pa | Total Smoke Mass: 647.3 kg
2026-05-07 06:59:50,377 - INFO - Frame 018 | Max Speed: 4.232 m/s | Max Updraft: 4.232 m/s | Pressure Range:[-2.860, 1.803] Pa | Total Smoke Mass: 682.1 kg
2026-05-07 06:59:50,412 - INFO - Frame 019 | Max Speed: 4.379 m/s | Max Updraft: 4.379 m/s | Pressure Range:[-2.947, 1.824] Pa | Total Smoke Mass: 717.3 kg
2026-05-07 06:59:50,449 - INFO - Frame 020 | Max Speed: 4.518 m/s | Max Updraft: 4.518 m/s | Pressure Range:[-3.060, 1.829] Pa | Total Smoke Mass: 751.6 kg
2026-05-07 06:59:50,482 - INFO - Frame 021 | Max Speed: 4.651 m/s | Max Updraft: 4.651 m/s | Pressure Range:[-3.120, 1.822] Pa | Total Smoke Mass: 786.4 kg
2026-05-07 06:59:50,516 - INFO - Frame 022 | Max Speed: 4.779 m/s | Max Updraft: 4.779 m/s | Pressure Range:[-3.199, 1.821] Pa | Total Smoke Mass: 820.7 kg
2026-05-07 06:59:50,551 - INFO - Frame 023 | Max Speed: 4.892 m/s | Max Updraft: 4.892 m/s | Pressure Range:[-3.304, 1.831] Pa | Total Smoke Mass: 857.3 kg
2026-05-07 06:59:50,596 - INFO - Frame 024 | Max Speed: 4.995 m/s | Max Updraft: 4.995 m/s | Pressure Range:[-3.374, 1.844] Pa | Total Smoke Mass: 895.4 kg
2026-05-07 06:59:50,629 - INFO - Frame 025 | Max Speed: 5.100 m/s | Max Updraft: 5.100 m/s | Pressure Range:[-3.457, 1.859] Pa | Total Smoke Mass: 934.9 kg
2026-05-07 06:59:50,667 - INFO - Frame 026 | Max Speed: 5.206 m/s | Max Updraft: 5.206 m/s | Pressure Range:[-3.497, 1.898] Pa | Total Smoke Mass: 975.1 kg
2026-05-07 06:59:50,703 - INFO - Frame 027 | Max Speed: 5.313 m/s | Max Updraft: 5.313 m/s | Pressure Range:[-3.573, 1.939] Pa | Total Smoke Mass: 1016.4 kg
2026-05-07 06:59:50,738 - INFO - Frame 028 | Max Speed: 5.425 m/s | Max Updraft: 5.425 m/s | Pressure Range:[-3.658, 1.967] Pa | Total Smoke Mass: 1058.0 kg
2026-05-07 06:59:50,778 - INFO - Frame 029 | Max Speed: 5.533 m/s | Max Updraft: 5.533 m/s | Pressure Range:[-3.699, 1.994] Pa | Total Smoke Mass: 1100.0 kg
2026-05-07 06:59:50,814 - INFO - Frame 030 | Max Speed: 5.629 m/s | Max Updraft: 5.629 m/s | Pressure Range:[-3.711, 2.028] Pa | Total Smoke Mass: 1143.1 kg
2026-05-07 06:59:50,851 - INFO - Frame 031 | Max Speed: 5.721 m/s | Max Updraft: 5.721 m/s | Pressure Range:[-3.774, 2.039] Pa | Total Smoke Mass: 1186.3 kg
2026-05-07 06:59:50,890 - INFO - Frame 032 | Max Speed: 5.814 m/s | Max Updraft: 5.814 m/s | Pressure Range:[-3.808, 2.072] Pa | Total Smoke Mass: 1230.3 kg
2026-05-07 06:59:50,925 - INFO - Frame 033 | Max Speed: 5.910 m/s | Max Updraft: 5.910 m/s | Pressure Range:[-3.797, 2.099] Pa | Total Smoke Mass: 1274.5 kg
2026-05-07 06:59:50,962 - INFO - Frame 034 | Max Speed: 6.007 m/s | Max Updraft: 6.007 m/s | Pressure Range:[-3.823, 2.133] Pa | Total Smoke Mass: 1318.7 kg
2026-05-07 06:59:51,002 - INFO - Frame 035 | Max Speed: 6.103 m/s | Max Updraft: 6.103 m/s | Pressure Range:[-3.876, 2.174] Pa | Total Smoke Mass: 1363.1 kg
2026-05-07 06:59:51,039 - INFO - Frame 036 | Max Speed: 6.196 m/s | Max Updraft: 6.196 m/s | Pressure Range:[-3.899, 2.208] Pa | Total Smoke Mass: 1408.0 kg
2026-05-07 06:59:51,079 - INFO - Frame 037 | Max Speed: 6.284 m/s | Max Updraft: 6.284 m/s | Pressure Range:[-3.922, 2.245] Pa | Total Smoke Mass: 1452.1 kg
2026-05-07 06:59:51,117 - INFO - Frame 038 | Max Speed: 6.367 m/s | Max Updraft: 6.367 m/s | Pressure Range:[-3.944, 2.271] Pa | Total Smoke Mass: 1497.2 kg
2026-05-07 06:59:51,153 - INFO - Frame 039 | Max Speed: 6.442 m/s | Max Updraft: 6.442 m/s | Pressure Range:[-4.005, 2.300] Pa | Total Smoke Mass: 1542.1 kg
2026-05-07 06:59:51,189 - INFO - Frame 040 | Max Speed: 6.526 m/s | Max Updraft: 6.526 m/s | Pressure Range:[-4.039, 2.321] Pa | Total Smoke Mass: 1587.2 kg
2026-05-07 06:59:51,231 - INFO - Frame 041 | Max Speed: 6.598 m/s | Max Updraft: 6.598 m/s | Pressure Range:[-4.092, 2.344] Pa | Total Smoke Mass: 1632.2 kg
2026-05-07 06:59:51,287 - INFO - Frame 042 | Max Speed: 6.683 m/s | Max Updraft: 6.683 m/s | Pressure Range:[-4.129, 2.376] Pa | Total Smoke Mass: 1676.4 kg
2026-05-07 06:59:51,340 - INFO - Frame 043 | Max Speed: 6.767 m/s | Max Updraft: 6.767 m/s | Pressure Range:[-4.153, 2.398] Pa | Total Smoke Mass: 1721.0 kg
2026-05-07 06:59:51,395 - INFO - Frame 044 | Max Speed: 6.843 m/s | Max Updraft: 6.843 m/s | Pressure Range:[-4.202, 2.434] Pa | Total Smoke Mass: 1766.1 kg
2026-05-07 06:59:51,441 - INFO - Frame 045 | Max Speed: 6.920 m/s | Max Updraft: 6.920 m/s | Pressure Range:[-4.271, 2.463] Pa | Total Smoke Mass: 1810.5 kg
2026-05-07 06:59:51,491 - INFO - Frame 046 | Max Speed: 6.988 m/s | Max Updraft: 6.988 m/s | Pressure Range:[-4.328, 2.475] Pa | Total Smoke Mass: 1855.1 kg
2026-05-07 06:59:51,548 - INFO - Frame 047 | Max Speed: 7.065 m/s | Max Updraft: 7.065 m/s | Pressure Range:[-4.390, 2.493] Pa | Total Smoke Mass: 1900.0 kg
2026-05-07 06:59:51,609 - INFO - Frame 048 | Max Speed: 7.134 m/s | Max Updraft: 7.134 m/s | Pressure Range:[-4.458, 2.507] Pa | Total Smoke Mass: 1945.8 kg
2026-05-07 06:59:51,673 - INFO - Frame 049 | Max Speed: 7.204 m/s | Max Updraft: 7.204 m/s | Pressure Range:[-4.531, 2.508] Pa | Total Smoke Mass: 1991.6 kg
2026-05-07 06:59:51,737 - INFO - Frame 050 | Max Speed: 7.290 m/s | Max Updraft: 7.290 m/s | Pressure Range:[-4.622, 2.514] Pa | Total Smoke Mass: 2037.6 kg
2026-05-07 06:59:51,785 - INFO - Frame 051 | Max Speed: 7.358 m/s | Max Updraft: 7.358 m/s | Pressure Range:[-4.710, 2.541] Pa | Total Smoke Mass: 2083.6 kg
2026-05-07 06:59:51,834 - INFO - Frame 052 | Max Speed: 7.441 m/s | Max Updraft: 7.441 m/s | Pressure Range:[-4.784, 2.560] Pa | Total Smoke Mass: 2129.3 kg
2026-05-07 06:59:51,886 - INFO - Frame 053 | Max Speed: 7.514 m/s | Max Updraft: 7.514 m/s | Pressure Range:[-4.845, 2.573] Pa | Total Smoke Mass: 2175.9 kg
2026-05-07 06:59:51,932 - INFO - Frame 054 | Max Speed: 7.581 m/s | Max Updraft: 7.581 m/s | Pressure Range:[-4.892, 2.574] Pa | Total Smoke Mass: 2222.1 kg
2026-05-07 06:59:51,981 - INFO - Frame 055 | Max Speed: 7.662 m/s | Max Updraft: 7.662 m/s | Pressure Range:[-4.980, 2.566] Pa | Total Smoke Mass: 2268.2 kg
2026-05-07 06:59:52,039 - INFO - Frame 056 | Max Speed: 7.727 m/s | Max Updraft: 7.727 m/s | Pressure Range:[-5.079, 2.561] Pa | Total Smoke Mass: 2314.6 kg
2026-05-07 06:59:52,088 - INFO - Frame 057 | Max Speed: 7.806 m/s | Max Updraft: 7.806 m/s | Pressure Range:[-5.174, 2.555] Pa | Total Smoke Mass: 2360.8 kg
2026-05-07 06:59:52,137 - INFO - Frame 058 | Max Speed: 7.880 m/s | Max Updraft: 7.880 m/s | Pressure Range:[-5.255, 2.550] Pa | Total Smoke Mass: 2407.3 kg
2026-05-07 06:59:52,195 - INFO - Frame 059 | Max Speed: 7.953 m/s | Max Updraft: 7.953 m/s | Pressure Range:[-5.324, 2.549] Pa | Total Smoke Mass: 2454.4 kg
2026-05-07 06:59:52,244 - INFO - Frame 060 | Max Speed: 8.034 m/s | Max Updraft: 8.034 m/s | Pressure Range:[-5.380, 2.544] Pa | Total Smoke Mass: 2501.8 kg
2026-05-07 06:59:52,292 - INFO - Frame 061 | Max Speed: 8.102 m/s | Max Updraft: 8.102 m/s | Pressure Range:[-5.420, 2.527] Pa | Total Smoke Mass: 2549.1 kg
2026-05-07 06:59:52,351 - INFO - Frame 062 | Max Speed: 8.180 m/s | Max Updraft: 8.180 m/s | Pressure Range:[-5.446, 2.493] Pa | Total Smoke Mass: 2597.1 kg
2026-05-07 06:59:52,399 - INFO - Frame 063 | Max Speed: 8.250 m/s | Max Updraft: 8.249 m/s | Pressure Range:[-5.491, 2.441] Pa | Total Smoke Mass: 2644.0 kg
2026-05-07 06:59:52,454 - INFO - Frame 064 | Max Speed: 8.319 m/s | Max Updraft: 8.319 m/s | Pressure Range:[-5.531, 2.375] Pa | Total Smoke Mass: 2691.1 kg
2026-05-07 06:59:52,503 - INFO - Frame 065 | Max Speed: 8.397 m/s | Max Updraft: 8.397 m/s | Pressure Range:[-5.565, 2.297] Pa | Total Smoke Mass: 2737.9 kg
2026-05-07 06:59:52,555 - INFO - Frame 066 | Max Speed: 8.464 m/s | Max Updraft: 8.463 m/s | Pressure Range:[-5.585, 2.211] Pa | Total Smoke Mass: 2785.3 kg
2026-05-07 06:59:52,603 - INFO - Frame 067 | Max Speed: 8.549 m/s | Max Updraft: 8.549 m/s | Pressure Range:[-5.595, 2.110] Pa | Total Smoke Mass: 2832.0 kg
2026-05-07 06:59:52,656 - INFO - Frame 068 | Max Speed: 8.620 m/s | Max Updraft: 8.620 m/s | Pressure Range:[-5.600, 1.992] Pa | Total Smoke Mass: 2878.4 kg
2026-05-07 06:59:52,706 - INFO - Frame 069 | Max Speed: 8.691 m/s | Max Updraft: 8.691 m/s | Pressure Range:[-5.617, 1.850] Pa | Total Smoke Mass: 2925.6 kg
2026-05-07 06:59:52,763 - INFO - Frame 070 | Max Speed: 8.762 m/s | Max Updraft: 8.762 m/s | Pressure Range:[-5.620, 1.663] Pa | Total Smoke Mass: 2972.2 kg
2026-05-07 06:59:52,810 - INFO - Frame 071 | Max Speed: 8.824 m/s | Max Updraft: 8.824 m/s | Pressure Range:[-5.599, 1.426] Pa | Total Smoke Mass: 3017.9 kg
2026-05-07 06:59:52,866 - INFO - Frame 072 | Max Speed: 8.894 m/s | Max Updraft: 8.894 m/s | Pressure Range:[-5.554, 1.149] Pa | Total Smoke Mass: 3063.8 kg
2026-05-07 06:59:52,913 - INFO - Frame 073 | Max Speed: 8.964 m/s | Max Updraft: 8.964 m/s | Pressure Range:[-5.517, 0.805] Pa | Total Smoke Mass: 3109.7 kg
2026-05-07 06:59:52,967 - INFO - Frame 074 | Max Speed: 9.042 m/s | Max Updraft: 9.042 m/s | Pressure Range:[-5.445, 0.435] Pa | Total Smoke Mass: 3153.8 kg
2026-05-07 06:59:53,014 - INFO - Frame 075 | Max Speed: 9.119 m/s | Max Updraft: 9.119 m/s | Pressure Range:[-5.335, 0.467] Pa | Total Smoke Mass: 3168.3 kg
2026-05-07 06:59:53,064 - INFO - Frame 076 | Max Speed: 9.190 m/s | Max Updraft: 9.190 m/s | Pressure Range:[-5.146, 0.510] Pa | Total Smoke Mass: 3128.6 kg
2026-05-07 06:59:53,116 - INFO - Frame 077 | Max Speed: 9.219 m/s | Max Updraft: 9.219 m/s | Pressure Range:[-4.900, 0.596] Pa | Total Smoke Mass: 3060.9 kg
2026-05-07 06:59:53,177 - INFO - Frame 078 | Max Speed: 9.209 m/s | Max Updraft: 9.209 m/s | Pressure Range:[-4.657, 0.762] Pa | Total Smoke Mass: 3010.4 kg
2026-05-07 06:59:53,228 - INFO - Frame 079 | Max Speed: 9.250 m/s | Max Updraft: 9.250 m/s | Pressure Range:[-4.527, 0.873] Pa | Total Smoke Mass: 2973.7 kg
2026-05-07 06:59:53,291 - INFO - Frame 080 | Max Speed: 9.251 m/s | Max Updraft: 9.251 m/s | Pressure Range:[-4.488, 0.933] Pa | Total Smoke Mass: 2917.3 kg
2026-05-07 06:59:53,335 - INFO - Frame 081 | Max Speed: 9.298 m/s | Max Updraft: 9.298 m/s | Pressure Range:[-4.459, 0.994] Pa | Total Smoke Mass: 2825.1 kg
2026-05-07 06:59:53,392 - INFO - Frame 082 | Max Speed: 9.343 m/s | Max Updraft: 9.343 m/s | Pressure Range:[-4.400, 1.073] Pa | Total Smoke Mass: 2679.8 kg
2026-05-07 06:59:53,440 - INFO - Frame 083 | Max Speed: 9.376 m/s | Max Updraft: 9.376 m/s | Pressure Range:[-4.306, 1.175] Pa | Total Smoke Mass: 2500.2 kg
2026-05-07 06:59:53,493 - INFO - Frame 084 | Max Speed: 9.388 m/s | Max Updraft: 9.388 m/s | Pressure Range:[-4.188, 1.290] Pa | Total Smoke Mass: 2327.1 kg
2026-05-07 06:59:53,545 - INFO - Frame 085 | Max Speed: 9.384 m/s | Max Updraft: 9.384 m/s | Pressure Range:[-4.096, 1.400] Pa | Total Smoke Mass: 2183.8 kg
2026-05-07 06:59:53,600 - INFO - Frame 086 | Max Speed: 9.404 m/s | Max Updraft: 9.404 m/s | Pressure Range:[-4.054, 1.484] Pa | Total Smoke Mass: 2078.5 kg
2026-05-07 06:59:53,650 - INFO - Frame 087 | Max Speed: 9.379 m/s | Max Updraft: 9.379 m/s | Pressure Range:[-4.053, 1.543] Pa | Total Smoke Mass: 2002.5 kg
2026-05-07 06:59:53,703 - INFO - Frame 088 | Max Speed: 9.328 m/s | Max Updraft: 9.328 m/s | Pressure Range:[-4.081, 1.587] Pa | Total Smoke Mass: 1948.6 kg
2026-05-07 06:59:53,757 - INFO - Frame 089 | Max Speed: 9.267 m/s | Max Updraft: 9.266 m/s | Pressure Range:[-4.104, 1.615] Pa | Total Smoke Mass: 1913.5 kg
2026-05-07 06:59:53,826 - INFO - Frame 090 | Max Speed: 9.193 m/s | Max Updraft: 9.193 m/s | Pressure Range:[-4.104, 1.623] Pa | Total Smoke Mass: 1891.2 kg
2026-05-07 06:59:53,877 - INFO - Frame 091 | Max Speed: 9.124 m/s | Max Updraft: 9.124 m/s | Pressure Range:[-4.116, 1.616] Pa | Total Smoke Mass: 1875.6 kg
2026-05-07 06:59:53,936 - INFO - Frame 092 | Max Speed: 9.080 m/s | Max Updraft: 9.080 m/s | Pressure Range:[-4.077, 1.605] Pa | Total Smoke Mass: 1863.2 kg
2026-05-07 06:59:53,983 - INFO - Frame 093 | Max Speed: 9.055 m/s | Max Updraft: 9.055 m/s | Pressure Range:[-4.037, 1.596] Pa | Total Smoke Mass: 1854.2 kg
2026-05-07 06:59:54,025 - INFO - Frame 094 | Max Speed: 9.032 m/s | Max Updraft: 9.032 m/s | Pressure Range:[-3.957, 1.593] Pa | Total Smoke Mass: 1847.3 kg
2026-05-07 06:59:54,071 - INFO - Frame 095 | Max Speed: 9.003 m/s | Max Updraft: 9.003 m/s | Pressure Range:[-3.884, 1.597] Pa | Total Smoke Mass: 1842.1 kg
2026-05-07 06:59:54,107 - INFO - Frame 096 | Max Speed: 8.980 m/s | Max Updraft: 8.980 m/s | Pressure Range:[-3.797, 1.605] Pa | Total Smoke Mass: 1836.8 kg
2026-05-07 06:59:54,146 - INFO - Frame 097 | Max Speed: 8.961 m/s | Max Updraft: 8.961 m/s | Pressure Range:[-3.698, 1.616] Pa | Total Smoke Mass: 1830.3 kg
2026-05-07 06:59:54,184 - INFO - Frame 098 | Max Speed: 8.952 m/s | Max Updraft: 8.952 m/s | Pressure Range:[-3.602, 1.623] Pa | Total Smoke Mass: 1822.1 kg
2026-05-07 06:59:54,221 - INFO - Frame 099 | Max Speed: 8.936 m/s | Max Updraft: 8.936 m/s | Pressure Range:[-3.491, 1.620] Pa | Total Smoke Mass: 1814.2 kg
2026-05-07 06:59:54,265 - INFO - Frame 100 | Max Speed: 8.903 m/s | Max Updraft: 8.903 m/s | Pressure Range:[-3.374, 1.603] Pa | Total Smoke Mass: 1807.6 kg
2026-05-07 06:59:54,302 - INFO - Frame 101 | Max Speed: 8.856 m/s | Max Updraft: 8.856 m/s | Pressure Range:[-3.254, 1.590] Pa | Total Smoke Mass: 1801.7 kg
2026-05-07 06:59:54,341 - INFO - Frame 102 | Max Speed: 8.820 m/s | Max Updraft: 8.820 m/s | Pressure Range:[-3.123, 1.600] Pa | Total Smoke Mass: 1793.9 kg
2026-05-07 06:59:54,381 - INFO - Frame 103 | Max Speed: 8.807 m/s | Max Updraft: 8.807 m/s | Pressure Range:[-2.977, 1.640] Pa | Total Smoke Mass: 1784.7 kg
2026-05-07 06:59:54,418 - INFO - Frame 104 | Max Speed: 8.802 m/s | Max Updraft: 8.802 m/s | Pressure Range:[-2.826, 1.696] Pa | Total Smoke Mass: 1776.4 kg
2026-05-07 06:59:54,455 - INFO - Frame 105 | Max Speed: 8.782 m/s | Max Updraft: 8.782 m/s | Pressure Range:[-2.674, 1.743] Pa | Total Smoke Mass: 1769.2 kg
2026-05-07 06:59:54,494 - INFO - Frame 106 | Max Speed: 8.749 m/s | Max Updraft: 8.749 m/s | Pressure Range:[-2.515, 1.771] Pa | Total Smoke Mass: 1761.8 kg
2026-05-07 06:59:54,531 - INFO - Frame 107 | Max Speed: 8.720 m/s | Max Updraft: 8.720 m/s | Pressure Range:[-2.341, 1.785] Pa | Total Smoke Mass: 1754.0 kg
2026-05-07 06:59:54,570 - INFO - Frame 108 | Max Speed: 8.705 m/s | Max Updraft: 8.704 m/s | Pressure Range:[-2.173, 1.797] Pa | Total Smoke Mass: 1745.9 kg
2026-05-07 06:59:54,607 - INFO - Frame 109 | Max Speed: 8.696 m/s | Max Updraft: 8.695 m/s | Pressure Range:[-1.985, 1.815] Pa | Total Smoke Mass: 1738.3 kg
2026-05-07 06:59:54,643 - INFO - Frame 110 | Max Speed: 8.677 m/s | Max Updraft: 8.676 m/s | Pressure Range:[-1.816, 1.832] Pa | Total Smoke Mass: 1732.2 kg
2026-05-07 06:59:54,679 - INFO - Frame 111 | Max Speed: 8.640 m/s | Max Updraft: 8.638 m/s | Pressure Range:[-1.636, 1.832] Pa | Total Smoke Mass: 1727.8 kg
2026-05-07 06:59:54,718 - INFO - Frame 112 | Max Speed: 8.590 m/s | Max Updraft: 8.589 m/s | Pressure Range:[-1.490, 1.809] Pa | Total Smoke Mass: 1725.4 kg
2026-05-07 06:59:54,755 - INFO - Frame 113 | Max Speed: 8.533 m/s | Max Updraft: 8.532 m/s | Pressure Range:[-1.335, 1.771] Pa | Total Smoke Mass: 1724.4 kg
2026-05-07 06:59:54,792 - INFO - Frame 114 | Max Speed: 8.530 m/s | Max Updraft: 8.528 m/s | Pressure Range:[-1.185, 1.714] Pa | Total Smoke Mass: 1725.1 kg
2026-05-07 06:59:54,845 - INFO - Frame 115 | Max Speed: 8.524 m/s | Max Updraft: 8.522 m/s | Pressure Range:[-1.056, 1.645] Pa | Total Smoke Mass: 1728.2 kg
2026-05-07 06:59:54,882 - INFO - Frame 116 | Max Speed: 8.503 m/s | Max Updraft: 8.501 m/s | Pressure Range:[-0.950, 1.563] Pa | Total Smoke Mass: 1733.6 kg
2026-05-07 06:59:54,918 - INFO - Frame 117 | Max Speed: 8.470 m/s | Max Updraft: 8.469 m/s | Pressure Range:[-0.858, 1.471] Pa | Total Smoke Mass: 1740.2 kg
2026-05-07 06:59:54,959 - INFO - Frame 118 | Max Speed: 8.425 m/s | Max Updraft: 8.424 m/s | Pressure Range:[-0.776, 1.363] Pa | Total Smoke Mass: 1747.4 kg
2026-05-07 06:59:54,996 - INFO - Frame 119 | Max Speed: 8.364 m/s | Max Updraft: 8.364 m/s | Pressure Range:[-0.704, 1.396] Pa | Total Smoke Mass: 1754.8 kg
2026-05-07 06:59:55,033 - INFO - Frame 120 | Max Speed: 8.287 m/s | Max Updraft: 8.287 m/s | Pressure Range:[-0.656, 1.437] Pa | Total Smoke Mass: 1761.8 kg
2026-05-07 06:59:55,072 - INFO - Frame 121 | Max Speed: 8.236 m/s | Max Updraft: 8.236 m/s | Pressure Range:[-0.629, 1.476] Pa | Total Smoke Mass: 1769.0 kg
2026-05-07 06:59:55,107 - INFO - Frame 122 | Max Speed: 8.232 m/s | Max Updraft: 8.232 m/s | Pressure Range:[-0.615, 1.509] Pa | Total Smoke Mass: 1776.8 kg
2026-05-07 06:59:55,144 - INFO - Frame 123 | Max Speed: 8.202 m/s | Max Updraft: 8.201 m/s | Pressure Range:[-0.614, 1.559] Pa | Total Smoke Mass: 1784.2 kg
2026-05-07 06:59:55,182 - INFO - Frame 124 | Max Speed: 8.110 m/s | Max Updraft: 8.104 m/s | Pressure Range:[-0.633, 1.619] Pa | Total Smoke Mass: 1790.3 kg
2026-05-07 06:59:55,218 - INFO - Frame 125 | Max Speed: 7.998 m/s | Max Updraft: 7.986 m/s | Pressure Range:[-0.644, 1.678] Pa | Total Smoke Mass: 1794.4 kg
2026-05-07 06:59:55,255 - INFO - Frame 126 | Max Speed: 8.029 m/s | Max Updraft: 7.999 m/s | Pressure Range:[-0.660, 1.733] Pa | Total Smoke Mass: 1799.2 kg
2026-05-07 06:59:55,298 - INFO - Frame 127 | Max Speed: 8.026 m/s | Max Updraft: 7.962 m/s | Pressure Range:[-0.795, 1.771] Pa | Total Smoke Mass: 1805.0 kg
2026-05-07 06:59:55,335 - INFO - Frame 128 | Max Speed: 7.986 m/s | Max Updraft: 7.874 m/s | Pressure Range:[-0.972, 1.777] Pa | Total Smoke Mass: 1811.5 kg
2026-05-07 06:59:55,336 - INFO - --- SIMULATION COMPLETE: Sim_Re_1000 ---
