2026-05-07 06:53:49,272 - INFO - --- STARTING SIMULATION: Sim_Re_400 ---
2026-05-07 06:53:49,272 - INFO - Target Reynolds Number: 400 -> Calculated Viscosity (nu): 0.2500
2026-05-07 06:53:49,272 - INFO - Initializing fluid sensors (Velocity, Pressure, Density)...
2026-05-07 06:53:52,245 - INFO - Frame 001 | Max Speed: 0.135 m/s | Max Updraft: 0.135 m/s | Pressure Range:[-0.364, 0.649] Pa | Total Smoke Mass: 38.4 kg
2026-05-07 06:53:52,287 - INFO - Frame 002 | Max Speed: 0.285 m/s | Max Updraft: 0.284 m/s | Pressure Range:[-0.421, 0.753] Pa | Total Smoke Mass: 76.8 kg
2026-05-07 06:53:52,330 - INFO - Frame 003 | Max Speed: 0.459 m/s | Max Updraft: 0.459 m/s | Pressure Range:[-0.476, 0.853] Pa | Total Smoke Mass: 115.1 kg
2026-05-07 06:53:52,370 - INFO - Frame 004 | Max Speed: 0.655 m/s | Max Updraft: 0.655 m/s | Pressure Range:[-0.533, 0.949] Pa | Total Smoke Mass: 153.4 kg
2026-05-07 06:53:52,407 - INFO - Frame 005 | Max Speed: 0.870 m/s | Max Updraft: 0.870 m/s | Pressure Range:[-0.594, 1.042] Pa | Total Smoke Mass: 191.5 kg
2026-05-07 06:53:52,444 - INFO - Frame 006 | Max Speed: 1.107 m/s | Max Updraft: 1.107 m/s | Pressure Range:[-0.652, 1.130] Pa | Total Smoke Mass: 229.2 kg
2026-05-07 06:53:52,480 - INFO - Frame 007 | Max Speed: 1.363 m/s | Max Updraft: 1.363 m/s | Pressure Range:[-0.707, 1.199] Pa | Total Smoke Mass: 266.9 kg
2026-05-07 06:53:52,517 - INFO - Frame 008 | Max Speed: 1.638 m/s | Max Updraft: 1.638 m/s | Pressure Range:[-0.764, 1.274] Pa | Total Smoke Mass: 304.7 kg
2026-05-07 06:53:52,556 - INFO - Frame 009 | Max Speed: 1.936 m/s | Max Updraft: 1.936 m/s | Pressure Range:[-0.818, 1.326] Pa | Total Smoke Mass: 342.5 kg
2026-05-07 06:53:52,591 - INFO - Frame 010 | Max Speed: 2.235 m/s | Max Updraft: 2.235 m/s | Pressure Range:[-0.926, 1.379] Pa | Total Smoke Mass: 380.6 kg
2026-05-07 06:53:52,627 - INFO - Frame 011 | Max Speed: 2.525 m/s | Max Updraft: 2.525 m/s | Pressure Range:[-1.089, 1.438] Pa | Total Smoke Mass: 418.8 kg
2026-05-07 06:53:52,660 - INFO - Frame 012 | Max Speed: 2.802 m/s | Max Updraft: 2.802 m/s | Pressure Range:[-1.285, 1.500] Pa | Total Smoke Mass: 457.5 kg
2026-05-07 06:53:52,695 - INFO - Frame 013 | Max Speed: 3.062 m/s | Max Updraft: 3.062 m/s | Pressure Range:[-1.508, 1.566] Pa | Total Smoke Mass: 496.8 kg
2026-05-07 06:53:52,732 - INFO - Frame 014 | Max Speed: 3.300 m/s | Max Updraft: 3.300 m/s | Pressure Range:[-1.740, 1.628] Pa | Total Smoke Mass: 536.0 kg
2026-05-07 06:53:52,768 - INFO - Frame 015 | Max Speed: 3.517 m/s | Max Updraft: 3.517 m/s | Pressure Range:[-1.944, 1.682] Pa | Total Smoke Mass: 574.9 kg
2026-05-07 06:53:52,803 - INFO - Frame 016 | Max Speed: 3.713 m/s | Max Updraft: 3.713 m/s | Pressure Range:[-2.162, 1.727] Pa | Total Smoke Mass: 613.2 kg
2026-05-07 06:53:52,838 - INFO - Frame 017 | Max Speed: 3.902 m/s | Max Updraft: 3.902 m/s | Pressure Range:[-2.351, 1.767] Pa | Total Smoke Mass: 650.0 kg
2026-05-07 06:53:52,872 - INFO - Frame 018 | Max Speed: 4.073 m/s | Max Updraft: 4.073 m/s | Pressure Range:[-2.488, 1.803] Pa | Total Smoke Mass: 685.5 kg
2026-05-07 06:53:52,905 - INFO - Frame 019 | Max Speed: 4.219 m/s | Max Updraft: 4.219 m/s | Pressure Range:[-2.587, 1.827] Pa | Total Smoke Mass: 720.4 kg
2026-05-07 06:53:52,942 - INFO - Frame 020 | Max Speed: 4.370 m/s | Max Updraft: 4.370 m/s | Pressure Range:[-2.699, 1.834] Pa | Total Smoke Mass: 754.9 kg
2026-05-07 06:53:52,975 - INFO - Frame 021 | Max Speed: 4.503 m/s | Max Updraft: 4.503 m/s | Pressure Range:[-2.797, 1.827] Pa | Total Smoke Mass: 790.2 kg
2026-05-07 06:53:53,007 - INFO - Frame 022 | Max Speed: 4.627 m/s | Max Updraft: 4.627 m/s | Pressure Range:[-2.896, 1.821] Pa | Total Smoke Mass: 826.0 kg
2026-05-07 06:53:53,043 - INFO - Frame 023 | Max Speed: 4.741 m/s | Max Updraft: 4.741 m/s | Pressure Range:[-2.987, 1.825] Pa | Total Smoke Mass: 862.0 kg
2026-05-07 06:53:53,076 - INFO - Frame 024 | Max Speed: 4.845 m/s | Max Updraft: 4.844 m/s | Pressure Range:[-3.066, 1.833] Pa | Total Smoke Mass: 900.6 kg
2026-05-07 06:53:53,109 - INFO - Frame 025 | Max Speed: 4.945 m/s | Max Updraft: 4.945 m/s | Pressure Range:[-3.160, 1.843] Pa | Total Smoke Mass: 939.2 kg
2026-05-07 06:53:53,148 - INFO - Frame 026 | Max Speed: 5.049 m/s | Max Updraft: 5.049 m/s | Pressure Range:[-3.234, 1.875] Pa | Total Smoke Mass: 979.9 kg
2026-05-07 06:53:53,182 - INFO - Frame 027 | Max Speed: 5.153 m/s | Max Updraft: 5.153 m/s | Pressure Range:[-3.282, 1.911] Pa | Total Smoke Mass: 1020.8 kg
2026-05-07 06:53:53,218 - INFO - Frame 028 | Max Speed: 5.254 m/s | Max Updraft: 5.254 m/s | Pressure Range:[-3.356, 1.932] Pa | Total Smoke Mass: 1063.8 kg
2026-05-07 06:53:53,260 - INFO - Frame 029 | Max Speed: 5.349 m/s | Max Updraft: 5.349 m/s | Pressure Range:[-3.428, 1.959] Pa | Total Smoke Mass: 1106.5 kg
2026-05-07 06:53:53,296 - INFO - Frame 030 | Max Speed: 5.438 m/s | Max Updraft: 5.438 m/s | Pressure Range:[-3.465, 1.985] Pa | Total Smoke Mass: 1150.5 kg
2026-05-07 06:53:53,340 - INFO - Frame 031 | Max Speed: 5.524 m/s | Max Updraft: 5.524 m/s | Pressure Range:[-3.504, 1.997] Pa | Total Smoke Mass: 1195.0 kg
2026-05-07 06:53:53,381 - INFO - Frame 032 | Max Speed: 5.607 m/s | Max Updraft: 5.607 m/s | Pressure Range:[-3.530, 2.020] Pa | Total Smoke Mass: 1238.8 kg
2026-05-07 06:53:53,417 - INFO - Frame 033 | Max Speed: 5.692 m/s | Max Updraft: 5.692 m/s | Pressure Range:[-3.578, 2.045] Pa | Total Smoke Mass: 1283.7 kg
2026-05-07 06:53:53,462 - INFO - Frame 034 | Max Speed: 5.777 m/s | Max Updraft: 5.777 m/s | Pressure Range:[-3.628, 2.068] Pa | Total Smoke Mass: 1327.4 kg
2026-05-07 06:53:53,500 - INFO - Frame 035 | Max Speed: 5.859 m/s | Max Updraft: 5.859 m/s | Pressure Range:[-3.643, 2.105] Pa | Total Smoke Mass: 1371.7 kg
2026-05-07 06:53:53,536 - INFO - Frame 036 | Max Speed: 5.940 m/s | Max Updraft: 5.940 m/s | Pressure Range:[-3.671, 2.129] Pa | Total Smoke Mass: 1416.7 kg
2026-05-07 06:53:53,573 - INFO - Frame 037 | Max Speed: 6.011 m/s | Max Updraft: 6.011 m/s | Pressure Range:[-3.726, 2.163] Pa | Total Smoke Mass: 1460.5 kg
2026-05-07 06:53:53,612 - INFO - Frame 038 | Max Speed: 6.082 m/s | Max Updraft: 6.082 m/s | Pressure Range:[-3.759, 2.178] Pa | Total Smoke Mass: 1505.7 kg
2026-05-07 06:53:53,647 - INFO - Frame 039 | Max Speed: 6.145 m/s | Max Updraft: 6.145 m/s | Pressure Range:[-3.806, 2.206] Pa | Total Smoke Mass: 1550.8 kg
2026-05-07 06:53:53,682 - INFO - Frame 040 | Max Speed: 6.214 m/s | Max Updraft: 6.214 m/s | Pressure Range:[-3.826, 2.214] Pa | Total Smoke Mass: 1595.2 kg
2026-05-07 06:53:53,720 - INFO - Frame 041 | Max Speed: 6.283 m/s | Max Updraft: 6.283 m/s | Pressure Range:[-3.853, 2.242] Pa | Total Smoke Mass: 1640.3 kg
2026-05-07 06:53:53,757 - INFO - Frame 042 | Max Speed: 6.351 m/s | Max Updraft: 6.351 m/s | Pressure Range:[-3.910, 2.257] Pa | Total Smoke Mass: 1684.5 kg
2026-05-07 06:53:53,791 - INFO - Frame 043 | Max Speed: 6.423 m/s | Max Updraft: 6.423 m/s | Pressure Range:[-3.972, 2.287] Pa | Total Smoke Mass: 1729.6 kg
2026-05-07 06:53:53,829 - INFO - Frame 044 | Max Speed: 6.487 m/s | Max Updraft: 6.487 m/s | Pressure Range:[-4.012, 2.312] Pa | Total Smoke Mass: 1773.6 kg
2026-05-07 06:53:53,864 - INFO - Frame 045 | Max Speed: 6.549 m/s | Max Updraft: 6.549 m/s | Pressure Range:[-4.059, 2.326] Pa | Total Smoke Mass: 1818.6 kg
2026-05-07 06:53:53,901 - INFO - Frame 046 | Max Speed: 6.605 m/s | Max Updraft: 6.605 m/s | Pressure Range:[-4.110, 2.353] Pa | Total Smoke Mass: 1863.5 kg
2026-05-07 06:53:53,942 - INFO - Frame 047 | Max Speed: 6.661 m/s | Max Updraft: 6.661 m/s | Pressure Range:[-4.161, 2.361] Pa | Total Smoke Mass: 1907.8 kg
2026-05-07 06:53:53,979 - INFO - Frame 048 | Max Speed: 6.720 m/s | Max Updraft: 6.720 m/s | Pressure Range:[-4.211, 2.365] Pa | Total Smoke Mass: 1952.8 kg
2026-05-07 06:53:54,014 - INFO - Frame 049 | Max Speed: 6.781 m/s | Max Updraft: 6.781 m/s | Pressure Range:[-4.279, 2.377] Pa | Total Smoke Mass: 1998.0 kg
2026-05-07 06:53:54,050 - INFO - Frame 050 | Max Speed: 6.847 m/s | Max Updraft: 6.847 m/s | Pressure Range:[-4.336, 2.381] Pa | Total Smoke Mass: 2043.1 kg
2026-05-07 06:53:54,085 - INFO - Frame 051 | Max Speed: 6.911 m/s | Max Updraft: 6.911 m/s | Pressure Range:[-4.387, 2.386] Pa | Total Smoke Mass: 2087.1 kg
2026-05-07 06:53:54,122 - INFO - Frame 052 | Max Speed: 6.972 m/s | Max Updraft: 6.972 m/s | Pressure Range:[-4.442, 2.401] Pa | Total Smoke Mass: 2131.7 kg
2026-05-07 06:53:54,159 - INFO - Frame 053 | Max Speed: 7.032 m/s | Max Updraft: 7.032 m/s | Pressure Range:[-4.501, 2.414] Pa | Total Smoke Mass: 2176.8 kg
2026-05-07 06:53:54,194 - INFO - Frame 054 | Max Speed: 7.085 m/s | Max Updraft: 7.085 m/s | Pressure Range:[-4.559, 2.414] Pa | Total Smoke Mass: 2221.3 kg
2026-05-07 06:53:54,232 - INFO - Frame 055 | Max Speed: 7.142 m/s | Max Updraft: 7.142 m/s | Pressure Range:[-4.613, 2.404] Pa | Total Smoke Mass: 2266.3 kg
2026-05-07 06:53:54,274 - INFO - Frame 056 | Max Speed: 7.195 m/s | Max Updraft: 7.195 m/s | Pressure Range:[-4.673, 2.390] Pa | Total Smoke Mass: 2310.9 kg
2026-05-07 06:53:54,309 - INFO - Frame 057 | Max Speed: 7.252 m/s | Max Updraft: 7.252 m/s | Pressure Range:[-4.742, 2.379] Pa | Total Smoke Mass: 2355.6 kg
2026-05-07 06:53:54,344 - INFO - Frame 058 | Max Speed: 7.314 m/s | Max Updraft: 7.314 m/s | Pressure Range:[-4.793, 2.366] Pa | Total Smoke Mass: 2400.1 kg
2026-05-07 06:53:54,393 - INFO - Frame 059 | Max Speed: 7.373 m/s | Max Updraft: 7.373 m/s | Pressure Range:[-4.825, 2.356] Pa | Total Smoke Mass: 2445.1 kg
2026-05-07 06:53:54,431 - INFO - Frame 060 | Max Speed: 7.438 m/s | Max Updraft: 7.438 m/s | Pressure Range:[-4.845, 2.346] Pa | Total Smoke Mass: 2490.1 kg
2026-05-07 06:53:54,466 - INFO - Frame 061 | Max Speed: 7.497 m/s | Max Updraft: 7.497 m/s | Pressure Range:[-4.876, 2.328] Pa | Total Smoke Mass: 2534.9 kg
2026-05-07 06:53:54,504 - INFO - Frame 062 | Max Speed: 7.557 m/s | Max Updraft: 7.557 m/s | Pressure Range:[-4.903, 2.297] Pa | Total Smoke Mass: 2580.1 kg
2026-05-07 06:53:54,540 - INFO - Frame 063 | Max Speed: 7.613 m/s | Max Updraft: 7.613 m/s | Pressure Range:[-4.927, 2.254] Pa | Total Smoke Mass: 2625.9 kg
2026-05-07 06:53:54,576 - INFO - Frame 064 | Max Speed: 7.665 m/s | Max Updraft: 7.665 m/s | Pressure Range:[-4.954, 2.196] Pa | Total Smoke Mass: 2672.2 kg
2026-05-07 06:53:54,635 - INFO - Frame 065 | Max Speed: 7.719 m/s | Max Updraft: 7.719 m/s | Pressure Range:[-4.975, 2.131] Pa | Total Smoke Mass: 2719.1 kg
2026-05-07 06:53:54,683 - INFO - Frame 066 | Max Speed: 7.770 m/s | Max Updraft: 7.770 m/s | Pressure Range:[-4.989, 2.060] Pa | Total Smoke Mass: 2766.3 kg
2026-05-07 06:53:54,733 - INFO - Frame 067 | Max Speed: 7.825 m/s | Max Updraft: 7.825 m/s | Pressure Range:[-5.001, 1.986] Pa | Total Smoke Mass: 2813.8 kg
2026-05-07 06:53:54,784 - INFO - Frame 068 | Max Speed: 7.883 m/s | Max Updraft: 7.883 m/s | Pressure Range:[-5.009, 1.898] Pa | Total Smoke Mass: 2861.0 kg
2026-05-07 06:53:54,827 - INFO - Frame 069 | Max Speed: 7.946 m/s | Max Updraft: 7.946 m/s | Pressure Range:[-5.014, 1.786] Pa | Total Smoke Mass: 2907.7 kg
2026-05-07 06:53:54,874 - INFO - Frame 070 | Max Speed: 8.007 m/s | Max Updraft: 8.007 m/s | Pressure Range:[-5.012, 1.646] Pa | Total Smoke Mass: 2954.7 kg
2026-05-07 06:53:54,930 - INFO - Frame 071 | Max Speed: 8.065 m/s | Max Updraft: 8.065 m/s | Pressure Range:[-5.006, 1.471] Pa | Total Smoke Mass: 3001.5 kg
2026-05-07 06:53:54,978 - INFO - Frame 072 | Max Speed: 8.128 m/s | Max Updraft: 8.128 m/s | Pressure Range:[-4.986, 1.257] Pa | Total Smoke Mass: 3048.5 kg
2026-05-07 06:53:55,020 - INFO - Frame 073 | Max Speed: 8.188 m/s | Max Updraft: 8.188 m/s | Pressure Range:[-4.957, 1.009] Pa | Total Smoke Mass: 3095.9 kg
2026-05-07 06:53:55,066 - INFO - Frame 074 | Max Speed: 8.257 m/s | Max Updraft: 8.257 m/s | Pressure Range:[-4.923, 0.720] Pa | Total Smoke Mass: 3143.5 kg
2026-05-07 06:53:55,113 - INFO - Frame 075 | Max Speed: 8.329 m/s | Max Updraft: 8.329 m/s | Pressure Range:[-4.852, 0.396] Pa | Total Smoke Mass: 3191.2 kg
2026-05-07 06:53:55,158 - INFO - Frame 076 | Max Speed: 8.404 m/s | Max Updraft: 8.404 m/s | Pressure Range:[-4.759, 0.423] Pa | Total Smoke Mass: 3217.2 kg
2026-05-07 06:53:55,209 - INFO - Frame 077 | Max Speed: 8.470 m/s | Max Updraft: 8.470 m/s | Pressure Range:[-4.638, 0.459] Pa | Total Smoke Mass: 3189.9 kg
2026-05-07 06:53:55,256 - INFO - Frame 078 | Max Speed: 8.510 m/s | Max Updraft: 8.510 m/s | Pressure Range:[-4.451, 0.496] Pa | Total Smoke Mass: 3119.5 kg
2026-05-07 06:53:55,302 - INFO - Frame 079 | Max Speed: 8.516 m/s | Max Updraft: 8.516 m/s | Pressure Range:[-4.219, 0.570] Pa | Total Smoke Mass: 3058.5 kg
2026-05-07 06:53:55,350 - INFO - Frame 080 | Max Speed: 8.520 m/s | Max Updraft: 8.520 m/s | Pressure Range:[-4.029, 0.680] Pa | Total Smoke Mass: 3023.0 kg
2026-05-07 06:53:55,399 - INFO - Frame 081 | Max Speed: 8.495 m/s | Max Updraft: 8.495 m/s | Pressure Range:[-3.945, 0.736] Pa | Total Smoke Mass: 2994.9 kg
2026-05-07 06:53:55,449 - INFO - Frame 082 | Max Speed: 8.515 m/s | Max Updraft: 8.515 m/s | Pressure Range:[-3.897, 0.755] Pa | Total Smoke Mass: 2959.2 kg
2026-05-07 06:53:55,500 - INFO - Frame 083 | Max Speed: 8.566 m/s | Max Updraft: 8.566 m/s | Pressure Range:[-3.853, 0.795] Pa | Total Smoke Mass: 2879.2 kg
2026-05-07 06:53:55,545 - INFO - Frame 084 | Max Speed: 8.615 m/s | Max Updraft: 8.615 m/s | Pressure Range:[-3.747, 0.882] Pa | Total Smoke Mass: 2738.6 kg
2026-05-07 06:53:55,592 - INFO - Frame 085 | Max Speed: 8.650 m/s | Max Updraft: 8.650 m/s | Pressure Range:[-3.606, 1.002] Pa | Total Smoke Mass: 2549.0 kg
2026-05-07 06:53:55,642 - INFO - Frame 086 | Max Speed: 8.675 m/s | Max Updraft: 8.675 m/s | Pressure Range:[-3.465, 1.122] Pa | Total Smoke Mass: 2378.0 kg
2026-05-07 06:53:55,688 - INFO - Frame 087 | Max Speed: 8.679 m/s | Max Updraft: 8.679 m/s | Pressure Range:[-3.342, 1.233] Pa | Total Smoke Mass: 2242.6 kg
2026-05-07 06:53:55,732 - INFO - Frame 088 | Max Speed: 8.668 m/s | Max Updraft: 8.667 m/s | Pressure Range:[-3.250, 1.326] Pa | Total Smoke Mass: 2147.0 kg
2026-05-07 06:53:55,783 - INFO - Frame 089 | Max Speed: 8.680 m/s | Max Updraft: 8.680 m/s | Pressure Range:[-3.196, 1.392] Pa | Total Smoke Mass: 2076.6 kg
2026-05-07 06:53:55,828 - INFO - Frame 090 | Max Speed: 8.651 m/s | Max Updraft: 8.651 m/s | Pressure Range:[-3.182, 1.427] Pa | Total Smoke Mass: 2024.5 kg
2026-05-07 06:53:55,873 - INFO - Frame 091 | Max Speed: 8.593 m/s | Max Updraft: 8.593 m/s | Pressure Range:[-3.201, 1.441] Pa | Total Smoke Mass: 1985.1 kg
2026-05-07 06:53:55,922 - INFO - Frame 092 | Max Speed: 8.555 m/s | Max Updraft: 8.555 m/s | Pressure Range:[-3.234, 1.456] Pa | Total Smoke Mass: 1954.9 kg
2026-05-07 06:53:55,967 - INFO - Frame 093 | Max Speed: 8.515 m/s | Max Updraft: 8.515 m/s | Pressure Range:[-3.274, 1.477] Pa | Total Smoke Mass: 1930.8 kg
2026-05-07 06:53:56,012 - INFO - Frame 094 | Max Speed: 8.464 m/s | Max Updraft: 8.464 m/s | Pressure Range:[-3.308, 1.496] Pa | Total Smoke Mass: 1914.0 kg
2026-05-07 06:53:56,061 - INFO - Frame 095 | Max Speed: 8.416 m/s | Max Updraft: 8.416 m/s | Pressure Range:[-3.336, 1.509] Pa | Total Smoke Mass: 1901.2 kg
2026-05-07 06:53:56,108 - INFO - Frame 096 | Max Speed: 8.383 m/s | Max Updraft: 8.383 m/s | Pressure Range:[-3.359, 1.519] Pa | Total Smoke Mass: 1890.4 kg
2026-05-07 06:53:56,154 - INFO - Frame 097 | Max Speed: 8.355 m/s | Max Updraft: 8.355 m/s | Pressure Range:[-3.367, 1.530] Pa | Total Smoke Mass: 1880.4 kg
2026-05-07 06:53:56,204 - INFO - Frame 098 | Max Speed: 8.332 m/s | Max Updraft: 8.332 m/s | Pressure Range:[-3.361, 1.537] Pa | Total Smoke Mass: 1871.3 kg
2026-05-07 06:53:56,250 - INFO - Frame 099 | Max Speed: 8.308 m/s | Max Updraft: 8.308 m/s | Pressure Range:[-3.346, 1.534] Pa | Total Smoke Mass: 1863.2 kg
2026-05-07 06:53:56,295 - INFO - Frame 100 | Max Speed: 8.273 m/s | Max Updraft: 8.273 m/s | Pressure Range:[-3.319, 1.528] Pa | Total Smoke Mass: 1855.2 kg
2026-05-07 06:53:56,345 - INFO - Frame 101 | Max Speed: 8.237 m/s | Max Updraft: 8.237 m/s | Pressure Range:[-3.284, 1.523] Pa | Total Smoke Mass: 1846.0 kg
2026-05-07 06:53:56,396 - INFO - Frame 102 | Max Speed: 8.212 m/s | Max Updraft: 8.212 m/s | Pressure Range:[-3.223, 1.528] Pa | Total Smoke Mass: 1832.6 kg
2026-05-07 06:53:56,445 - INFO - Frame 103 | Max Speed: 8.199 m/s | Max Updraft: 8.199 m/s | Pressure Range:[-3.132, 1.542] Pa | Total Smoke Mass: 1815.8 kg
2026-05-07 06:53:56,498 - INFO - Frame 104 | Max Speed: 8.184 m/s | Max Updraft: 8.184 m/s | Pressure Range:[-3.024, 1.564] Pa | Total Smoke Mass: 1799.9 kg
2026-05-07 06:53:56,553 - INFO - Frame 105 | Max Speed: 8.158 m/s | Max Updraft: 8.158 m/s | Pressure Range:[-2.895, 1.587] Pa | Total Smoke Mass: 1785.5 kg
2026-05-07 06:53:56,599 - INFO - Frame 106 | Max Speed: 8.131 m/s | Max Updraft: 8.130 m/s | Pressure Range:[-2.743, 1.600] Pa | Total Smoke Mass: 1772.5 kg
2026-05-07 06:53:56,649 - INFO - Frame 107 | Max Speed: 8.115 m/s | Max Updraft: 8.115 m/s | Pressure Range:[-2.568, 1.609] Pa | Total Smoke Mass: 1759.8 kg
2026-05-07 06:53:56,694 - INFO - Frame 108 | Max Speed: 8.108 m/s | Max Updraft: 8.108 m/s | Pressure Range:[-2.372, 1.623] Pa | Total Smoke Mass: 1746.4 kg
2026-05-07 06:53:56,745 - INFO - Frame 109 | Max Speed: 8.100 m/s | Max Updraft: 8.100 m/s | Pressure Range:[-2.160, 1.642] Pa | Total Smoke Mass: 1734.0 kg
2026-05-07 06:53:56,799 - INFO - Frame 110 | Max Speed: 8.077 m/s | Max Updraft: 8.077 m/s | Pressure Range:[-1.950, 1.651] Pa | Total Smoke Mass: 1724.1 kg
2026-05-07 06:53:56,847 - INFO - Frame 111 | Max Speed: 8.042 m/s | Max Updraft: 8.041 m/s | Pressure Range:[-1.751, 1.638] Pa | Total Smoke Mass: 1716.5 kg
2026-05-07 06:53:56,898 - INFO - Frame 112 | Max Speed: 8.019 m/s | Max Updraft: 8.018 m/s | Pressure Range:[-1.559, 1.605] Pa | Total Smoke Mass: 1710.7 kg
2026-05-07 06:53:56,955 - INFO - Frame 113 | Max Speed: 8.012 m/s | Max Updraft: 8.011 m/s | Pressure Range:[-1.384, 1.559] Pa | Total Smoke Mass: 1706.5 kg
2026-05-07 06:53:57,010 - INFO - Frame 114 | Max Speed: 8.001 m/s | Max Updraft: 8.001 m/s | Pressure Range:[-1.240, 1.500] Pa | Total Smoke Mass: 1703.5 kg
2026-05-07 06:53:57,063 - INFO - Frame 115 | Max Speed: 7.976 m/s | Max Updraft: 7.976 m/s | Pressure Range:[-1.105, 1.437] Pa | Total Smoke Mass: 1702.8 kg
2026-05-07 06:53:57,126 - INFO - Frame 116 | Max Speed: 7.947 m/s | Max Updraft: 7.947 m/s | Pressure Range:[-0.991, 1.377] Pa | Total Smoke Mass: 1703.5 kg
2026-05-07 06:53:57,183 - INFO - Frame 117 | Max Speed: 7.927 m/s | Max Updraft: 7.927 m/s | Pressure Range:[-0.900, 1.300] Pa | Total Smoke Mass: 1705.7 kg
2026-05-07 06:53:57,245 - INFO - Frame 118 | Max Speed: 7.914 m/s | Max Updraft: 7.914 m/s | Pressure Range:[-0.831, 1.223] Pa | Total Smoke Mass: 1708.5 kg
2026-05-07 06:53:57,284 - INFO - Frame 119 | Max Speed: 7.891 m/s | Max Updraft: 7.891 m/s | Pressure Range:[-0.779, 1.159] Pa | Total Smoke Mass: 1711.7 kg
2026-05-07 06:53:57,328 - INFO - Frame 120 | Max Speed: 7.853 m/s | Max Updraft: 7.853 m/s | Pressure Range:[-0.733, 1.111] Pa | Total Smoke Mass: 1715.4 kg
2026-05-07 06:53:57,367 - INFO - Frame 121 | Max Speed: 7.818 m/s | Max Updraft: 7.818 m/s | Pressure Range:[-0.699, 1.055] Pa | Total Smoke Mass: 1719.3 kg
2026-05-07 06:53:57,404 - INFO - Frame 122 | Max Speed: 7.792 m/s | Max Updraft: 7.791 m/s | Pressure Range:[-0.677, 0.993] Pa | Total Smoke Mass: 1723.2 kg
2026-05-07 06:53:57,446 - INFO - Frame 123 | Max Speed: 7.768 m/s | Max Updraft: 7.765 m/s | Pressure Range:[-0.666, 0.931] Pa | Total Smoke Mass: 1727.1 kg
2026-05-07 06:53:57,484 - INFO - Frame 124 | Max Speed: 7.739 m/s | Max Updraft: 7.735 m/s | Pressure Range:[-0.661, 0.875] Pa | Total Smoke Mass: 1730.6 kg
2026-05-07 06:53:57,522 - INFO - Frame 125 | Max Speed: 7.707 m/s | Max Updraft: 7.702 m/s | Pressure Range:[-0.652, 0.828] Pa | Total Smoke Mass: 1733.9 kg
2026-05-07 06:53:57,571 - INFO - Frame 126 | Max Speed: 7.685 m/s | Max Updraft: 7.679 m/s | Pressure Range:[-0.649, 0.791] Pa | Total Smoke Mass: 1737.0 kg
2026-05-07 06:53:57,608 - INFO - Frame 127 | Max Speed: 7.680 m/s | Max Updraft: 7.671 m/s | Pressure Range:[-0.655, 0.756] Pa | Total Smoke Mass: 1739.8 kg
2026-05-07 06:53:57,647 - INFO - Frame 128 | Max Speed: 7.681 m/s | Max Updraft: 7.671 m/s | Pressure Range:[-0.662, 0.716] Pa | Total Smoke Mass: 1742.1 kg
2026-05-07 06:53:57,649 - INFO - --- SIMULATION COMPLETE: Sim_Re_400 ---
