2026-05-07 06:47:42,870 - INFO - --- STARTING SIMULATION: Sim_Re_100 ---
2026-05-07 06:47:42,870 - INFO - Target Reynolds Number: 100 -> Calculated Viscosity (nu): 1.0000
2026-05-07 06:47:42,870 - INFO - Initializing fluid sensors (Velocity, Pressure, Density)...
2026-05-07 06:47:54,123 - INFO - Frame 001 | Max Speed: 0.133 m/s | Max Updraft: 0.133 m/s | Pressure Range:[-0.309, 0.597] Pa | Total Smoke Mass: 38.4 kg
2026-05-07 06:47:54,255 - INFO - Frame 002 | Max Speed: 0.278 m/s | Max Updraft: 0.278 m/s | Pressure Range:[-0.359, 0.694] Pa | Total Smoke Mass: 76.8 kg
2026-05-07 06:47:54,317 - INFO - Frame 003 | Max Speed: 0.447 m/s | Max Updraft: 0.447 m/s | Pressure Range:[-0.408, 0.787] Pa | Total Smoke Mass: 115.1 kg
2026-05-07 06:47:54,388 - INFO - Frame 004 | Max Speed: 0.633 m/s | Max Updraft: 0.633 m/s | Pressure Range:[-0.460, 0.876] Pa | Total Smoke Mass: 153.4 kg
2026-05-07 06:47:54,487 - INFO - Frame 005 | Max Speed: 0.829 m/s | Max Updraft: 0.829 m/s | Pressure Range:[-0.516, 0.965] Pa | Total Smoke Mass: 191.6 kg
2026-05-07 06:47:54,648 - INFO - Frame 006 | Max Speed: 1.035 m/s | Max Updraft: 1.035 m/s | Pressure Range:[-0.575, 1.050] Pa | Total Smoke Mass: 229.4 kg
2026-05-07 06:47:54,773 - INFO - Frame 007 | Max Speed: 1.246 m/s | Max Updraft: 1.246 m/s | Pressure Range:[-0.638, 1.129] Pa | Total Smoke Mass: 267.1 kg
2026-05-07 06:47:54,850 - INFO - Frame 008 | Max Speed: 1.466 m/s | Max Updraft: 1.466 m/s | Pressure Range:[-0.702, 1.208] Pa | Total Smoke Mass: 304.9 kg
2026-05-07 06:47:54,939 - INFO - Frame 009 | Max Speed: 1.695 m/s | Max Updraft: 1.695 m/s | Pressure Range:[-0.757, 1.269] Pa | Total Smoke Mass: 342.8 kg
2026-05-07 06:47:55,014 - INFO - Frame 010 | Max Speed: 1.929 m/s | Max Updraft: 1.929 m/s | Pressure Range:[-0.812, 1.332] Pa | Total Smoke Mass: 381.0 kg
2026-05-07 06:47:55,125 - INFO - Frame 011 | Max Speed: 2.157 m/s | Max Updraft: 2.157 m/s | Pressure Range:[-0.860, 1.381] Pa | Total Smoke Mass: 419.4 kg
2026-05-07 06:47:55,202 - INFO - Frame 012 | Max Speed: 2.375 m/s | Max Updraft: 2.375 m/s | Pressure Range:[-0.903, 1.429] Pa | Total Smoke Mass: 457.9 kg
2026-05-07 06:47:55,285 - INFO - Frame 013 | Max Speed: 2.585 m/s | Max Updraft: 2.585 m/s | Pressure Range:[-0.959, 1.480] Pa | Total Smoke Mass: 496.8 kg
2026-05-07 06:47:55,361 - INFO - Frame 014 | Max Speed: 2.783 m/s | Max Updraft: 2.783 m/s | Pressure Range:[-1.030, 1.535] Pa | Total Smoke Mass: 536.3 kg
2026-05-07 06:47:55,431 - INFO - Frame 015 | Max Speed: 2.973 m/s | Max Updraft: 2.973 m/s | Pressure Range:[-1.113, 1.591] Pa | Total Smoke Mass: 575.9 kg
2026-05-07 06:47:55,515 - INFO - Frame 016 | Max Speed: 3.143 m/s | Max Updraft: 3.143 m/s | Pressure Range:[-1.198, 1.646] Pa | Total Smoke Mass: 615.5 kg
2026-05-07 06:47:55,598 - INFO - Frame 017 | Max Speed: 3.299 m/s | Max Updraft: 3.299 m/s | Pressure Range:[-1.288, 1.701] Pa | Total Smoke Mass: 655.0 kg
2026-05-07 06:47:55,641 - INFO - Frame 018 | Max Speed: 3.443 m/s | Max Updraft: 3.443 m/s | Pressure Range:[-1.402, 1.748] Pa | Total Smoke Mass: 693.7 kg
2026-05-07 06:47:55,681 - INFO - Frame 019 | Max Speed: 3.582 m/s | Max Updraft: 3.582 m/s | Pressure Range:[-1.497, 1.782] Pa | Total Smoke Mass: 731.2 kg
2026-05-07 06:47:55,715 - INFO - Frame 020 | Max Speed: 3.712 m/s | Max Updraft: 3.712 m/s | Pressure Range:[-1.588, 1.797] Pa | Total Smoke Mass: 767.1 kg
2026-05-07 06:47:55,750 - INFO - Frame 021 | Max Speed: 3.842 m/s | Max Updraft: 3.842 m/s | Pressure Range:[-1.684, 1.811] Pa | Total Smoke Mass: 802.1 kg
2026-05-07 06:47:55,787 - INFO - Frame 022 | Max Speed: 3.956 m/s | Max Updraft: 3.956 m/s | Pressure Range:[-1.782, 1.816] Pa | Total Smoke Mass: 836.7 kg
2026-05-07 06:47:55,820 - INFO - Frame 023 | Max Speed: 4.057 m/s | Max Updraft: 4.057 m/s | Pressure Range:[-1.872, 1.812] Pa | Total Smoke Mass: 872.2 kg
2026-05-07 06:47:55,855 - INFO - Frame 024 | Max Speed: 4.157 m/s | Max Updraft: 4.157 m/s | Pressure Range:[-1.952, 1.807] Pa | Total Smoke Mass: 908.4 kg
2026-05-07 06:47:55,896 - INFO - Frame 025 | Max Speed: 4.247 m/s | Max Updraft: 4.247 m/s | Pressure Range:[-2.037, 1.822] Pa | Total Smoke Mass: 946.4 kg
2026-05-07 06:47:55,930 - INFO - Frame 026 | Max Speed: 4.336 m/s | Max Updraft: 4.336 m/s | Pressure Range:[-2.106, 1.838] Pa | Total Smoke Mass: 985.0 kg
2026-05-07 06:47:55,967 - INFO - Frame 027 | Max Speed: 4.425 m/s | Max Updraft: 4.425 m/s | Pressure Range:[-2.178, 1.844] Pa | Total Smoke Mass: 1024.7 kg
2026-05-07 06:47:56,006 - INFO - Frame 028 | Max Speed: 4.512 m/s | Max Updraft: 4.512 m/s | Pressure Range:[-2.253, 1.867] Pa | Total Smoke Mass: 1065.1 kg
2026-05-07 06:47:56,042 - INFO - Frame 029 | Max Speed: 4.592 m/s | Max Updraft: 4.592 m/s | Pressure Range:[-2.312, 1.879] Pa | Total Smoke Mass: 1106.6 kg
2026-05-07 06:47:56,079 - INFO - Frame 030 | Max Speed: 4.665 m/s | Max Updraft: 4.665 m/s | Pressure Range:[-2.374, 1.881] Pa | Total Smoke Mass: 1148.1 kg
2026-05-07 06:47:56,131 - INFO - Frame 031 | Max Speed: 4.735 m/s | Max Updraft: 4.735 m/s | Pressure Range:[-2.434, 1.892] Pa | Total Smoke Mass: 1190.1 kg
2026-05-07 06:47:56,167 - INFO - Frame 032 | Max Speed: 4.806 m/s | Max Updraft: 4.806 m/s | Pressure Range:[-2.492, 1.899] Pa | Total Smoke Mass: 1232.3 kg
2026-05-07 06:47:56,204 - INFO - Frame 033 | Max Speed: 4.879 m/s | Max Updraft: 4.879 m/s | Pressure Range:[-2.552, 1.900] Pa | Total Smoke Mass: 1274.7 kg
2026-05-07 06:47:56,247 - INFO - Frame 034 | Max Speed: 4.949 m/s | Max Updraft: 4.949 m/s | Pressure Range:[-2.612, 1.920] Pa | Total Smoke Mass: 1317.0 kg
2026-05-07 06:47:56,285 - INFO - Frame 035 | Max Speed: 5.015 m/s | Max Updraft: 5.015 m/s | Pressure Range:[-2.676, 1.932] Pa | Total Smoke Mass: 1359.3 kg
2026-05-07 06:47:56,328 - INFO - Frame 036 | Max Speed: 5.074 m/s | Max Updraft: 5.074 m/s | Pressure Range:[-2.723, 1.949] Pa | Total Smoke Mass: 1402.5 kg
2026-05-07 06:47:56,370 - INFO - Frame 037 | Max Speed: 5.126 m/s | Max Updraft: 5.126 m/s | Pressure Range:[-2.771, 1.964] Pa | Total Smoke Mass: 1445.3 kg
2026-05-07 06:47:56,425 - INFO - Frame 038 | Max Speed: 5.178 m/s | Max Updraft: 5.178 m/s | Pressure Range:[-2.820, 1.971] Pa | Total Smoke Mass: 1488.3 kg
2026-05-07 06:47:56,462 - INFO - Frame 039 | Max Speed: 5.233 m/s | Max Updraft: 5.233 m/s | Pressure Range:[-2.860, 1.984] Pa | Total Smoke Mass: 1531.0 kg
2026-05-07 06:47:56,503 - INFO - Frame 040 | Max Speed: 5.291 m/s | Max Updraft: 5.291 m/s | Pressure Range:[-2.909, 1.986] Pa | Total Smoke Mass: 1574.1 kg
2026-05-07 06:47:56,539 - INFO - Frame 041 | Max Speed: 5.346 m/s | Max Updraft: 5.346 m/s | Pressure Range:[-2.942, 1.996] Pa | Total Smoke Mass: 1617.0 kg
2026-05-07 06:47:56,576 - INFO - Frame 042 | Max Speed: 5.399 m/s | Max Updraft: 5.399 m/s | Pressure Range:[-2.984, 2.001] Pa | Total Smoke Mass: 1660.3 kg
2026-05-07 06:47:56,615 - INFO - Frame 043 | Max Speed: 5.445 m/s | Max Updraft: 5.445 m/s | Pressure Range:[-3.012, 2.012] Pa | Total Smoke Mass: 1703.6 kg
2026-05-07 06:47:56,655 - INFO - Frame 044 | Max Speed: 5.486 m/s | Max Updraft: 5.486 m/s | Pressure Range:[-3.044, 2.020] Pa | Total Smoke Mass: 1746.6 kg
2026-05-07 06:47:56,691 - INFO - Frame 045 | Max Speed: 5.526 m/s | Max Updraft: 5.526 m/s | Pressure Range:[-3.081, 2.036] Pa | Total Smoke Mass: 1789.9 kg
2026-05-07 06:47:56,733 - INFO - Frame 046 | Max Speed: 5.570 m/s | Max Updraft: 5.570 m/s | Pressure Range:[-3.113, 2.042] Pa | Total Smoke Mass: 1833.4 kg
2026-05-07 06:47:56,769 - INFO - Frame 047 | Max Speed: 5.617 m/s | Max Updraft: 5.617 m/s | Pressure Range:[-3.155, 2.053] Pa | Total Smoke Mass: 1876.8 kg
2026-05-07 06:47:56,805 - INFO - Frame 048 | Max Speed: 5.664 m/s | Max Updraft: 5.664 m/s | Pressure Range:[-3.183, 2.054] Pa | Total Smoke Mass: 1920.0 kg
2026-05-07 06:47:56,845 - INFO - Frame 049 | Max Speed: 5.707 m/s | Max Updraft: 5.707 m/s | Pressure Range:[-3.208, 2.060] Pa | Total Smoke Mass: 1963.6 kg
2026-05-07 06:47:56,881 - INFO - Frame 050 | Max Speed: 5.745 m/s | Max Updraft: 5.745 m/s | Pressure Range:[-3.239, 2.052] Pa | Total Smoke Mass: 2006.6 kg
2026-05-07 06:47:56,916 - INFO - Frame 051 | Max Speed: 5.779 m/s | Max Updraft: 5.779 m/s | Pressure Range:[-3.265, 2.057] Pa | Total Smoke Mass: 2049.9 kg
2026-05-07 06:47:56,953 - INFO - Frame 052 | Max Speed: 5.813 m/s | Max Updraft: 5.813 m/s | Pressure Range:[-3.298, 2.054] Pa | Total Smoke Mass: 2092.9 kg
2026-05-07 06:47:56,988 - INFO - Frame 053 | Max Speed: 5.851 m/s | Max Updraft: 5.851 m/s | Pressure Range:[-3.334, 2.052] Pa | Total Smoke Mass: 2136.2 kg
2026-05-07 06:47:57,041 - INFO - Frame 054 | Max Speed: 5.892 m/s | Max Updraft: 5.892 m/s | Pressure Range:[-3.362, 2.057] Pa | Total Smoke Mass: 2179.7 kg
2026-05-07 06:47:57,090 - INFO - Frame 055 | Max Speed: 5.934 m/s | Max Updraft: 5.934 m/s | Pressure Range:[-3.403, 2.052] Pa | Total Smoke Mass: 2223.0 kg
2026-05-07 06:47:57,132 - INFO - Frame 056 | Max Speed: 5.974 m/s | Max Updraft: 5.974 m/s | Pressure Range:[-3.429, 2.045] Pa | Total Smoke Mass: 2266.4 kg
2026-05-07 06:47:57,179 - INFO - Frame 057 | Max Speed: 6.008 m/s | Max Updraft: 6.008 m/s | Pressure Range:[-3.461, 2.035] Pa | Total Smoke Mass: 2309.9 kg
2026-05-07 06:47:57,222 - INFO - Frame 058 | Max Speed: 6.039 m/s | Max Updraft: 6.039 m/s | Pressure Range:[-3.489, 2.013] Pa | Total Smoke Mass: 2353.1 kg
2026-05-07 06:47:57,260 - INFO - Frame 059 | Max Speed: 6.070 m/s | Max Updraft: 6.070 m/s | Pressure Range:[-3.507, 1.998] Pa | Total Smoke Mass: 2396.6 kg
2026-05-07 06:47:57,298 - INFO - Frame 060 | Max Speed: 6.102 m/s | Max Updraft: 6.102 m/s | Pressure Range:[-3.527, 1.982] Pa | Total Smoke Mass: 2440.3 kg
2026-05-07 06:47:57,343 - INFO - Frame 061 | Max Speed: 6.140 m/s | Max Updraft: 6.140 m/s | Pressure Range:[-3.551, 1.962] Pa | Total Smoke Mass: 2483.8 kg
2026-05-07 06:47:57,380 - INFO - Frame 062 | Max Speed: 6.182 m/s | Max Updraft: 6.182 m/s | Pressure Range:[-3.565, 1.936] Pa | Total Smoke Mass: 2526.9 kg
2026-05-07 06:47:57,418 - INFO - Frame 063 | Max Speed: 6.222 m/s | Max Updraft: 6.222 m/s | Pressure Range:[-3.586, 1.909] Pa | Total Smoke Mass: 2570.0 kg
2026-05-07 06:47:57,458 - INFO - Frame 064 | Max Speed: 6.259 m/s | Max Updraft: 6.259 m/s | Pressure Range:[-3.615, 1.874] Pa | Total Smoke Mass: 2613.1 kg
2026-05-07 06:47:57,495 - INFO - Frame 065 | Max Speed: 6.292 m/s | Max Updraft: 6.292 m/s | Pressure Range:[-3.633, 1.827] Pa | Total Smoke Mass: 2656.2 kg
2026-05-07 06:47:57,532 - INFO - Frame 066 | Max Speed: 6.323 m/s | Max Updraft: 6.323 m/s | Pressure Range:[-3.641, 1.772] Pa | Total Smoke Mass: 2699.4 kg
2026-05-07 06:47:57,571 - INFO - Frame 067 | Max Speed: 6.353 m/s | Max Updraft: 6.353 m/s | Pressure Range:[-3.649, 1.714] Pa | Total Smoke Mass: 2742.6 kg
2026-05-07 06:47:57,608 - INFO - Frame 068 | Max Speed: 6.385 m/s | Max Updraft: 6.385 m/s | Pressure Range:[-3.665, 1.658] Pa | Total Smoke Mass: 2785.8 kg
2026-05-07 06:47:57,643 - INFO - Frame 069 | Max Speed: 6.425 m/s | Max Updraft: 6.425 m/s | Pressure Range:[-3.674, 1.597] Pa | Total Smoke Mass: 2829.1 kg
2026-05-07 06:47:57,704 - INFO - Frame 070 | Max Speed: 6.468 m/s | Max Updraft: 6.468 m/s | Pressure Range:[-3.680, 1.527] Pa | Total Smoke Mass: 2872.6 kg
2026-05-07 06:47:57,740 - INFO - Frame 071 | Max Speed: 6.509 m/s | Max Updraft: 6.509 m/s | Pressure Range:[-3.681, 1.442] Pa | Total Smoke Mass: 2915.6 kg
2026-05-07 06:47:57,775 - INFO - Frame 072 | Max Speed: 6.547 m/s | Max Updraft: 6.547 m/s | Pressure Range:[-3.675, 1.340] Pa | Total Smoke Mass: 2958.6 kg
2026-05-07 06:47:57,814 - INFO - Frame 073 | Max Speed: 6.583 m/s | Max Updraft: 6.583 m/s | Pressure Range:[-3.665, 1.219] Pa | Total Smoke Mass: 3001.5 kg
2026-05-07 06:47:57,848 - INFO - Frame 074 | Max Speed: 6.621 m/s | Max Updraft: 6.621 m/s | Pressure Range:[-3.662, 1.083] Pa | Total Smoke Mass: 3044.0 kg
2026-05-07 06:47:57,883 - INFO - Frame 075 | Max Speed: 6.661 m/s | Max Updraft: 6.661 m/s | Pressure Range:[-3.657, 0.935] Pa | Total Smoke Mass: 3085.9 kg
2026-05-07 06:47:57,940 - INFO - Frame 076 | Max Speed: 6.702 m/s | Max Updraft: 6.702 m/s | Pressure Range:[-3.644, 0.772] Pa | Total Smoke Mass: 3127.7 kg
2026-05-07 06:47:57,991 - INFO - Frame 077 | Max Speed: 6.742 m/s | Max Updraft: 6.742 m/s | Pressure Range:[-3.624, 0.585] Pa | Total Smoke Mass: 3169.5 kg
2026-05-07 06:47:58,043 - INFO - Frame 078 | Max Speed: 6.783 m/s | Max Updraft: 6.783 m/s | Pressure Range:[-3.589, 0.364] Pa | Total Smoke Mass: 3211.9 kg
2026-05-07 06:47:58,104 - INFO - Frame 079 | Max Speed: 6.827 m/s | Max Updraft: 6.827 m/s | Pressure Range:[-3.552, 0.308] Pa | Total Smoke Mass: 3248.9 kg
2026-05-07 06:47:58,150 - INFO - Frame 080 | Max Speed: 6.873 m/s | Max Updraft: 6.873 m/s | Pressure Range:[-3.501, 0.329] Pa | Total Smoke Mass: 3255.4 kg
2026-05-07 06:47:58,200 - INFO - Frame 081 | Max Speed: 6.914 m/s | Max Updraft: 6.914 m/s | Pressure Range:[-3.414, 0.358] Pa | Total Smoke Mass: 3193.9 kg
2026-05-07 06:47:58,259 - INFO - Frame 082 | Max Speed: 6.944 m/s | Max Updraft: 6.944 m/s | Pressure Range:[-3.299, 0.385] Pa | Total Smoke Mass: 3101.8 kg
2026-05-07 06:47:58,304 - INFO - Frame 083 | Max Speed: 6.962 m/s | Max Updraft: 6.962 m/s | Pressure Range:[-3.177, 0.413] Pa | Total Smoke Mass: 3009.2 kg
2026-05-07 06:47:58,356 - INFO - Frame 084 | Max Speed: 6.965 m/s | Max Updraft: 6.965 m/s | Pressure Range:[-3.064, 0.436] Pa | Total Smoke Mass: 2929.6 kg
2026-05-07 06:47:58,404 - INFO - Frame 085 | Max Speed: 6.959 m/s | Max Updraft: 6.959 m/s | Pressure Range:[-2.969, 0.487] Pa | Total Smoke Mass: 2869.7 kg
2026-05-07 06:47:58,451 - INFO - Frame 086 | Max Speed: 6.972 m/s | Max Updraft: 6.972 m/s | Pressure Range:[-2.896, 0.532] Pa | Total Smoke Mass: 2821.5 kg
2026-05-07 06:47:58,498 - INFO - Frame 087 | Max Speed: 6.980 m/s | Max Updraft: 6.980 m/s | Pressure Range:[-2.836, 0.567] Pa | Total Smoke Mass: 2768.7 kg
2026-05-07 06:47:58,546 - INFO - Frame 088 | Max Speed: 6.984 m/s | Max Updraft: 6.984 m/s | Pressure Range:[-2.786, 0.599] Pa | Total Smoke Mass: 2710.9 kg
2026-05-07 06:47:58,592 - INFO - Frame 089 | Max Speed: 6.988 m/s | Max Updraft: 6.988 m/s | Pressure Range:[-2.739, 0.639] Pa | Total Smoke Mass: 2637.6 kg
2026-05-07 06:47:58,638 - INFO - Frame 090 | Max Speed: 6.997 m/s | Max Updraft: 6.997 m/s | Pressure Range:[-2.680, 0.679] Pa | Total Smoke Mass: 2546.7 kg
2026-05-07 06:47:58,687 - INFO - Frame 091 | Max Speed: 7.015 m/s | Max Updraft: 7.015 m/s | Pressure Range:[-2.607, 0.718] Pa | Total Smoke Mass: 2440.2 kg
2026-05-07 06:47:58,733 - INFO - Frame 092 | Max Speed: 7.033 m/s | Max Updraft: 7.033 m/s | Pressure Range:[-2.523, 0.764] Pa | Total Smoke Mass: 2332.9 kg
2026-05-07 06:47:58,778 - INFO - Frame 093 | Max Speed: 7.044 m/s | Max Updraft: 7.044 m/s | Pressure Range:[-2.433, 0.812] Pa | Total Smoke Mass: 2231.9 kg
2026-05-07 06:47:58,824 - INFO - Frame 094 | Max Speed: 7.048 m/s | Max Updraft: 7.048 m/s | Pressure Range:[-2.344, 0.857] Pa | Total Smoke Mass: 2144.1 kg
2026-05-07 06:47:58,869 - INFO - Frame 095 | Max Speed: 7.047 m/s | Max Updraft: 7.047 m/s | Pressure Range:[-2.264, 0.894] Pa | Total Smoke Mass: 2070.9 kg
2026-05-07 06:47:58,914 - INFO - Frame 096 | Max Speed: 7.040 m/s | Max Updraft: 7.040 m/s | Pressure Range:[-2.192, 0.921] Pa | Total Smoke Mass: 2012.4 kg
2026-05-07 06:47:58,962 - INFO - Frame 097 | Max Speed: 7.029 m/s | Max Updraft: 7.029 m/s | Pressure Range:[-2.125, 0.953] Pa | Total Smoke Mass: 1964.9 kg
2026-05-07 06:47:59,007 - INFO - Frame 098 | Max Speed: 7.022 m/s | Max Updraft: 7.022 m/s | Pressure Range:[-2.054, 0.978] Pa | Total Smoke Mass: 1925.5 kg
2026-05-07 06:47:59,056 - INFO - Frame 099 | Max Speed: 7.041 m/s | Max Updraft: 7.041 m/s | Pressure Range:[-1.981, 0.992] Pa | Total Smoke Mass: 1893.6 kg
2026-05-07 06:47:59,105 - INFO - Frame 100 | Max Speed: 7.030 m/s | Max Updraft: 7.030 m/s | Pressure Range:[-1.918, 1.002] Pa | Total Smoke Mass: 1869.5 kg
2026-05-07 06:47:59,149 - INFO - Frame 101 | Max Speed: 7.010 m/s | Max Updraft: 7.010 m/s | Pressure Range:[-1.865, 1.016] Pa | Total Smoke Mass: 1853.7 kg
2026-05-07 06:47:59,195 - INFO - Frame 102 | Max Speed: 7.000 m/s | Max Updraft: 7.000 m/s | Pressure Range:[-1.811, 1.028] Pa | Total Smoke Mass: 1839.4 kg
2026-05-07 06:47:59,255 - INFO - Frame 103 | Max Speed: 7.000 m/s | Max Updraft: 7.000 m/s | Pressure Range:[-1.755, 1.035] Pa | Total Smoke Mass: 1826.4 kg
2026-05-07 06:47:59,320 - INFO - Frame 104 | Max Speed: 6.987 m/s | Max Updraft: 6.987 m/s | Pressure Range:[-1.705, 1.036] Pa | Total Smoke Mass: 1815.2 kg
2026-05-07 06:47:59,369 - INFO - Frame 105 | Max Speed: 6.949 m/s | Max Updraft: 6.949 m/s | Pressure Range:[-1.654, 1.034] Pa | Total Smoke Mass: 1806.4 kg
2026-05-07 06:47:59,424 - INFO - Frame 106 | Max Speed: 6.907 m/s | Max Updraft: 6.907 m/s | Pressure Range:[-1.602, 1.033] Pa | Total Smoke Mass: 1799.5 kg
2026-05-07 06:47:59,471 - INFO - Frame 107 | Max Speed: 6.884 m/s | Max Updraft: 6.884 m/s | Pressure Range:[-1.546, 1.026] Pa | Total Smoke Mass: 1793.6 kg
2026-05-07 06:47:59,517 - INFO - Frame 108 | Max Speed: 6.875 m/s | Max Updraft: 6.875 m/s | Pressure Range:[-1.491, 1.017] Pa | Total Smoke Mass: 1788.1 kg
2026-05-07 06:47:59,570 - INFO - Frame 109 | Max Speed: 6.857 m/s | Max Updraft: 6.857 m/s | Pressure Range:[-1.437, 1.013] Pa | Total Smoke Mass: 1783.6 kg
2026-05-07 06:47:59,613 - INFO - Frame 110 | Max Speed: 6.818 m/s | Max Updraft: 6.818 m/s | Pressure Range:[-1.390, 1.012] Pa | Total Smoke Mass: 1779.9 kg
2026-05-07 06:47:59,655 - INFO - Frame 111 | Max Speed: 6.773 m/s | Max Updraft: 6.773 m/s | Pressure Range:[-1.349, 1.007] Pa | Total Smoke Mass: 1777.0 kg
2026-05-07 06:47:59,706 - INFO - Frame 112 | Max Speed: 6.746 m/s | Max Updraft: 6.746 m/s | Pressure Range:[-1.310, 0.994] Pa | Total Smoke Mass: 1774.8 kg
2026-05-07 06:47:59,751 - INFO - Frame 113 | Max Speed: 6.736 m/s | Max Updraft: 6.736 m/s | Pressure Range:[-1.269, 0.976] Pa | Total Smoke Mass: 1772.7 kg
2026-05-07 06:47:59,793 - INFO - Frame 114 | Max Speed: 6.721 m/s | Max Updraft: 6.721 m/s | Pressure Range:[-1.228, 0.963] Pa | Total Smoke Mass: 1770.2 kg
2026-05-07 06:47:59,845 - INFO - Frame 115 | Max Speed: 6.687 m/s | Max Updraft: 6.687 m/s | Pressure Range:[-1.191, 0.951] Pa | Total Smoke Mass: 1767.6 kg
2026-05-07 06:47:59,892 - INFO - Frame 116 | Max Speed: 6.648 m/s | Max Updraft: 6.648 m/s | Pressure Range:[-1.158, 0.940] Pa | Total Smoke Mass: 1764.6 kg
2026-05-07 06:47:59,936 - INFO - Frame 117 | Max Speed: 6.625 m/s | Max Updraft: 6.625 m/s | Pressure Range:[-1.120, 0.933] Pa | Total Smoke Mass: 1760.0 kg
2026-05-07 06:47:59,989 - INFO - Frame 118 | Max Speed: 6.619 m/s | Max Updraft: 6.619 m/s | Pressure Range:[-1.070, 0.928] Pa | Total Smoke Mass: 1753.2 kg
2026-05-07 06:48:00,027 - INFO - Frame 119 | Max Speed: 6.611 m/s | Max Updraft: 6.611 m/s | Pressure Range:[-1.008, 0.921] Pa | Total Smoke Mass: 1744.3 kg
2026-05-07 06:48:00,072 - INFO - Frame 120 | Max Speed: 6.589 m/s | Max Updraft: 6.589 m/s | Pressure Range:[-0.939, 0.908] Pa | Total Smoke Mass: 1733.5 kg
2026-05-07 06:48:00,124 - INFO - Frame 121 | Max Speed: 6.563 m/s | Max Updraft: 6.563 m/s | Pressure Range:[-0.877, 0.890] Pa | Total Smoke Mass: 1721.2 kg
2026-05-07 06:48:00,167 - INFO - Frame 122 | Max Speed: 6.550 m/s | Max Updraft: 6.550 m/s | Pressure Range:[-0.814, 0.879] Pa | Total Smoke Mass: 1707.5 kg
2026-05-07 06:48:00,213 - INFO - Frame 123 | Max Speed: 6.551 m/s | Max Updraft: 6.551 m/s | Pressure Range:[-0.744, 0.879] Pa | Total Smoke Mass: 1692.3 kg
2026-05-07 06:48:00,272 - INFO - Frame 124 | Max Speed: 6.552 m/s | Max Updraft: 6.552 m/s | Pressure Range:[-0.675, 0.881] Pa | Total Smoke Mass: 1675.3 kg
2026-05-07 06:48:00,317 - INFO - Frame 125 | Max Speed: 6.540 m/s | Max Updraft: 6.540 m/s | Pressure Range:[-0.595, 0.888] Pa | Total Smoke Mass: 1657.9 kg
2026-05-07 06:48:00,367 - INFO - Frame 126 | Max Speed: 6.521 m/s | Max Updraft: 6.521 m/s | Pressure Range:[-0.512, 0.890] Pa | Total Smoke Mass: 1641.7 kg
2026-05-07 06:48:00,422 - INFO - Frame 127 | Max Speed: 6.511 m/s | Max Updraft: 6.511 m/s | Pressure Range:[-0.431, 0.881] Pa | Total Smoke Mass: 1627.5 kg
2026-05-07 06:48:00,473 - INFO - Frame 128 | Max Speed: 6.514 m/s | Max Updraft: 6.514 m/s | Pressure Range:[-0.400, 0.866] Pa | Total Smoke Mass: 1615.7 kg
2026-05-07 06:48:00,474 - INFO - --- SIMULATION COMPLETE: Sim_Re_100 ---
