2026-05-07 06:50:53,618 - INFO - --- STARTING SIMULATION: Sim_Re_200 ---
2026-05-07 06:50:53,618 - INFO - Target Reynolds Number: 200 -> Calculated Viscosity (nu): 0.5000
2026-05-07 06:50:53,618 - INFO - Initializing fluid sensors (Velocity, Pressure, Density)...
2026-05-07 06:50:57,112 - INFO - Frame 001 | Max Speed: 0.134 m/s | Max Updraft: 0.134 m/s | Pressure Range:[-0.341, 0.626] Pa | Total Smoke Mass: 38.4 kg
2026-05-07 06:50:57,169 - INFO - Frame 002 | Max Speed: 0.281 m/s | Max Updraft: 0.281 m/s | Pressure Range:[-0.395, 0.728] Pa | Total Smoke Mass: 76.8 kg
2026-05-07 06:50:57,219 - INFO - Frame 003 | Max Speed: 0.454 m/s | Max Updraft: 0.454 m/s | Pressure Range:[-0.448, 0.825] Pa | Total Smoke Mass: 115.1 kg
2026-05-07 06:50:57,279 - INFO - Frame 004 | Max Speed: 0.648 m/s | Max Updraft: 0.648 m/s | Pressure Range:[-0.503, 0.918] Pa | Total Smoke Mass: 153.4 kg
2026-05-07 06:50:57,340 - INFO - Frame 005 | Max Speed: 0.859 m/s | Max Updraft: 0.859 m/s | Pressure Range:[-0.563, 1.010] Pa | Total Smoke Mass: 191.6 kg
2026-05-07 06:50:57,397 - INFO - Frame 006 | Max Speed: 1.084 m/s | Max Updraft: 1.084 m/s | Pressure Range:[-0.622, 1.097] Pa | Total Smoke Mass: 229.3 kg
2026-05-07 06:50:57,445 - INFO - Frame 007 | Max Speed: 1.323 m/s | Max Updraft: 1.323 m/s | Pressure Range:[-0.685, 1.171] Pa | Total Smoke Mass: 267.0 kg
2026-05-07 06:50:57,497 - INFO - Frame 008 | Max Speed: 1.576 m/s | Max Updraft: 1.576 m/s | Pressure Range:[-0.747, 1.253] Pa | Total Smoke Mass: 304.8 kg
2026-05-07 06:50:57,545 - INFO - Frame 009 | Max Speed: 1.846 m/s | Max Updraft: 1.846 m/s | Pressure Range:[-0.793, 1.307] Pa | Total Smoke Mass: 342.7 kg
2026-05-07 06:50:57,592 - INFO - Frame 010 | Max Speed: 2.114 m/s | Max Updraft: 2.114 m/s | Pressure Range:[-0.852, 1.366] Pa | Total Smoke Mass: 380.8 kg
2026-05-07 06:50:57,640 - INFO - Frame 011 | Max Speed: 2.383 m/s | Max Updraft: 2.383 m/s | Pressure Range:[-0.941, 1.421] Pa | Total Smoke Mass: 419.1 kg
2026-05-07 06:50:57,689 - INFO - Frame 012 | Max Speed: 2.635 m/s | Max Updraft: 2.635 m/s | Pressure Range:[-1.058, 1.479] Pa | Total Smoke Mass: 457.8 kg
2026-05-07 06:50:57,735 - INFO - Frame 013 | Max Speed: 2.869 m/s | Max Updraft: 2.869 m/s | Pressure Range:[-1.205, 1.540] Pa | Total Smoke Mass: 496.9 kg
2026-05-07 06:50:57,786 - INFO - Frame 014 | Max Speed: 3.092 m/s | Max Updraft: 3.092 m/s | Pressure Range:[-1.372, 1.601] Pa | Total Smoke Mass: 536.5 kg
2026-05-07 06:50:57,832 - INFO - Frame 015 | Max Speed: 3.302 m/s | Max Updraft: 3.302 m/s | Pressure Range:[-1.527, 1.660] Pa | Total Smoke Mass: 575.9 kg
2026-05-07 06:50:57,879 - INFO - Frame 016 | Max Speed: 3.490 m/s | Max Updraft: 3.490 m/s | Pressure Range:[-1.692, 1.712] Pa | Total Smoke Mass: 614.8 kg
2026-05-07 06:50:57,929 - INFO - Frame 017 | Max Speed: 3.668 m/s | Max Updraft: 3.668 m/s | Pressure Range:[-1.860, 1.754] Pa | Total Smoke Mass: 652.8 kg
2026-05-07 06:50:57,973 - INFO - Frame 018 | Max Speed: 3.832 m/s | Max Updraft: 3.832 m/s | Pressure Range:[-2.000, 1.783] Pa | Total Smoke Mass: 689.1 kg
2026-05-07 06:50:58,017 - INFO - Frame 019 | Max Speed: 3.979 m/s | Max Updraft: 3.979 m/s | Pressure Range:[-2.113, 1.812] Pa | Total Smoke Mass: 724.1 kg
2026-05-07 06:50:58,071 - INFO - Frame 020 | Max Speed: 4.125 m/s | Max Updraft: 4.125 m/s | Pressure Range:[-2.222, 1.825] Pa | Total Smoke Mass: 757.8 kg
2026-05-07 06:50:58,117 - INFO - Frame 021 | Max Speed: 4.254 m/s | Max Updraft: 4.254 m/s | Pressure Range:[-2.333, 1.825] Pa | Total Smoke Mass: 792.3 kg
2026-05-07 06:50:58,166 - INFO - Frame 022 | Max Speed: 4.377 m/s | Max Updraft: 4.377 m/s | Pressure Range:[-2.431, 1.813] Pa | Total Smoke Mass: 828.3 kg
2026-05-07 06:50:58,213 - INFO - Frame 023 | Max Speed: 4.491 m/s | Max Updraft: 4.491 m/s | Pressure Range:[-2.528, 1.815] Pa | Total Smoke Mass: 865.2 kg
2026-05-07 06:50:58,263 - INFO - Frame 024 | Max Speed: 4.594 m/s | Max Updraft: 4.594 m/s | Pressure Range:[-2.613, 1.819] Pa | Total Smoke Mass: 902.8 kg
2026-05-07 06:50:58,312 - INFO - Frame 025 | Max Speed: 4.690 m/s | Max Updraft: 4.690 m/s | Pressure Range:[-2.686, 1.828] Pa | Total Smoke Mass: 941.8 kg
2026-05-07 06:50:58,376 - INFO - Frame 026 | Max Speed: 4.786 m/s | Max Updraft: 4.786 m/s | Pressure Range:[-2.775, 1.849] Pa | Total Smoke Mass: 980.6 kg
2026-05-07 06:50:58,426 - INFO - Frame 027 | Max Speed: 4.884 m/s | Max Updraft: 4.884 m/s | Pressure Range:[-2.847, 1.874] Pa | Total Smoke Mass: 1020.9 kg
2026-05-07 06:50:58,476 - INFO - Frame 028 | Max Speed: 4.978 m/s | Max Updraft: 4.978 m/s | Pressure Range:[-2.923, 1.895] Pa | Total Smoke Mass: 1061.7 kg
2026-05-07 06:50:58,531 - INFO - Frame 029 | Max Speed: 5.066 m/s | Max Updraft: 5.066 m/s | Pressure Range:[-2.979, 1.908] Pa | Total Smoke Mass: 1104.3 kg
2026-05-07 06:50:58,582 - INFO - Frame 030 | Max Speed: 5.147 m/s | Max Updraft: 5.147 m/s | Pressure Range:[-3.035, 1.928] Pa | Total Smoke Mass: 1146.8 kg
2026-05-07 06:50:58,647 - INFO - Frame 031 | Max Speed: 5.222 m/s | Max Updraft: 5.222 m/s | Pressure Range:[-3.093, 1.939] Pa | Total Smoke Mass: 1190.3 kg
2026-05-07 06:50:58,698 - INFO - Frame 032 | Max Speed: 5.295 m/s | Max Updraft: 5.295 m/s | Pressure Range:[-3.138, 1.948] Pa | Total Smoke Mass: 1234.0 kg
2026-05-07 06:50:58,750 - INFO - Frame 033 | Max Speed: 5.371 m/s | Max Updraft: 5.371 m/s | Pressure Range:[-3.182, 1.970] Pa | Total Smoke Mass: 1277.7 kg
2026-05-07 06:50:58,799 - INFO - Frame 034 | Max Speed: 5.448 m/s | Max Updraft: 5.448 m/s | Pressure Range:[-3.225, 1.988] Pa | Total Smoke Mass: 1321.9 kg
2026-05-07 06:50:58,850 - INFO - Frame 035 | Max Speed: 5.521 m/s | Max Updraft: 5.521 m/s | Pressure Range:[-3.276, 2.017] Pa | Total Smoke Mass: 1366.1 kg
2026-05-07 06:50:58,899 - INFO - Frame 036 | Max Speed: 5.589 m/s | Max Updraft: 5.589 m/s | Pressure Range:[-3.330, 2.040] Pa | Total Smoke Mass: 1410.5 kg
2026-05-07 06:50:58,955 - INFO - Frame 037 | Max Speed: 5.647 m/s | Max Updraft: 5.647 m/s | Pressure Range:[-3.364, 2.062] Pa | Total Smoke Mass: 1454.8 kg
2026-05-07 06:50:58,997 - INFO - Frame 038 | Max Speed: 5.705 m/s | Max Updraft: 5.705 m/s | Pressure Range:[-3.397, 2.080] Pa | Total Smoke Mass: 1499.2 kg
2026-05-07 06:50:59,034 - INFO - Frame 039 | Max Speed: 5.761 m/s | Max Updraft: 5.761 m/s | Pressure Range:[-3.432, 2.091] Pa | Total Smoke Mass: 1544.2 kg
2026-05-07 06:50:59,072 - INFO - Frame 040 | Max Speed: 5.821 m/s | Max Updraft: 5.821 m/s | Pressure Range:[-3.466, 2.106] Pa | Total Smoke Mass: 1587.6 kg
2026-05-07 06:50:59,108 - INFO - Frame 041 | Max Speed: 5.882 m/s | Max Updraft: 5.882 m/s | Pressure Range:[-3.505, 2.112] Pa | Total Smoke Mass: 1632.0 kg
2026-05-07 06:50:59,143 - INFO - Frame 042 | Max Speed: 5.944 m/s | Max Updraft: 5.944 m/s | Pressure Range:[-3.542, 2.131] Pa | Total Smoke Mass: 1676.2 kg
2026-05-07 06:50:59,182 - INFO - Frame 043 | Max Speed: 6.000 m/s | Max Updraft: 6.000 m/s | Pressure Range:[-3.567, 2.146] Pa | Total Smoke Mass: 1720.0 kg
2026-05-07 06:50:59,219 - INFO - Frame 044 | Max Speed: 6.050 m/s | Max Updraft: 6.050 m/s | Pressure Range:[-3.604, 2.166] Pa | Total Smoke Mass: 1764.4 kg
2026-05-07 06:50:59,256 - INFO - Frame 045 | Max Speed: 6.094 m/s | Max Updraft: 6.094 m/s | Pressure Range:[-3.638, 2.184] Pa | Total Smoke Mass: 1808.8 kg
2026-05-07 06:50:59,302 - INFO - Frame 046 | Max Speed: 6.138 m/s | Max Updraft: 6.138 m/s | Pressure Range:[-3.669, 2.195] Pa | Total Smoke Mass: 1852.9 kg
2026-05-07 06:50:59,339 - INFO - Frame 047 | Max Speed: 6.184 m/s | Max Updraft: 6.184 m/s | Pressure Range:[-3.724, 2.210] Pa | Total Smoke Mass: 1896.9 kg
2026-05-07 06:50:59,377 - INFO - Frame 048 | Max Speed: 6.235 m/s | Max Updraft: 6.235 m/s | Pressure Range:[-3.766, 2.209] Pa | Total Smoke Mass: 1941.5 kg
2026-05-07 06:50:59,418 - INFO - Frame 049 | Max Speed: 6.291 m/s | Max Updraft: 6.291 m/s | Pressure Range:[-3.796, 2.219] Pa | Total Smoke Mass: 1985.5 kg
2026-05-07 06:50:59,462 - INFO - Frame 050 | Max Speed: 6.344 m/s | Max Updraft: 6.344 m/s | Pressure Range:[-3.845, 2.221] Pa | Total Smoke Mass: 2029.5 kg
2026-05-07 06:50:59,498 - INFO - Frame 051 | Max Speed: 6.393 m/s | Max Updraft: 6.393 m/s | Pressure Range:[-3.886, 2.220] Pa | Total Smoke Mass: 2073.8 kg
2026-05-07 06:50:59,536 - INFO - Frame 052 | Max Speed: 6.437 m/s | Max Updraft: 6.437 m/s | Pressure Range:[-3.915, 2.234] Pa | Total Smoke Mass: 2117.6 kg
2026-05-07 06:50:59,573 - INFO - Frame 053 | Max Speed: 6.476 m/s | Max Updraft: 6.476 m/s | Pressure Range:[-3.957, 2.239] Pa | Total Smoke Mass: 2161.2 kg
2026-05-07 06:50:59,609 - INFO - Frame 054 | Max Speed: 6.515 m/s | Max Updraft: 6.515 m/s | Pressure Range:[-4.008, 2.236] Pa | Total Smoke Mass: 2205.3 kg
2026-05-07 06:50:59,648 - INFO - Frame 055 | Max Speed: 6.557 m/s | Max Updraft: 6.557 m/s | Pressure Range:[-4.047, 2.233] Pa | Total Smoke Mass: 2250.0 kg
2026-05-07 06:50:59,686 - INFO - Frame 056 | Max Speed: 6.605 m/s | Max Updraft: 6.605 m/s | Pressure Range:[-4.083, 2.226] Pa | Total Smoke Mass: 2294.4 kg
2026-05-07 06:50:59,723 - INFO - Frame 057 | Max Speed: 6.656 m/s | Max Updraft: 6.656 m/s | Pressure Range:[-4.134, 2.208] Pa | Total Smoke Mass: 2338.5 kg
2026-05-07 06:50:59,760 - INFO - Frame 058 | Max Speed: 6.708 m/s | Max Updraft: 6.708 m/s | Pressure Range:[-4.167, 2.184] Pa | Total Smoke Mass: 2382.7 kg
2026-05-07 06:50:59,797 - INFO - Frame 059 | Max Speed: 6.759 m/s | Max Updraft: 6.759 m/s | Pressure Range:[-4.183, 2.168] Pa | Total Smoke Mass: 2426.9 kg
2026-05-07 06:50:59,833 - INFO - Frame 060 | Max Speed: 6.805 m/s | Max Updraft: 6.805 m/s | Pressure Range:[-4.206, 2.156] Pa | Total Smoke Mass: 2471.0 kg
2026-05-07 06:50:59,873 - INFO - Frame 061 | Max Speed: 6.848 m/s | Max Updraft: 6.848 m/s | Pressure Range:[-4.229, 2.140] Pa | Total Smoke Mass: 2515.0 kg
2026-05-07 06:50:59,910 - INFO - Frame 062 | Max Speed: 6.889 m/s | Max Updraft: 6.889 m/s | Pressure Range:[-4.242, 2.113] Pa | Total Smoke Mass: 2558.8 kg
2026-05-07 06:50:59,946 - INFO - Frame 063 | Max Speed: 6.931 m/s | Max Updraft: 6.931 m/s | Pressure Range:[-4.262, 2.077] Pa | Total Smoke Mass: 2603.1 kg
2026-05-07 06:50:59,986 - INFO - Frame 064 | Max Speed: 6.974 m/s | Max Updraft: 6.974 m/s | Pressure Range:[-4.291, 2.027] Pa | Total Smoke Mass: 2647.5 kg
2026-05-07 06:51:00,021 - INFO - Frame 065 | Max Speed: 7.021 m/s | Max Updraft: 7.021 m/s | Pressure Range:[-4.310, 1.968] Pa | Total Smoke Mass: 2691.5 kg
2026-05-07 06:51:00,058 - INFO - Frame 066 | Max Speed: 7.071 m/s | Max Updraft: 7.071 m/s | Pressure Range:[-4.320, 1.905] Pa | Total Smoke Mass: 2735.8 kg
2026-05-07 06:51:00,096 - INFO - Frame 067 | Max Speed: 7.123 m/s | Max Updraft: 7.123 m/s | Pressure Range:[-4.328, 1.844] Pa | Total Smoke Mass: 2780.4 kg
2026-05-07 06:51:00,134 - INFO - Frame 068 | Max Speed: 7.176 m/s | Max Updraft: 7.176 m/s | Pressure Range:[-4.343, 1.777] Pa | Total Smoke Mass: 2824.1 kg
2026-05-07 06:51:00,169 - INFO - Frame 069 | Max Speed: 7.226 m/s | Max Updraft: 7.226 m/s | Pressure Range:[-4.357, 1.697] Pa | Total Smoke Mass: 2868.0 kg
2026-05-07 06:51:00,208 - INFO - Frame 070 | Max Speed: 7.275 m/s | Max Updraft: 7.275 m/s | Pressure Range:[-4.363, 1.595] Pa | Total Smoke Mass: 2912.4 kg
2026-05-07 06:51:00,247 - INFO - Frame 071 | Max Speed: 7.324 m/s | Max Updraft: 7.324 m/s | Pressure Range:[-4.364, 1.469] Pa | Total Smoke Mass: 2957.1 kg
2026-05-07 06:51:00,285 - INFO - Frame 072 | Max Speed: 7.370 m/s | Max Updraft: 7.370 m/s | Pressure Range:[-4.361, 1.315] Pa | Total Smoke Mass: 3002.5 kg
2026-05-07 06:51:00,327 - INFO - Frame 073 | Max Speed: 7.416 m/s | Max Updraft: 7.416 m/s | Pressure Range:[-4.356, 1.142] Pa | Total Smoke Mass: 3048.1 kg
2026-05-07 06:51:00,364 - INFO - Frame 074 | Max Speed: 7.464 m/s | Max Updraft: 7.464 m/s | Pressure Range:[-4.345, 0.944] Pa | Total Smoke Mass: 3094.1 kg
2026-05-07 06:51:00,398 - INFO - Frame 075 | Max Speed: 7.515 m/s | Max Updraft: 7.515 m/s | Pressure Range:[-4.332, 0.717] Pa | Total Smoke Mass: 3141.8 kg
2026-05-07 06:51:00,437 - INFO - Frame 076 | Max Speed: 7.576 m/s | Max Updraft: 7.576 m/s | Pressure Range:[-4.311, 0.444] Pa | Total Smoke Mass: 3189.5 kg
2026-05-07 06:51:00,484 - INFO - Frame 077 | Max Speed: 7.639 m/s | Max Updraft: 7.639 m/s | Pressure Range:[-4.268, 0.367] Pa | Total Smoke Mass: 3228.5 kg
2026-05-07 06:51:00,522 - INFO - Frame 078 | Max Speed: 7.706 m/s | Max Updraft: 7.706 m/s | Pressure Range:[-4.190, 0.391] Pa | Total Smoke Mass: 3233.1 kg
2026-05-07 06:51:00,561 - INFO - Frame 079 | Max Speed: 7.762 m/s | Max Updraft: 7.762 m/s | Pressure Range:[-4.067, 0.422] Pa | Total Smoke Mass: 3170.7 kg
2026-05-07 06:51:00,598 - INFO - Frame 080 | Max Speed: 7.797 m/s | Max Updraft: 7.797 m/s | Pressure Range:[-3.922, 0.457] Pa | Total Smoke Mass: 3090.7 kg
2026-05-07 06:51:00,635 - INFO - Frame 081 | Max Speed: 7.806 m/s | Max Updraft: 7.806 m/s | Pressure Range:[-3.765, 0.489] Pa | Total Smoke Mass: 3022.1 kg
2026-05-07 06:51:00,674 - INFO - Frame 082 | Max Speed: 7.791 m/s | Max Updraft: 7.791 m/s | Pressure Range:[-3.626, 0.572] Pa | Total Smoke Mass: 2976.5 kg
2026-05-07 06:51:00,711 - INFO - Frame 083 | Max Speed: 7.823 m/s | Max Updraft: 7.823 m/s | Pressure Range:[-3.534, 0.622] Pa | Total Smoke Mass: 2940.3 kg
2026-05-07 06:51:00,748 - INFO - Frame 084 | Max Speed: 7.754 m/s | Max Updraft: 7.754 m/s | Pressure Range:[-3.484, 0.659] Pa | Total Smoke Mass: 2898.1 kg
2026-05-07 06:51:00,785 - INFO - Frame 085 | Max Speed: 7.791 m/s | Max Updraft: 7.790 m/s | Pressure Range:[-3.445, 0.694] Pa | Total Smoke Mass: 2837.9 kg
2026-05-07 06:51:00,821 - INFO - Frame 086 | Max Speed: 7.833 m/s | Max Updraft: 7.833 m/s | Pressure Range:[-3.370, 0.736] Pa | Total Smoke Mass: 2738.0 kg
2026-05-07 06:51:00,856 - INFO - Frame 087 | Max Speed: 7.873 m/s | Max Updraft: 7.873 m/s | Pressure Range:[-3.246, 0.799] Pa | Total Smoke Mass: 2585.5 kg
2026-05-07 06:51:00,894 - INFO - Frame 088 | Max Speed: 7.906 m/s | Max Updraft: 7.906 m/s | Pressure Range:[-3.115, 0.882] Pa | Total Smoke Mass: 2417.2 kg
2026-05-07 06:51:00,929 - INFO - Frame 089 | Max Speed: 7.928 m/s | Max Updraft: 7.928 m/s | Pressure Range:[-2.971, 0.976] Pa | Total Smoke Mass: 2268.0 kg
2026-05-07 06:51:00,964 - INFO - Frame 090 | Max Speed: 7.940 m/s | Max Updraft: 7.940 m/s | Pressure Range:[-2.825, 1.057] Pa | Total Smoke Mass: 2155.6 kg
2026-05-07 06:51:01,005 - INFO - Frame 091 | Max Speed: 7.942 m/s | Max Updraft: 7.942 m/s | Pressure Range:[-2.706, 1.121] Pa | Total Smoke Mass: 2072.7 kg
2026-05-07 06:51:01,041 - INFO - Frame 092 | Max Speed: 7.935 m/s | Max Updraft: 7.935 m/s | Pressure Range:[-2.593, 1.172] Pa | Total Smoke Mass: 2012.6 kg
2026-05-07 06:51:01,078 - INFO - Frame 093 | Max Speed: 7.932 m/s | Max Updraft: 7.932 m/s | Pressure Range:[-2.484, 1.223] Pa | Total Smoke Mass: 1969.1 kg
2026-05-07 06:51:01,117 - INFO - Frame 094 | Max Speed: 7.941 m/s | Max Updraft: 7.941 m/s | Pressure Range:[-2.408, 1.254] Pa | Total Smoke Mass: 1938.8 kg
2026-05-07 06:51:01,152 - INFO - Frame 095 | Max Speed: 7.911 m/s | Max Updraft: 7.911 m/s | Pressure Range:[-2.348, 1.266] Pa | Total Smoke Mass: 1917.6 kg
2026-05-07 06:51:01,188 - INFO - Frame 096 | Max Speed: 7.874 m/s | Max Updraft: 7.874 m/s | Pressure Range:[-2.301, 1.270] Pa | Total Smoke Mass: 1903.3 kg
2026-05-07 06:51:01,226 - INFO - Frame 097 | Max Speed: 7.843 m/s | Max Updraft: 7.843 m/s | Pressure Range:[-2.271, 1.289] Pa | Total Smoke Mass: 1891.8 kg
2026-05-07 06:51:01,264 - INFO - Frame 098 | Max Speed: 7.816 m/s | Max Updraft: 7.816 m/s | Pressure Range:[-2.229, 1.305] Pa | Total Smoke Mass: 1881.7 kg
2026-05-07 06:51:01,301 - INFO - Frame 099 | Max Speed: 7.775 m/s | Max Updraft: 7.775 m/s | Pressure Range:[-2.192, 1.316] Pa | Total Smoke Mass: 1874.5 kg
2026-05-07 06:51:01,342 - INFO - Frame 100 | Max Speed: 7.716 m/s | Max Updraft: 7.716 m/s | Pressure Range:[-2.158, 1.314] Pa | Total Smoke Mass: 1869.8 kg
2026-05-07 06:51:01,378 - INFO - Frame 101 | Max Speed: 7.665 m/s | Max Updraft: 7.665 m/s | Pressure Range:[-2.123, 1.307] Pa | Total Smoke Mass: 1865.3 kg
2026-05-07 06:51:01,414 - INFO - Frame 102 | Max Speed: 7.632 m/s | Max Updraft: 7.632 m/s | Pressure Range:[-2.101, 1.309] Pa | Total Smoke Mass: 1860.5 kg
2026-05-07 06:51:01,453 - INFO - Frame 103 | Max Speed: 7.608 m/s | Max Updraft: 7.608 m/s | Pressure Range:[-2.074, 1.305] Pa | Total Smoke Mass: 1854.8 kg
2026-05-07 06:51:01,490 - INFO - Frame 104 | Max Speed: 7.574 m/s | Max Updraft: 7.574 m/s | Pressure Range:[-2.058, 1.309] Pa | Total Smoke Mass: 1848.9 kg
2026-05-07 06:51:01,534 - INFO - Frame 105 | Max Speed: 7.526 m/s | Max Updraft: 7.526 m/s | Pressure Range:[-2.045, 1.323] Pa | Total Smoke Mass: 1843.6 kg
2026-05-07 06:51:01,571 - INFO - Frame 106 | Max Speed: 7.476 m/s | Max Updraft: 7.476 m/s | Pressure Range:[-2.037, 1.332] Pa | Total Smoke Mass: 1839.0 kg
2026-05-07 06:51:01,607 - INFO - Frame 107 | Max Speed: 7.453 m/s | Max Updraft: 7.453 m/s | Pressure Range:[-2.029, 1.335] Pa | Total Smoke Mass: 1833.6 kg
2026-05-07 06:51:01,643 - INFO - Frame 108 | Max Speed: 7.453 m/s | Max Updraft: 7.453 m/s | Pressure Range:[-2.007, 1.338] Pa | Total Smoke Mass: 1824.1 kg
2026-05-07 06:51:01,680 - INFO - Frame 109 | Max Speed: 7.447 m/s | Max Updraft: 7.447 m/s | Pressure Range:[-1.975, 1.340] Pa | Total Smoke Mass: 1810.4 kg
2026-05-07 06:51:01,717 - INFO - Frame 110 | Max Speed: 7.423 m/s | Max Updraft: 7.423 m/s | Pressure Range:[-1.935, 1.343] Pa | Total Smoke Mass: 1794.7 kg
2026-05-07 06:51:01,754 - INFO - Frame 111 | Max Speed: 7.397 m/s | Max Updraft: 7.397 m/s | Pressure Range:[-1.880, 1.354] Pa | Total Smoke Mass: 1777.5 kg
2026-05-07 06:51:01,793 - INFO - Frame 112 | Max Speed: 7.391 m/s | Max Updraft: 7.391 m/s | Pressure Range:[-1.808, 1.376] Pa | Total Smoke Mass: 1759.7 kg
2026-05-07 06:51:01,829 - INFO - Frame 113 | Max Speed: 7.405 m/s | Max Updraft: 7.405 m/s | Pressure Range:[-1.715, 1.414] Pa | Total Smoke Mass: 1740.6 kg
2026-05-07 06:51:01,865 - INFO - Frame 114 | Max Speed: 7.411 m/s | Max Updraft: 7.411 m/s | Pressure Range:[-1.627, 1.456] Pa | Total Smoke Mass: 1721.5 kg
2026-05-07 06:51:01,904 - INFO - Frame 115 | Max Speed: 7.400 m/s | Max Updraft: 7.400 m/s | Pressure Range:[-1.510, 1.489] Pa | Total Smoke Mass: 1703.5 kg
2026-05-07 06:51:01,940 - INFO - Frame 116 | Max Speed: 7.385 m/s | Max Updraft: 7.385 m/s | Pressure Range:[-1.367, 1.509] Pa | Total Smoke Mass: 1687.7 kg
2026-05-07 06:51:01,976 - INFO - Frame 117 | Max Speed: 7.383 m/s | Max Updraft: 7.383 m/s | Pressure Range:[-1.229, 1.515] Pa | Total Smoke Mass: 1674.9 kg
2026-05-07 06:51:02,016 - INFO - Frame 118 | Max Speed: 7.390 m/s | Max Updraft: 7.390 m/s | Pressure Range:[-1.078, 1.517] Pa | Total Smoke Mass: 1665.2 kg
2026-05-07 06:51:02,052 - INFO - Frame 119 | Max Speed: 7.387 m/s | Max Updraft: 7.386 m/s | Pressure Range:[-0.927, 1.516] Pa | Total Smoke Mass: 1658.7 kg
2026-05-07 06:51:02,088 - INFO - Frame 120 | Max Speed: 7.365 m/s | Max Updraft: 7.365 m/s | Pressure Range:[-0.785, 1.505] Pa | Total Smoke Mass: 1655.3 kg
2026-05-07 06:51:02,127 - INFO - Frame 121 | Max Speed: 7.336 m/s | Max Updraft: 7.336 m/s | Pressure Range:[-0.646, 1.475] Pa | Total Smoke Mass: 1654.8 kg
2026-05-07 06:51:02,162 - INFO - Frame 122 | Max Speed: 7.314 m/s | Max Updraft: 7.314 m/s | Pressure Range:[-0.524, 1.426] Pa | Total Smoke Mass: 1656.4 kg
2026-05-07 06:51:02,198 - INFO - Frame 123 | Max Speed: 7.299 m/s | Max Updraft: 7.298 m/s | Pressure Range:[-0.426, 1.364] Pa | Total Smoke Mass: 1659.2 kg
2026-05-07 06:51:02,237 - INFO - Frame 124 | Max Speed: 7.275 m/s | Max Updraft: 7.274 m/s | Pressure Range:[-0.364, 1.294] Pa | Total Smoke Mass: 1662.6 kg
2026-05-07 06:51:02,274 - INFO - Frame 125 | Max Speed: 7.238 m/s | Max Updraft: 7.238 m/s | Pressure Range:[-0.365, 1.220] Pa | Total Smoke Mass: 1666.4 kg
2026-05-07 06:51:02,313 - INFO - Frame 126 | Max Speed: 7.198 m/s | Max Updraft: 7.198 m/s | Pressure Range:[-0.369, 1.148] Pa | Total Smoke Mass: 1670.6 kg
2026-05-07 06:51:02,357 - INFO - Frame 127 | Max Speed: 7.167 m/s | Max Updraft: 7.167 m/s | Pressure Range:[-0.373, 1.076] Pa | Total Smoke Mass: 1675.2 kg
2026-05-07 06:51:02,393 - INFO - Frame 128 | Max Speed: 7.146 m/s | Max Updraft: 7.146 m/s | Pressure Range:[-0.375, 1.000] Pa | Total Smoke Mass: 1679.3 kg
2026-05-07 06:51:02,394 - INFO - --- SIMULATION COMPLETE: Sim_Re_200 ---
