2026-05-07 06:56:45,009 - INFO - --- STARTING SIMULATION: Sim_Re_600 ---
2026-05-07 06:56:45,009 - INFO - Target Reynolds Number: 600 -> Calculated Viscosity (nu): 0.1667
2026-05-07 06:56:45,009 - INFO - Initializing fluid sensors (Velocity, Pressure, Density)...
2026-05-07 06:56:48,082 - INFO - Frame 001 | Max Speed: 0.137 m/s | Max Updraft: 0.137 m/s | Pressure Range:[-0.373, 0.658] Pa | Total Smoke Mass: 38.4 kg
2026-05-07 06:56:48,123 - INFO - Frame 002 | Max Speed: 0.290 m/s | Max Updraft: 0.290 m/s | Pressure Range:[-0.431, 0.763] Pa | Total Smoke Mass: 76.8 kg
2026-05-07 06:56:48,160 - INFO - Frame 003 | Max Speed: 0.462 m/s | Max Updraft: 0.462 m/s | Pressure Range:[-0.487, 0.864] Pa | Total Smoke Mass: 115.1 kg
2026-05-07 06:56:48,197 - INFO - Frame 004 | Max Speed: 0.659 m/s | Max Updraft: 0.659 m/s | Pressure Range:[-0.545, 0.961] Pa | Total Smoke Mass: 153.4 kg
2026-05-07 06:56:48,236 - INFO - Frame 005 | Max Speed: 0.875 m/s | Max Updraft: 0.875 m/s | Pressure Range:[-0.606, 1.055] Pa | Total Smoke Mass: 191.5 kg
2026-05-07 06:56:48,273 - INFO - Frame 006 | Max Speed: 1.113 m/s | Max Updraft: 1.113 m/s | Pressure Range:[-0.663, 1.142] Pa | Total Smoke Mass: 229.2 kg
2026-05-07 06:56:48,317 - INFO - Frame 007 | Max Speed: 1.378 m/s | Max Updraft: 1.378 m/s | Pressure Range:[-0.713, 1.210] Pa | Total Smoke Mass: 266.9 kg
2026-05-07 06:56:48,363 - INFO - Frame 008 | Max Speed: 1.665 m/s | Max Updraft: 1.665 m/s | Pressure Range:[-0.768, 1.280] Pa | Total Smoke Mass: 304.6 kg
2026-05-07 06:56:48,409 - INFO - Frame 009 | Max Speed: 1.973 m/s | Max Updraft: 1.973 m/s | Pressure Range:[-0.844, 1.333] Pa | Total Smoke Mass: 342.4 kg
2026-05-07 06:56:48,460 - INFO - Frame 010 | Max Speed: 2.281 m/s | Max Updraft: 2.281 m/s | Pressure Range:[-0.975, 1.383] Pa | Total Smoke Mass: 380.4 kg
2026-05-07 06:56:48,498 - INFO - Frame 011 | Max Speed: 2.587 m/s | Max Updraft: 2.587 m/s | Pressure Range:[-1.171, 1.439] Pa | Total Smoke Mass: 418.4 kg
2026-05-07 06:56:48,534 - INFO - Frame 012 | Max Speed: 2.877 m/s | Max Updraft: 2.877 m/s | Pressure Range:[-1.422, 1.502] Pa | Total Smoke Mass: 457.0 kg
2026-05-07 06:56:48,570 - INFO - Frame 013 | Max Speed: 3.143 m/s | Max Updraft: 3.143 m/s | Pressure Range:[-1.675, 1.569] Pa | Total Smoke Mass: 496.2 kg
2026-05-07 06:56:48,608 - INFO - Frame 014 | Max Speed: 3.385 m/s | Max Updraft: 3.385 m/s | Pressure Range:[-1.909, 1.630] Pa | Total Smoke Mass: 535.4 kg
2026-05-07 06:56:48,644 - INFO - Frame 015 | Max Speed: 3.602 m/s | Max Updraft: 3.602 m/s | Pressure Range:[-2.138, 1.682] Pa | Total Smoke Mass: 574.2 kg
2026-05-07 06:56:48,681 - INFO - Frame 016 | Max Speed: 3.798 m/s | Max Updraft: 3.798 m/s | Pressure Range:[-2.374, 1.726] Pa | Total Smoke Mass: 612.0 kg
2026-05-07 06:56:48,718 - INFO - Frame 017 | Max Speed: 3.988 m/s | Max Updraft: 3.988 m/s | Pressure Range:[-2.564, 1.770] Pa | Total Smoke Mass: 648.8 kg
2026-05-07 06:56:48,753 - INFO - Frame 018 | Max Speed: 4.160 m/s | Max Updraft: 4.160 m/s | Pressure Range:[-2.687, 1.805] Pa | Total Smoke Mass: 683.8 kg
2026-05-07 06:56:48,787 - INFO - Frame 019 | Max Speed: 4.306 m/s | Max Updraft: 4.306 m/s | Pressure Range:[-2.779, 1.827] Pa | Total Smoke Mass: 719.0 kg
2026-05-07 06:56:48,825 - INFO - Frame 020 | Max Speed: 4.453 m/s | Max Updraft: 4.453 m/s | Pressure Range:[-2.893, 1.832] Pa | Total Smoke Mass: 752.9 kg
2026-05-07 06:56:48,859 - INFO - Frame 021 | Max Speed: 4.586 m/s | Max Updraft: 4.586 m/s | Pressure Range:[-2.977, 1.824] Pa | Total Smoke Mass: 787.7 kg
2026-05-07 06:56:48,893 - INFO - Frame 022 | Max Speed: 4.713 m/s | Max Updraft: 4.713 m/s | Pressure Range:[-3.070, 1.821] Pa | Total Smoke Mass: 823.4 kg
2026-05-07 06:56:48,931 - INFO - Frame 023 | Max Speed: 4.827 m/s | Max Updraft: 4.827 m/s | Pressure Range:[-3.149, 1.828] Pa | Total Smoke Mass: 860.0 kg
2026-05-07 06:56:48,968 - INFO - Frame 024 | Max Speed: 4.930 m/s | Max Updraft: 4.930 m/s | Pressure Range:[-3.239, 1.838] Pa | Total Smoke Mass: 898.5 kg
2026-05-07 06:56:49,003 - INFO - Frame 025 | Max Speed: 5.031 m/s | Max Updraft: 5.031 m/s | Pressure Range:[-3.334, 1.849] Pa | Total Smoke Mass: 937.8 kg
2026-05-07 06:56:49,054 - INFO - Frame 026 | Max Speed: 5.134 m/s | Max Updraft: 5.134 m/s | Pressure Range:[-3.387, 1.887] Pa | Total Smoke Mass: 978.1 kg
2026-05-07 06:56:49,091 - INFO - Frame 027 | Max Speed: 5.239 m/s | Max Updraft: 5.239 m/s | Pressure Range:[-3.426, 1.922] Pa | Total Smoke Mass: 1019.0 kg
2026-05-07 06:56:49,125 - INFO - Frame 028 | Max Speed: 5.346 m/s | Max Updraft: 5.346 m/s | Pressure Range:[-3.530, 1.949] Pa | Total Smoke Mass: 1061.5 kg
2026-05-07 06:56:49,163 - INFO - Frame 029 | Max Speed: 5.449 m/s | Max Updraft: 5.449 m/s | Pressure Range:[-3.587, 1.975] Pa | Total Smoke Mass: 1103.6 kg
2026-05-07 06:56:49,200 - INFO - Frame 030 | Max Speed: 5.543 m/s | Max Updraft: 5.543 m/s | Pressure Range:[-3.606, 2.005] Pa | Total Smoke Mass: 1147.3 kg
2026-05-07 06:56:49,238 - INFO - Frame 031 | Max Speed: 5.631 m/s | Max Updraft: 5.631 m/s | Pressure Range:[-3.642, 2.016] Pa | Total Smoke Mass: 1190.9 kg
2026-05-07 06:56:49,278 - INFO - Frame 032 | Max Speed: 5.718 m/s | Max Updraft: 5.718 m/s | Pressure Range:[-3.692, 2.045] Pa | Total Smoke Mass: 1235.1 kg
2026-05-07 06:56:49,325 - INFO - Frame 033 | Max Speed: 5.806 m/s | Max Updraft: 5.806 m/s | Pressure Range:[-3.716, 2.070] Pa | Total Smoke Mass: 1279.8 kg
2026-05-07 06:56:49,366 - INFO - Frame 034 | Max Speed: 5.898 m/s | Max Updraft: 5.898 m/s | Pressure Range:[-3.745, 2.100] Pa | Total Smoke Mass: 1323.9 kg
2026-05-07 06:56:49,407 - INFO - Frame 035 | Max Speed: 5.991 m/s | Max Updraft: 5.991 m/s | Pressure Range:[-3.771, 2.139] Pa | Total Smoke Mass: 1368.4 kg
2026-05-07 06:56:49,448 - INFO - Frame 036 | Max Speed: 6.072 m/s | Max Updraft: 6.072 m/s | Pressure Range:[-3.809, 2.166] Pa | Total Smoke Mass: 1413.1 kg
2026-05-07 06:56:49,487 - INFO - Frame 037 | Max Speed: 6.156 m/s | Max Updraft: 6.156 m/s | Pressure Range:[-3.859, 2.201] Pa | Total Smoke Mass: 1457.1 kg
2026-05-07 06:56:49,531 - INFO - Frame 038 | Max Speed: 6.228 m/s | Max Updraft: 6.228 m/s | Pressure Range:[-3.882, 2.219] Pa | Total Smoke Mass: 1501.6 kg
2026-05-07 06:56:49,568 - INFO - Frame 039 | Max Speed: 6.300 m/s | Max Updraft: 6.300 m/s | Pressure Range:[-3.903, 2.248] Pa | Total Smoke Mass: 1547.0 kg
2026-05-07 06:56:49,605 - INFO - Frame 040 | Max Speed: 6.374 m/s | Max Updraft: 6.374 m/s | Pressure Range:[-3.964, 2.259] Pa | Total Smoke Mass: 1591.3 kg
2026-05-07 06:56:49,645 - INFO - Frame 041 | Max Speed: 6.448 m/s | Max Updraft: 6.448 m/s | Pressure Range:[-4.015, 2.285] Pa | Total Smoke Mass: 1636.2 kg
2026-05-07 06:56:49,680 - INFO - Frame 042 | Max Speed: 6.524 m/s | Max Updraft: 6.524 m/s | Pressure Range:[-4.056, 2.307] Pa | Total Smoke Mass: 1680.4 kg
2026-05-07 06:56:49,717 - INFO - Frame 043 | Max Speed: 6.602 m/s | Max Updraft: 6.602 m/s | Pressure Range:[-4.108, 2.332] Pa | Total Smoke Mass: 1725.5 kg
2026-05-07 06:56:49,758 - INFO - Frame 044 | Max Speed: 6.670 m/s | Max Updraft: 6.670 m/s | Pressure Range:[-4.153, 2.366] Pa | Total Smoke Mass: 1769.6 kg
2026-05-07 06:56:49,795 - INFO - Frame 045 | Max Speed: 6.741 m/s | Max Updraft: 6.741 m/s | Pressure Range:[-4.183, 2.384] Pa | Total Smoke Mass: 1813.4 kg
2026-05-07 06:56:49,833 - INFO - Frame 046 | Max Speed: 6.805 m/s | Max Updraft: 6.805 m/s | Pressure Range:[-4.221, 2.406] Pa | Total Smoke Mass: 1858.9 kg
2026-05-07 06:56:49,874 - INFO - Frame 047 | Max Speed: 6.872 m/s | Max Updraft: 6.872 m/s | Pressure Range:[-4.287, 2.425] Pa | Total Smoke Mass: 1904.3 kg
2026-05-07 06:56:49,909 - INFO - Frame 048 | Max Speed: 6.935 m/s | Max Updraft: 6.935 m/s | Pressure Range:[-4.367, 2.428] Pa | Total Smoke Mass: 1949.1 kg
2026-05-07 06:56:49,945 - INFO - Frame 049 | Max Speed: 7.000 m/s | Max Updraft: 7.000 m/s | Pressure Range:[-4.439, 2.435] Pa | Total Smoke Mass: 1994.7 kg
2026-05-07 06:56:49,983 - INFO - Frame 050 | Max Speed: 7.075 m/s | Max Updraft: 7.075 m/s | Pressure Range:[-4.505, 2.450] Pa | Total Smoke Mass: 2040.3 kg
2026-05-07 06:56:50,021 - INFO - Frame 051 | Max Speed: 7.140 m/s | Max Updraft: 7.140 m/s | Pressure Range:[-4.569, 2.463] Pa | Total Smoke Mass: 2085.9 kg
2026-05-07 06:56:50,062 - INFO - Frame 052 | Max Speed: 7.211 m/s | Max Updraft: 7.211 m/s | Pressure Range:[-4.639, 2.474] Pa | Total Smoke Mass: 2131.5 kg
2026-05-07 06:56:50,103 - INFO - Frame 053 | Max Speed: 7.278 m/s | Max Updraft: 7.278 m/s | Pressure Range:[-4.695, 2.487] Pa | Total Smoke Mass: 2177.3 kg
2026-05-07 06:56:50,140 - INFO - Frame 054 | Max Speed: 7.339 m/s | Max Updraft: 7.339 m/s | Pressure Range:[-4.750, 2.497] Pa | Total Smoke Mass: 2223.2 kg
2026-05-07 06:56:50,178 - INFO - Frame 055 | Max Speed: 7.407 m/s | Max Updraft: 7.407 m/s | Pressure Range:[-4.832, 2.495] Pa | Total Smoke Mass: 2269.1 kg
2026-05-07 06:56:50,215 - INFO - Frame 056 | Max Speed: 7.465 m/s | Max Updraft: 7.465 m/s | Pressure Range:[-4.915, 2.483] Pa | Total Smoke Mass: 2314.9 kg
2026-05-07 06:56:50,253 - INFO - Frame 057 | Max Speed: 7.531 m/s | Max Updraft: 7.531 m/s | Pressure Range:[-4.993, 2.465] Pa | Total Smoke Mass: 2360.6 kg
2026-05-07 06:56:50,290 - INFO - Frame 058 | Max Speed: 7.597 m/s | Max Updraft: 7.597 m/s | Pressure Range:[-5.056, 2.449] Pa | Total Smoke Mass: 2406.5 kg
2026-05-07 06:56:50,328 - INFO - Frame 059 | Max Speed: 7.662 m/s | Max Updraft: 7.662 m/s | Pressure Range:[-5.102, 2.440] Pa | Total Smoke Mass: 2452.6 kg
2026-05-07 06:56:50,376 - INFO - Frame 060 | Max Speed: 7.734 m/s | Max Updraft: 7.734 m/s | Pressure Range:[-5.150, 2.436] Pa | Total Smoke Mass: 2499.3 kg
2026-05-07 06:56:50,413 - INFO - Frame 061 | Max Speed: 7.800 m/s | Max Updraft: 7.800 m/s | Pressure Range:[-5.190, 2.421] Pa | Total Smoke Mass: 2545.7 kg
2026-05-07 06:56:50,453 - INFO - Frame 062 | Max Speed: 7.866 m/s | Max Updraft: 7.866 m/s | Pressure Range:[-5.223, 2.391] Pa | Total Smoke Mass: 2592.3 kg
2026-05-07 06:56:50,491 - INFO - Frame 063 | Max Speed: 7.931 m/s | Max Updraft: 7.931 m/s | Pressure Range:[-5.252, 2.347] Pa | Total Smoke Mass: 2639.8 kg
2026-05-07 06:56:50,528 - INFO - Frame 064 | Max Speed: 7.993 m/s | Max Updraft: 7.993 m/s | Pressure Range:[-5.278, 2.287] Pa | Total Smoke Mass: 2687.7 kg
2026-05-07 06:56:50,565 - INFO - Frame 065 | Max Speed: 8.060 m/s | Max Updraft: 8.060 m/s | Pressure Range:[-5.297, 2.215] Pa | Total Smoke Mass: 2735.4 kg
2026-05-07 06:56:50,602 - INFO - Frame 066 | Max Speed: 8.122 m/s | Max Updraft: 8.122 m/s | Pressure Range:[-5.334, 2.136] Pa | Total Smoke Mass: 2783.3 kg
2026-05-07 06:56:50,638 - INFO - Frame 067 | Max Speed: 8.190 m/s | Max Updraft: 8.190 m/s | Pressure Range:[-5.362, 2.049] Pa | Total Smoke Mass: 2830.8 kg
2026-05-07 06:56:50,679 - INFO - Frame 068 | Max Speed: 8.252 m/s | Max Updraft: 8.252 m/s | Pressure Range:[-5.379, 1.947] Pa | Total Smoke Mass: 2878.1 kg
2026-05-07 06:56:50,715 - INFO - Frame 069 | Max Speed: 8.320 m/s | Max Updraft: 8.320 m/s | Pressure Range:[-5.389, 1.823] Pa | Total Smoke Mass: 2924.9 kg
2026-05-07 06:56:50,751 - INFO - Frame 070 | Max Speed: 8.385 m/s | Max Updraft: 8.385 m/s | Pressure Range:[-5.385, 1.665] Pa | Total Smoke Mass: 2972.2 kg
2026-05-07 06:56:50,789 - INFO - Frame 071 | Max Speed: 8.445 m/s | Max Updraft: 8.445 m/s | Pressure Range:[-5.361, 1.466] Pa | Total Smoke Mass: 3019.2 kg
2026-05-07 06:56:50,824 - INFO - Frame 072 | Max Speed: 8.511 m/s | Max Updraft: 8.511 m/s | Pressure Range:[-5.309, 1.219] Pa | Total Smoke Mass: 3065.8 kg
2026-05-07 06:56:50,858 - INFO - Frame 073 | Max Speed: 8.576 m/s | Max Updraft: 8.576 m/s | Pressure Range:[-5.271, 0.937] Pa | Total Smoke Mass: 3112.5 kg
2026-05-07 06:56:50,897 - INFO - Frame 074 | Max Speed: 8.651 m/s | Max Updraft: 8.651 m/s | Pressure Range:[-5.227, 0.583] Pa | Total Smoke Mass: 3160.4 kg
2026-05-07 06:56:50,933 - INFO - Frame 075 | Max Speed: 8.732 m/s | Max Updraft: 8.732 m/s | Pressure Range:[-5.141, 0.428] Pa | Total Smoke Mass: 3196.8 kg
2026-05-07 06:56:50,969 - INFO - Frame 076 | Max Speed: 8.812 m/s | Max Updraft: 8.812 m/s | Pressure Range:[-4.993, 0.463] Pa | Total Smoke Mass: 3192.6 kg
2026-05-07 06:56:51,008 - INFO - Frame 077 | Max Speed: 8.865 m/s | Max Updraft: 8.865 m/s | Pressure Range:[-4.805, 0.505] Pa | Total Smoke Mass: 3132.8 kg
2026-05-07 06:56:51,045 - INFO - Frame 078 | Max Speed: 8.879 m/s | Max Updraft: 8.879 m/s | Pressure Range:[-4.577, 0.589] Pa | Total Smoke Mass: 3064.9 kg
2026-05-07 06:56:51,085 - INFO - Frame 079 | Max Speed: 8.873 m/s | Max Updraft: 8.873 m/s | Pressure Range:[-4.348, 0.728] Pa | Total Smoke Mass: 3020.4 kg
2026-05-07 06:56:51,124 - INFO - Frame 080 | Max Speed: 8.877 m/s | Max Updraft: 8.877 m/s | Pressure Range:[-4.245, 0.808] Pa | Total Smoke Mass: 2988.4 kg
2026-05-07 06:56:51,161 - INFO - Frame 081 | Max Speed: 8.871 m/s | Max Updraft: 8.871 m/s | Pressure Range:[-4.191, 0.843] Pa | Total Smoke Mass: 2941.9 kg
2026-05-07 06:56:51,197 - INFO - Frame 082 | Max Speed: 8.922 m/s | Max Updraft: 8.922 m/s | Pressure Range:[-4.144, 0.881] Pa | Total Smoke Mass: 2855.3 kg
2026-05-07 06:56:51,238 - INFO - Frame 083 | Max Speed: 8.974 m/s | Max Updraft: 8.974 m/s | Pressure Range:[-4.058, 0.957] Pa | Total Smoke Mass: 2707.7 kg
2026-05-07 06:56:51,277 - INFO - Frame 084 | Max Speed: 9.015 m/s | Max Updraft: 9.015 m/s | Pressure Range:[-3.928, 1.072] Pa | Total Smoke Mass: 2516.6 kg
2026-05-07 06:56:51,313 - INFO - Frame 085 | Max Speed: 9.041 m/s | Max Updraft: 9.041 m/s | Pressure Range:[-3.787, 1.203] Pa | Total Smoke Mass: 2341.3 kg
2026-05-07 06:56:51,354 - INFO - Frame 086 | Max Speed: 9.046 m/s | Max Updraft: 9.046 m/s | Pressure Range:[-3.669, 1.325] Pa | Total Smoke Mass: 2202.3 kg
2026-05-07 06:56:51,395 - INFO - Frame 087 | Max Speed: 9.042 m/s | Max Updraft: 9.042 m/s | Pressure Range:[-3.602, 1.422] Pa | Total Smoke Mass: 2103.5 kg
2026-05-07 06:56:51,433 - INFO - Frame 088 | Max Speed: 9.055 m/s | Max Updraft: 9.055 m/s | Pressure Range:[-3.573, 1.491] Pa | Total Smoke Mass: 2031.2 kg
2026-05-07 06:56:51,471 - INFO - Frame 089 | Max Speed: 9.001 m/s | Max Updraft: 9.001 m/s | Pressure Range:[-3.569, 1.531] Pa | Total Smoke Mass: 1980.0 kg
2026-05-07 06:56:51,507 - INFO - Frame 090 | Max Speed: 8.914 m/s | Max Updraft: 8.914 m/s | Pressure Range:[-3.580, 1.547] Pa | Total Smoke Mass: 1945.7 kg
2026-05-07 06:56:51,543 - INFO - Frame 091 | Max Speed: 8.840 m/s | Max Updraft: 8.840 m/s | Pressure Range:[-3.600, 1.549] Pa | Total Smoke Mass: 1920.9 kg
2026-05-07 06:56:51,580 - INFO - Frame 092 | Max Speed: 8.795 m/s | Max Updraft: 8.795 m/s | Pressure Range:[-3.612, 1.552] Pa | Total Smoke Mass: 1901.7 kg
2026-05-07 06:56:51,616 - INFO - Frame 093 | Max Speed: 8.778 m/s | Max Updraft: 8.778 m/s | Pressure Range:[-3.618, 1.563] Pa | Total Smoke Mass: 1886.1 kg
2026-05-07 06:56:51,652 - INFO - Frame 094 | Max Speed: 8.750 m/s | Max Updraft: 8.750 m/s | Pressure Range:[-3.619, 1.581] Pa | Total Smoke Mass: 1873.7 kg
2026-05-07 06:56:51,694 - INFO - Frame 095 | Max Speed: 8.712 m/s | Max Updraft: 8.712 m/s | Pressure Range:[-3.619, 1.600] Pa | Total Smoke Mass: 1864.8 kg
2026-05-07 06:56:51,731 - INFO - Frame 096 | Max Speed: 8.683 m/s | Max Updraft: 8.683 m/s | Pressure Range:[-3.616, 1.619] Pa | Total Smoke Mass: 1857.6 kg
2026-05-07 06:56:51,768 - INFO - Frame 097 | Max Speed: 8.658 m/s | Max Updraft: 8.657 m/s | Pressure Range:[-3.592, 1.637] Pa | Total Smoke Mass: 1849.5 kg
2026-05-07 06:56:51,807 - INFO - Frame 098 | Max Speed: 8.636 m/s | Max Updraft: 8.636 m/s | Pressure Range:[-3.568, 1.649] Pa | Total Smoke Mass: 1840.2 kg
2026-05-07 06:56:51,845 - INFO - Frame 099 | Max Speed: 8.619 m/s | Max Updraft: 8.619 m/s | Pressure Range:[-3.518, 1.650] Pa | Total Smoke Mass: 1828.8 kg
2026-05-07 06:56:51,881 - INFO - Frame 100 | Max Speed: 8.592 m/s | Max Updraft: 8.592 m/s | Pressure Range:[-3.461, 1.640] Pa | Total Smoke Mass: 1817.0 kg
2026-05-07 06:56:51,920 - INFO - Frame 101 | Max Speed: 8.555 m/s | Max Updraft: 8.555 m/s | Pressure Range:[-3.403, 1.633] Pa | Total Smoke Mass: 1804.4 kg
2026-05-07 06:56:51,956 - INFO - Frame 102 | Max Speed: 8.526 m/s | Max Updraft: 8.525 m/s | Pressure Range:[-3.316, 1.644] Pa | Total Smoke Mass: 1791.0 kg
2026-05-07 06:56:51,992 - INFO - Frame 103 | Max Speed: 8.513 m/s | Max Updraft: 8.512 m/s | Pressure Range:[-3.201, 1.679] Pa | Total Smoke Mass: 1777.8 kg
2026-05-07 06:56:52,033 - INFO - Frame 104 | Max Speed: 8.503 m/s | Max Updraft: 8.503 m/s | Pressure Range:[-3.063, 1.728] Pa | Total Smoke Mass: 1764.9 kg
2026-05-07 06:56:52,080 - INFO - Frame 105 | Max Speed: 8.486 m/s | Max Updraft: 8.486 m/s | Pressure Range:[-2.914, 1.774] Pa | Total Smoke Mass: 1753.3 kg
2026-05-07 06:56:52,119 - INFO - Frame 106 | Max Speed: 8.463 m/s | Max Updraft: 8.462 m/s | Pressure Range:[-2.738, 1.804] Pa | Total Smoke Mass: 1742.9 kg
2026-05-07 06:56:52,160 - INFO - Frame 107 | Max Speed: 8.446 m/s | Max Updraft: 8.446 m/s | Pressure Range:[-2.535, 1.820] Pa | Total Smoke Mass: 1732.9 kg
2026-05-07 06:56:52,199 - INFO - Frame 108 | Max Speed: 8.434 m/s | Max Updraft: 8.434 m/s | Pressure Range:[-2.320, 1.828] Pa | Total Smoke Mass: 1723.3 kg
2026-05-07 06:56:52,239 - INFO - Frame 109 | Max Speed: 8.415 m/s | Max Updraft: 8.415 m/s | Pressure Range:[-2.105, 1.833] Pa | Total Smoke Mass: 1715.4 kg
2026-05-07 06:56:52,277 - INFO - Frame 110 | Max Speed: 8.380 m/s | Max Updraft: 8.379 m/s | Pressure Range:[-1.892, 1.830] Pa | Total Smoke Mass: 1710.1 kg
2026-05-07 06:56:52,316 - INFO - Frame 111 | Max Speed: 8.336 m/s | Max Updraft: 8.336 m/s | Pressure Range:[-1.686, 1.809] Pa | Total Smoke Mass: 1707.2 kg
2026-05-07 06:56:52,354 - INFO - Frame 112 | Max Speed: 8.294 m/s | Max Updraft: 8.294 m/s | Pressure Range:[-1.486, 1.769] Pa | Total Smoke Mass: 1706.3 kg
2026-05-07 06:56:52,402 - INFO - Frame 113 | Max Speed: 8.277 m/s | Max Updraft: 8.276 m/s | Pressure Range:[-1.307, 1.711] Pa | Total Smoke Mass: 1706.9 kg
2026-05-07 06:56:52,451 - INFO - Frame 114 | Max Speed: 8.263 m/s | Max Updraft: 8.263 m/s | Pressure Range:[-1.161, 1.632] Pa | Total Smoke Mass: 1709.0 kg
2026-05-07 06:56:52,489 - INFO - Frame 115 | Max Speed: 8.238 m/s | Max Updraft: 8.237 m/s | Pressure Range:[-1.037, 1.532] Pa | Total Smoke Mass: 1712.7 kg
2026-05-07 06:56:52,528 - INFO - Frame 116 | Max Speed: 8.207 m/s | Max Updraft: 8.207 m/s | Pressure Range:[-0.933, 1.421] Pa | Total Smoke Mass: 1718.2 kg
2026-05-07 06:56:52,575 - INFO - Frame 117 | Max Speed: 8.182 m/s | Max Updraft: 8.182 m/s | Pressure Range:[-0.859, 1.308] Pa | Total Smoke Mass: 1724.9 kg
2026-05-07 06:56:52,625 - INFO - Frame 118 | Max Speed: 8.162 m/s | Max Updraft: 8.162 m/s | Pressure Range:[-0.808, 1.191] Pa | Total Smoke Mass: 1731.8 kg
2026-05-07 06:56:52,680 - INFO - Frame 119 | Max Speed: 8.139 m/s | Max Updraft: 8.139 m/s | Pressure Range:[-0.773, 1.145] Pa | Total Smoke Mass: 1738.8 kg
2026-05-07 06:56:52,727 - INFO - Frame 120 | Max Speed: 8.107 m/s | Max Updraft: 8.107 m/s | Pressure Range:[-0.747, 1.123] Pa | Total Smoke Mass: 1745.2 kg
2026-05-07 06:56:52,777 - INFO - Frame 121 | Max Speed: 8.070 m/s | Max Updraft: 8.070 m/s | Pressure Range:[-0.724, 1.091] Pa | Total Smoke Mass: 1751.7 kg
2026-05-07 06:56:52,831 - INFO - Frame 122 | Max Speed: 8.017 m/s | Max Updraft: 8.016 m/s | Pressure Range:[-0.708, 1.059] Pa | Total Smoke Mass: 1757.6 kg
2026-05-07 06:56:52,878 - INFO - Frame 123 | Max Speed: 7.950 m/s | Max Updraft: 7.948 m/s | Pressure Range:[-0.713, 1.037] Pa | Total Smoke Mass: 1762.8 kg
2026-05-07 06:56:52,928 - INFO - Frame 124 | Max Speed: 7.902 m/s | Max Updraft: 7.898 m/s | Pressure Range:[-0.716, 1.029] Pa | Total Smoke Mass: 1767.3 kg
2026-05-07 06:56:52,978 - INFO - Frame 125 | Max Speed: 7.880 m/s | Max Updraft: 7.873 m/s | Pressure Range:[-0.711, 1.032] Pa | Total Smoke Mass: 1770.8 kg
2026-05-07 06:56:53,024 - INFO - Frame 126 | Max Speed: 7.864 m/s | Max Updraft: 7.850 m/s | Pressure Range:[-0.711, 1.040] Pa | Total Smoke Mass: 1773.5 kg
2026-05-07 06:56:53,076 - INFO - Frame 127 | Max Speed: 7.855 m/s | Max Updraft: 7.831 m/s | Pressure Range:[-0.716, 1.042] Pa | Total Smoke Mass: 1776.4 kg
2026-05-07 06:56:53,124 - INFO - Frame 128 | Max Speed: 7.843 m/s | Max Updraft: 7.806 m/s | Pressure Range:[-0.720, 1.038] Pa | Total Smoke Mass: 1779.6 kg
2026-05-07 06:56:53,125 - INFO - --- SIMULATION COMPLETE: Sim_Re_600 ---
