2026-05-07 07:11:49,265 - INFO - --- STARTING SIMULATION: Sim_Re_4500 ---
2026-05-07 07:11:49,265 - INFO - Target Reynolds Number: 4500 -> Calculated Viscosity (nu): 0.0222
2026-05-07 07:11:49,265 - INFO - Initializing fluid sensors (Velocity, Pressure, Density)...
2026-05-07 07:11:52,614 - INFO - Frame 001 | Max Speed: 0.145 m/s | Max Updraft: 0.145 m/s | Pressure Range:[-0.391, 0.676] Pa | Total Smoke Mass: 38.4 kg
2026-05-07 07:11:52,654 - INFO - Frame 002 | Max Speed: 0.309 m/s | Max Updraft: 0.309 m/s | Pressure Range:[-0.451, 0.783] Pa | Total Smoke Mass: 76.8 kg
2026-05-07 07:11:52,691 - INFO - Frame 003 | Max Speed: 0.485 m/s | Max Updraft: 0.483 m/s | Pressure Range:[-0.508, 0.886] Pa | Total Smoke Mass: 115.1 kg
2026-05-07 07:11:52,728 - INFO - Frame 004 | Max Speed: 0.683 m/s | Max Updraft: 0.683 m/s | Pressure Range:[-0.567, 0.984] Pa | Total Smoke Mass: 153.3 kg
2026-05-07 07:11:52,768 - INFO - Frame 005 | Max Speed: 0.892 m/s | Max Updraft: 0.892 m/s | Pressure Range:[-0.629, 1.079] Pa | Total Smoke Mass: 191.4 kg
2026-05-07 07:11:52,804 - INFO - Frame 006 | Max Speed: 1.133 m/s | Max Updraft: 1.133 m/s | Pressure Range:[-0.685, 1.165] Pa | Total Smoke Mass: 229.0 kg
2026-05-07 07:11:52,840 - INFO - Frame 007 | Max Speed: 1.408 m/s | Max Updraft: 1.408 m/s | Pressure Range:[-0.725, 1.228] Pa | Total Smoke Mass: 266.6 kg
2026-05-07 07:11:52,877 - INFO - Frame 008 | Max Speed: 1.717 m/s | Max Updraft: 1.717 m/s | Pressure Range:[-0.791, 1.287] Pa | Total Smoke Mass: 304.3 kg
2026-05-07 07:11:52,912 - INFO - Frame 009 | Max Speed: 2.053 m/s | Max Updraft: 2.053 m/s | Pressure Range:[-0.912, 1.343] Pa | Total Smoke Mass: 341.9 kg
2026-05-07 07:11:52,946 - INFO - Frame 010 | Max Speed: 2.400 m/s | Max Updraft: 2.400 m/s | Pressure Range:[-1.115, 1.392] Pa | Total Smoke Mass: 379.5 kg
2026-05-07 07:11:52,982 - INFO - Frame 011 | Max Speed: 2.735 m/s | Max Updraft: 2.735 m/s | Pressure Range:[-1.403, 1.441] Pa | Total Smoke Mass: 417.1 kg
2026-05-07 07:11:53,016 - INFO - Frame 012 | Max Speed: 3.044 m/s | Max Updraft: 3.044 m/s | Pressure Range:[-1.746, 1.496] Pa | Total Smoke Mass: 455.6 kg
2026-05-07 07:11:53,052 - INFO - Frame 013 | Max Speed: 3.317 m/s | Max Updraft: 3.317 m/s | Pressure Range:[-2.080, 1.560] Pa | Total Smoke Mass: 494.7 kg
2026-05-07 07:11:53,090 - INFO - Frame 014 | Max Speed: 3.551 m/s | Max Updraft: 3.551 m/s | Pressure Range:[-2.375, 1.619] Pa | Total Smoke Mass: 534.0 kg
2026-05-07 07:11:53,125 - INFO - Frame 015 | Max Speed: 3.757 m/s | Max Updraft: 3.757 m/s | Pressure Range:[-2.599, 1.670] Pa | Total Smoke Mass: 572.3 kg
2026-05-07 07:11:53,160 - INFO - Frame 016 | Max Speed: 3.950 m/s | Max Updraft: 3.950 m/s | Pressure Range:[-2.860, 1.717] Pa | Total Smoke Mass: 609.4 kg
2026-05-07 07:11:53,196 - INFO - Frame 017 | Max Speed: 4.141 m/s | Max Updraft: 4.141 m/s | Pressure Range:[-3.013, 1.759] Pa | Total Smoke Mass: 645.5 kg
2026-05-07 07:11:53,229 - INFO - Frame 018 | Max Speed: 4.313 m/s | Max Updraft: 4.313 m/s | Pressure Range:[-3.071, 1.791] Pa | Total Smoke Mass: 681.0 kg
2026-05-07 07:11:53,263 - INFO - Frame 019 | Max Speed: 4.458 m/s | Max Updraft: 4.458 m/s | Pressure Range:[-3.177, 1.813] Pa | Total Smoke Mass: 715.3 kg
2026-05-07 07:11:53,303 - INFO - Frame 020 | Max Speed: 4.585 m/s | Max Updraft: 4.585 m/s | Pressure Range:[-3.252, 1.820] Pa | Total Smoke Mass: 749.6 kg
2026-05-07 07:11:53,336 - INFO - Frame 021 | Max Speed: 4.717 m/s | Max Updraft: 4.717 m/s | Pressure Range:[-3.274, 1.816] Pa | Total Smoke Mass: 784.0 kg
2026-05-07 07:11:53,374 - INFO - Frame 022 | Max Speed: 4.846 m/s | Max Updraft: 4.846 m/s | Pressure Range:[-3.367, 1.810] Pa | Total Smoke Mass: 818.8 kg
2026-05-07 07:11:53,415 - INFO - Frame 023 | Max Speed: 4.961 m/s | Max Updraft: 4.961 m/s | Pressure Range:[-3.463, 1.824] Pa | Total Smoke Mass: 855.1 kg
2026-05-07 07:11:53,448 - INFO - Frame 024 | Max Speed: 5.064 m/s | Max Updraft: 5.064 m/s | Pressure Range:[-3.503, 1.842] Pa | Total Smoke Mass: 893.0 kg
2026-05-07 07:11:53,481 - INFO - Frame 025 | Max Speed: 5.176 m/s | Max Updraft: 5.176 m/s | Pressure Range:[-3.562, 1.864] Pa | Total Smoke Mass: 931.6 kg
2026-05-07 07:11:53,518 - INFO - Frame 026 | Max Speed: 5.285 m/s | Max Updraft: 5.285 m/s | Pressure Range:[-3.685, 1.894] Pa | Total Smoke Mass: 971.0 kg
2026-05-07 07:11:53,556 - INFO - Frame 027 | Max Speed: 5.396 m/s | Max Updraft: 5.396 m/s | Pressure Range:[-3.746, 1.943] Pa | Total Smoke Mass: 1011.4 kg
2026-05-07 07:11:53,591 - INFO - Frame 028 | Max Speed: 5.516 m/s | Max Updraft: 5.516 m/s | Pressure Range:[-3.802, 1.978] Pa | Total Smoke Mass: 1052.5 kg
2026-05-07 07:11:53,633 - INFO - Frame 029 | Max Speed: 5.630 m/s | Max Updraft: 5.630 m/s | Pressure Range:[-3.848, 2.001] Pa | Total Smoke Mass: 1094.3 kg
2026-05-07 07:11:53,669 - INFO - Frame 030 | Max Speed: 5.732 m/s | Max Updraft: 5.732 m/s | Pressure Range:[-3.924, 2.044] Pa | Total Smoke Mass: 1136.6 kg
2026-05-07 07:11:53,704 - INFO - Frame 031 | Max Speed: 5.833 m/s | Max Updraft: 5.833 m/s | Pressure Range:[-3.940, 2.062] Pa | Total Smoke Mass: 1179.4 kg
2026-05-07 07:11:53,744 - INFO - Frame 032 | Max Speed: 5.938 m/s | Max Updraft: 5.938 m/s | Pressure Range:[-3.953, 2.091] Pa | Total Smoke Mass: 1223.5 kg
2026-05-07 07:11:53,782 - INFO - Frame 033 | Max Speed: 6.038 m/s | Max Updraft: 6.038 m/s | Pressure Range:[-3.957, 2.129] Pa | Total Smoke Mass: 1268.1 kg
2026-05-07 07:11:53,817 - INFO - Frame 034 | Max Speed: 6.140 m/s | Max Updraft: 6.140 m/s | Pressure Range:[-3.982, 2.162] Pa | Total Smoke Mass: 1312.4 kg
2026-05-07 07:11:53,854 - INFO - Frame 035 | Max Speed: 6.253 m/s | Max Updraft: 6.252 m/s | Pressure Range:[-3.992, 2.213] Pa | Total Smoke Mass: 1357.6 kg
2026-05-07 07:11:53,890 - INFO - Frame 036 | Max Speed: 6.344 m/s | Max Updraft: 6.344 m/s | Pressure Range:[-3.968, 2.245] Pa | Total Smoke Mass: 1403.2 kg
2026-05-07 07:11:53,927 - INFO - Frame 037 | Max Speed: 6.448 m/s | Max Updraft: 6.448 m/s | Pressure Range:[-3.997, 2.292] Pa | Total Smoke Mass: 1447.5 kg
2026-05-07 07:11:53,965 - INFO - Frame 038 | Max Speed: 6.533 m/s | Max Updraft: 6.533 m/s | Pressure Range:[-4.021, 2.317] Pa | Total Smoke Mass: 1492.6 kg
2026-05-07 07:11:54,001 - INFO - Frame 039 | Max Speed: 6.613 m/s | Max Updraft: 6.613 m/s | Pressure Range:[-4.039, 2.354] Pa | Total Smoke Mass: 1538.7 kg
2026-05-07 07:11:54,037 - INFO - Frame 040 | Max Speed: 6.710 m/s | Max Updraft: 6.710 m/s | Pressure Range:[-4.031, 2.374] Pa | Total Smoke Mass: 1582.9 kg
2026-05-07 07:11:54,073 - INFO - Frame 041 | Max Speed: 6.785 m/s | Max Updraft: 6.785 m/s | Pressure Range:[-4.049, 2.400] Pa | Total Smoke Mass: 1628.1 kg
2026-05-07 07:11:54,109 - INFO - Frame 042 | Max Speed: 6.885 m/s | Max Updraft: 6.885 m/s | Pressure Range:[-4.106, 2.436] Pa | Total Smoke Mass: 1673.4 kg
2026-05-07 07:11:54,145 - INFO - Frame 043 | Max Speed: 6.966 m/s | Max Updraft: 6.966 m/s | Pressure Range:[-4.163, 2.462] Pa | Total Smoke Mass: 1719.1 kg
2026-05-07 07:11:54,183 - INFO - Frame 044 | Max Speed: 7.048 m/s | Max Updraft: 7.048 m/s | Pressure Range:[-4.202, 2.497] Pa | Total Smoke Mass: 1764.4 kg
2026-05-07 07:11:54,220 - INFO - Frame 045 | Max Speed: 7.136 m/s | Max Updraft: 7.136 m/s | Pressure Range:[-4.240, 2.530] Pa | Total Smoke Mass: 1809.7 kg
2026-05-07 07:11:54,258 - INFO - Frame 046 | Max Speed: 7.200 m/s | Max Updraft: 7.200 m/s | Pressure Range:[-4.276, 2.547] Pa | Total Smoke Mass: 1855.5 kg
2026-05-07 07:11:54,298 - INFO - Frame 047 | Max Speed: 7.290 m/s | Max Updraft: 7.290 m/s | Pressure Range:[-4.331, 2.563] Pa | Total Smoke Mass: 1901.4 kg
2026-05-07 07:11:54,333 - INFO - Frame 048 | Max Speed: 7.370 m/s | Max Updraft: 7.370 m/s | Pressure Range:[-4.401, 2.578] Pa | Total Smoke Mass: 1947.0 kg
2026-05-07 07:11:54,367 - INFO - Frame 049 | Max Speed: 7.445 m/s | Max Updraft: 7.445 m/s | Pressure Range:[-4.486, 2.588] Pa | Total Smoke Mass: 1993.4 kg
2026-05-07 07:11:54,406 - INFO - Frame 050 | Max Speed: 7.548 m/s | Max Updraft: 7.548 m/s | Pressure Range:[-4.582, 2.598] Pa | Total Smoke Mass: 2039.5 kg
2026-05-07 07:11:54,450 - INFO - Frame 051 | Max Speed: 7.622 m/s | Max Updraft: 7.622 m/s | Pressure Range:[-4.689, 2.616] Pa | Total Smoke Mass: 2085.3 kg
2026-05-07 07:11:54,486 - INFO - Frame 052 | Max Speed: 7.717 m/s | Max Updraft: 7.717 m/s | Pressure Range:[-4.791, 2.646] Pa | Total Smoke Mass: 2131.8 kg
2026-05-07 07:11:54,524 - INFO - Frame 053 | Max Speed: 7.802 m/s | Max Updraft: 7.802 m/s | Pressure Range:[-4.894, 2.668] Pa | Total Smoke Mass: 2177.8 kg
2026-05-07 07:11:54,562 - INFO - Frame 054 | Max Speed: 7.868 m/s | Max Updraft: 7.868 m/s | Pressure Range:[-4.993, 2.677] Pa | Total Smoke Mass: 2224.1 kg
2026-05-07 07:11:54,598 - INFO - Frame 055 | Max Speed: 7.975 m/s | Max Updraft: 7.975 m/s | Pressure Range:[-5.085, 2.676] Pa | Total Smoke Mass: 2269.9 kg
2026-05-07 07:11:54,647 - INFO - Frame 056 | Max Speed: 8.054 m/s | Max Updraft: 8.054 m/s | Pressure Range:[-5.198, 2.666] Pa | Total Smoke Mass: 2315.8 kg
2026-05-07 07:11:54,684 - INFO - Frame 057 | Max Speed: 8.147 m/s | Max Updraft: 8.147 m/s | Pressure Range:[-5.331, 2.655] Pa | Total Smoke Mass: 2362.3 kg
2026-05-07 07:11:54,721 - INFO - Frame 058 | Max Speed: 8.253 m/s | Max Updraft: 8.253 m/s | Pressure Range:[-5.454, 2.649] Pa | Total Smoke Mass: 2408.3 kg
2026-05-07 07:11:54,759 - INFO - Frame 059 | Max Speed: 8.329 m/s | Max Updraft: 8.329 m/s | Pressure Range:[-5.551, 2.646] Pa | Total Smoke Mass: 2455.8 kg
2026-05-07 07:11:54,795 - INFO - Frame 060 | Max Speed: 8.443 m/s | Max Updraft: 8.443 m/s | Pressure Range:[-5.617, 2.639] Pa | Total Smoke Mass: 2503.7 kg
2026-05-07 07:11:54,831 - INFO - Frame 061 | Max Speed: 8.517 m/s | Max Updraft: 8.517 m/s | Pressure Range:[-5.652, 2.620] Pa | Total Smoke Mass: 2551.1 kg
2026-05-07 07:11:54,869 - INFO - Frame 062 | Max Speed: 8.603 m/s | Max Updraft: 8.603 m/s | Pressure Range:[-5.692, 2.585] Pa | Total Smoke Mass: 2598.7 kg
2026-05-07 07:11:54,904 - INFO - Frame 063 | Max Speed: 8.692 m/s | Max Updraft: 8.692 m/s | Pressure Range:[-5.738, 2.533] Pa | Total Smoke Mass: 2647.4 kg
2026-05-07 07:11:54,940 - INFO - Frame 064 | Max Speed: 8.755 m/s | Max Updraft: 8.755 m/s | Pressure Range:[-5.769, 2.472] Pa | Total Smoke Mass: 2695.9 kg
2026-05-07 07:11:54,980 - INFO - Frame 065 | Max Speed: 8.859 m/s | Max Updraft: 8.859 m/s | Pressure Range:[-5.784, 2.400] Pa | Total Smoke Mass: 2743.2 kg
2026-05-07 07:11:55,017 - INFO - Frame 066 | Max Speed: 8.934 m/s | Max Updraft: 8.934 m/s | Pressure Range:[-5.780, 2.316] Pa | Total Smoke Mass: 2790.6 kg
2026-05-07 07:11:55,052 - INFO - Frame 067 | Max Speed: 9.037 m/s | Max Updraft: 9.037 m/s | Pressure Range:[-5.801, 2.211] Pa | Total Smoke Mass: 2837.4 kg
2026-05-07 07:11:55,090 - INFO - Frame 068 | Max Speed: 9.115 m/s | Max Updraft: 9.115 m/s | Pressure Range:[-5.821, 2.072] Pa | Total Smoke Mass: 2883.6 kg
2026-05-07 07:11:55,126 - INFO - Frame 069 | Max Speed: 9.204 m/s | Max Updraft: 9.204 m/s | Pressure Range:[-5.823, 1.907] Pa | Total Smoke Mass: 2929.7 kg
2026-05-07 07:11:55,162 - INFO - Frame 070 | Max Speed: 9.271 m/s | Max Updraft: 9.271 m/s | Pressure Range:[-5.834, 1.702] Pa | Total Smoke Mass: 2977.5 kg
2026-05-07 07:11:55,197 - INFO - Frame 071 | Max Speed: 9.341 m/s | Max Updraft: 9.341 m/s | Pressure Range:[-5.833, 1.429] Pa | Total Smoke Mass: 3024.8 kg
2026-05-07 07:11:55,230 - INFO - Frame 072 | Max Speed: 9.413 m/s | Max Updraft: 9.413 m/s | Pressure Range:[-5.850, 1.098] Pa | Total Smoke Mass: 3073.2 kg
2026-05-07 07:11:55,268 - INFO - Frame 073 | Max Speed: 9.486 m/s | Max Updraft: 9.486 m/s | Pressure Range:[-5.823, 0.668] Pa | Total Smoke Mass: 3121.5 kg
2026-05-07 07:11:55,308 - INFO - Frame 074 | Max Speed: 9.561 m/s | Max Updraft: 9.561 m/s | Pressure Range:[-5.763, 0.476] Pa | Total Smoke Mass: 3152.0 kg
2026-05-07 07:11:55,340 - INFO - Frame 075 | Max Speed: 9.638 m/s | Max Updraft: 9.638 m/s | Pressure Range:[-5.614, 0.518] Pa | Total Smoke Mass: 3134.9 kg
2026-05-07 07:11:55,376 - INFO - Frame 076 | Max Speed: 9.693 m/s | Max Updraft: 9.693 m/s | Pressure Range:[-5.376, 0.582] Pa | Total Smoke Mass: 3068.7 kg
2026-05-07 07:11:55,413 - INFO - Frame 077 | Max Speed: 9.680 m/s | Max Updraft: 9.680 m/s | Pressure Range:[-5.091, 0.778] Pa | Total Smoke Mass: 3006.4 kg
2026-05-07 07:11:55,458 - INFO - Frame 078 | Max Speed: 9.759 m/s | Max Updraft: 9.759 m/s | Pressure Range:[-4.913, 0.927] Pa | Total Smoke Mass: 2957.0 kg
2026-05-07 07:11:55,496 - INFO - Frame 079 | Max Speed: 9.819 m/s | Max Updraft: 9.819 m/s | Pressure Range:[-4.845, 1.012] Pa | Total Smoke Mass: 2875.1 kg
2026-05-07 07:11:55,534 - INFO - Frame 080 | Max Speed: 9.888 m/s | Max Updraft: 9.887 m/s | Pressure Range:[-4.784, 1.101] Pa | Total Smoke Mass: 2756.6 kg
2026-05-07 07:11:55,572 - INFO - Frame 081 | Max Speed: 9.940 m/s | Max Updraft: 9.940 m/s | Pressure Range:[-4.706, 1.190] Pa | Total Smoke Mass: 2613.9 kg
2026-05-07 07:11:55,609 - INFO - Frame 082 | Max Speed: 9.963 m/s | Max Updraft: 9.963 m/s | Pressure Range:[-4.611, 1.274] Pa | Total Smoke Mass: 2458.2 kg
2026-05-07 07:11:55,646 - INFO - Frame 083 | Max Speed: 9.961 m/s | Max Updraft: 9.961 m/s | Pressure Range:[-4.482, 1.357] Pa | Total Smoke Mass: 2298.7 kg
2026-05-07 07:11:55,682 - INFO - Frame 084 | Max Speed: 9.952 m/s | Max Updraft: 9.952 m/s | Pressure Range:[-4.365, 1.431] Pa | Total Smoke Mass: 2152.6 kg
2026-05-07 07:11:55,718 - INFO - Frame 085 | Max Speed: 9.896 m/s | Max Updraft: 9.895 m/s | Pressure Range:[-4.273, 1.474] Pa | Total Smoke Mass: 2040.9 kg
2026-05-07 07:11:55,758 - INFO - Frame 086 | Max Speed: 9.794 m/s | Max Updraft: 9.794 m/s | Pressure Range:[-4.208, 1.503] Pa | Total Smoke Mass: 1960.6 kg
2026-05-07 07:11:55,795 - INFO - Frame 087 | Max Speed: 9.730 m/s | Max Updraft: 9.730 m/s | Pressure Range:[-4.136, 1.541] Pa | Total Smoke Mass: 1905.3 kg
2026-05-07 07:11:55,832 - INFO - Frame 088 | Max Speed: 9.722 m/s | Max Updraft: 9.721 m/s | Pressure Range:[-4.044, 1.592] Pa | Total Smoke Mass: 1869.4 kg
2026-05-07 07:11:55,869 - INFO - Frame 089 | Max Speed: 9.720 m/s | Max Updraft: 9.719 m/s | Pressure Range:[-3.942, 1.637] Pa | Total Smoke Mass: 1850.7 kg
2026-05-07 07:11:55,904 - INFO - Frame 090 | Max Speed: 9.663 m/s | Max Updraft: 9.663 m/s | Pressure Range:[-3.858, 1.656] Pa | Total Smoke Mass: 1842.2 kg
2026-05-07 07:11:55,940 - INFO - Frame 091 | Max Speed: 9.580 m/s | Max Updraft: 9.580 m/s | Pressure Range:[-3.772, 1.655] Pa | Total Smoke Mass: 1837.2 kg
2026-05-07 07:11:55,979 - INFO - Frame 092 | Max Speed: 9.509 m/s | Max Updraft: 9.509 m/s | Pressure Range:[-3.683, 1.657] Pa | Total Smoke Mass: 1833.4 kg
2026-05-07 07:11:56,013 - INFO - Frame 093 | Max Speed: 9.461 m/s | Max Updraft: 9.460 m/s | Pressure Range:[-3.556, 1.668] Pa | Total Smoke Mass: 1829.4 kg
2026-05-07 07:11:56,049 - INFO - Frame 094 | Max Speed: 9.435 m/s | Max Updraft: 9.434 m/s | Pressure Range:[-3.450, 1.692] Pa | Total Smoke Mass: 1825.9 kg
2026-05-07 07:11:56,087 - INFO - Frame 095 | Max Speed: 9.393 m/s | Max Updraft: 9.393 m/s | Pressure Range:[-3.333, 1.726] Pa | Total Smoke Mass: 1823.4 kg
2026-05-07 07:11:56,123 - INFO - Frame 096 | Max Speed: 9.352 m/s | Max Updraft: 9.352 m/s | Pressure Range:[-3.245, 1.766] Pa | Total Smoke Mass: 1819.1 kg
2026-05-07 07:11:56,159 - INFO - Frame 097 | Max Speed: 9.397 m/s | Max Updraft: 9.397 m/s | Pressure Range:[-3.156, 1.818] Pa | Total Smoke Mass: 1813.9 kg
2026-05-07 07:11:56,197 - INFO - Frame 098 | Max Speed: 9.428 m/s | Max Updraft: 9.428 m/s | Pressure Range:[-3.083, 1.878] Pa | Total Smoke Mass: 1806.3 kg
2026-05-07 07:11:56,233 - INFO - Frame 099 | Max Speed: 9.432 m/s | Max Updraft: 9.432 m/s | Pressure Range:[-3.012, 1.932] Pa | Total Smoke Mass: 1799.4 kg
2026-05-07 07:11:56,270 - INFO - Frame 100 | Max Speed: 9.389 m/s | Max Updraft: 9.389 m/s | Pressure Range:[-2.970, 1.970] Pa | Total Smoke Mass: 1793.0 kg
2026-05-07 07:11:56,313 - INFO - Frame 101 | Max Speed: 9.333 m/s | Max Updraft: 9.333 m/s | Pressure Range:[-2.948, 2.004] Pa | Total Smoke Mass: 1787.0 kg
2026-05-07 07:11:56,350 - INFO - Frame 102 | Max Speed: 9.291 m/s | Max Updraft: 9.290 m/s | Pressure Range:[-2.911, 2.060] Pa | Total Smoke Mass: 1779.5 kg
2026-05-07 07:11:56,385 - INFO - Frame 103 | Max Speed: 9.293 m/s | Max Updraft: 9.293 m/s | Pressure Range:[-2.867, 2.144] Pa | Total Smoke Mass: 1769.9 kg
2026-05-07 07:11:56,424 - INFO - Frame 104 | Max Speed: 9.311 m/s | Max Updraft: 9.310 m/s | Pressure Range:[-2.808, 2.245] Pa | Total Smoke Mass: 1760.2 kg
2026-05-07 07:11:56,461 - INFO - Frame 105 | Max Speed: 9.301 m/s | Max Updraft: 9.300 m/s | Pressure Range:[-2.719, 2.329] Pa | Total Smoke Mass: 1752.7 kg
2026-05-07 07:11:56,508 - INFO - Frame 106 | Max Speed: 9.262 m/s | Max Updraft: 9.260 m/s | Pressure Range:[-2.617, 2.377] Pa | Total Smoke Mass: 1746.8 kg
2026-05-07 07:11:56,543 - INFO - Frame 107 | Max Speed: 9.220 m/s | Max Updraft: 9.218 m/s | Pressure Range:[-2.455, 2.393] Pa | Total Smoke Mass: 1740.8 kg
2026-05-07 07:11:56,579 - INFO - Frame 108 | Max Speed: 9.196 m/s | Max Updraft: 9.194 m/s | Pressure Range:[-2.247, 2.397] Pa | Total Smoke Mass: 1735.8 kg
2026-05-07 07:11:56,615 - INFO - Frame 109 | Max Speed: 9.185 m/s | Max Updraft: 9.182 m/s | Pressure Range:[-1.970, 2.400] Pa | Total Smoke Mass: 1733.8 kg
2026-05-07 07:11:56,652 - INFO - Frame 110 | Max Speed: 9.156 m/s | Max Updraft: 9.152 m/s | Pressure Range:[-1.698, 2.438] Pa | Total Smoke Mass: 1736.8 kg
2026-05-07 07:11:56,688 - INFO - Frame 111 | Max Speed: 9.092 m/s | Max Updraft: 9.086 m/s | Pressure Range:[-1.438, 2.445] Pa | Total Smoke Mass: 1744.7 kg
2026-05-07 07:11:56,723 - INFO - Frame 112 | Max Speed: 9.002 m/s | Max Updraft: 8.997 m/s | Pressure Range:[-1.216, 2.403] Pa | Total Smoke Mass: 1758.1 kg
2026-05-07 07:11:56,763 - INFO - Frame 113 | Max Speed: 8.885 m/s | Max Updraft: 8.880 m/s | Pressure Range:[-1.058, 2.319] Pa | Total Smoke Mass: 1775.3 kg
2026-05-07 07:11:56,800 - INFO - Frame 114 | Max Speed: 8.832 m/s | Max Updraft: 8.826 m/s | Pressure Range:[-0.946, 2.216] Pa | Total Smoke Mass: 1792.8 kg
2026-05-07 07:11:56,836 - INFO - Frame 115 | Max Speed: 8.783 m/s | Max Updraft: 8.778 m/s | Pressure Range:[-0.857, 2.119] Pa | Total Smoke Mass: 1809.6 kg
2026-05-07 07:11:56,879 - INFO - Frame 116 | Max Speed: 8.712 m/s | Max Updraft: 8.709 m/s | Pressure Range:[-0.825, 2.084] Pa | Total Smoke Mass: 1825.6 kg
2026-05-07 07:11:56,915 - INFO - Frame 117 | Max Speed: 8.621 m/s | Max Updraft: 8.620 m/s | Pressure Range:[-1.036, 2.170] Pa | Total Smoke Mass: 1841.2 kg
2026-05-07 07:11:56,952 - INFO - Frame 118 | Max Speed: 8.521 m/s | Max Updraft: 8.521 m/s | Pressure Range:[-1.243, 2.294] Pa | Total Smoke Mass: 1856.8 kg
2026-05-07 07:11:56,992 - INFO - Frame 119 | Max Speed: 8.434 m/s | Max Updraft: 8.434 m/s | Pressure Range:[-1.463, 2.408] Pa | Total Smoke Mass: 1871.2 kg
2026-05-07 07:11:57,028 - INFO - Frame 120 | Max Speed: 8.428 m/s | Max Updraft: 8.427 m/s | Pressure Range:[-1.712, 2.507] Pa | Total Smoke Mass: 1884.4 kg
2026-05-07 07:11:57,065 - INFO - Frame 121 | Max Speed: 8.380 m/s | Max Updraft: 8.376 m/s | Pressure Range:[-2.001, 2.598] Pa | Total Smoke Mass: 1898.8 kg
2026-05-07 07:11:57,106 - INFO - Frame 122 | Max Speed: 8.262 m/s | Max Updraft: 8.250 m/s | Pressure Range:[-2.318, 2.703] Pa | Total Smoke Mass: 1913.4 kg
2026-05-07 07:11:57,144 - INFO - Frame 123 | Max Speed: 8.188 m/s | Max Updraft: 8.102 m/s | Pressure Range:[-2.634, 2.773] Pa | Total Smoke Mass: 1928.3 kg
2026-05-07 07:11:57,183 - INFO - Frame 124 | Max Speed: 8.134 m/s | Max Updraft: 7.978 m/s | Pressure Range:[-2.951, 2.831] Pa | Total Smoke Mass: 1944.7 kg
2026-05-07 07:11:57,224 - INFO - Frame 125 | Max Speed: 8.177 m/s | Max Updraft: 7.994 m/s | Pressure Range:[-3.256, 2.846] Pa | Total Smoke Mass: 1961.2 kg
2026-05-07 07:11:57,261 - INFO - Frame 126 | Max Speed: 8.031 m/s | Max Updraft: 7.948 m/s | Pressure Range:[-3.478, 2.872] Pa | Total Smoke Mass: 1975.1 kg
2026-05-07 07:11:57,298 - INFO - Frame 127 | Max Speed: 8.014 m/s | Max Updraft: 7.926 m/s | Pressure Range:[-3.703, 2.912] Pa | Total Smoke Mass: 1985.3 kg
2026-05-07 07:11:57,341 - INFO - Frame 128 | Max Speed: 8.045 m/s | Max Updraft: 7.940 m/s | Pressure Range:[-3.950, 2.920] Pa | Total Smoke Mass: 1997.6 kg
2026-05-07 07:11:57,342 - INFO - --- SIMULATION COMPLETE: Sim_Re_4500 ---
