2026-05-07 07:05:46,734 - INFO - --- STARTING SIMULATION: Sim_Re_2500 ---
2026-05-07 07:05:46,735 - INFO - Target Reynolds Number: 2500 -> Calculated Viscosity (nu): 0.0400
2026-05-07 07:05:46,735 - INFO - Initializing fluid sensors (Velocity, Pressure, Density)...
2026-05-07 07:05:50,719 - INFO - Frame 001 | Max Speed: 0.144 m/s | Max Updraft: 0.143 m/s | Pressure Range:[-0.389, 0.674] Pa | Total Smoke Mass: 38.4 kg
2026-05-07 07:05:50,774 - INFO - Frame 002 | Max Speed: 0.305 m/s | Max Updraft: 0.305 m/s | Pressure Range:[-0.448, 0.781] Pa | Total Smoke Mass: 76.8 kg
2026-05-07 07:05:50,826 - INFO - Frame 003 | Max Speed: 0.480 m/s | Max Updraft: 0.480 m/s | Pressure Range:[-0.505, 0.883] Pa | Total Smoke Mass: 115.1 kg
2026-05-07 07:05:50,878 - INFO - Frame 004 | Max Speed: 0.677 m/s | Max Updraft: 0.677 m/s | Pressure Range:[-0.564, 0.981] Pa | Total Smoke Mass: 153.4 kg
2026-05-07 07:05:50,928 - INFO - Frame 005 | Max Speed: 0.888 m/s | Max Updraft: 0.887 m/s | Pressure Range:[-0.625, 1.076] Pa | Total Smoke Mass: 191.4 kg
2026-05-07 07:05:50,987 - INFO - Frame 006 | Max Speed: 1.130 m/s | Max Updraft: 1.130 m/s | Pressure Range:[-0.682, 1.162] Pa | Total Smoke Mass: 229.1 kg
2026-05-07 07:05:51,030 - INFO - Frame 007 | Max Speed: 1.403 m/s | Max Updraft: 1.403 m/s | Pressure Range:[-0.723, 1.226] Pa | Total Smoke Mass: 266.7 kg
2026-05-07 07:05:51,075 - INFO - Frame 008 | Max Speed: 1.711 m/s | Max Updraft: 1.711 m/s | Pressure Range:[-0.786, 1.287] Pa | Total Smoke Mass: 304.4 kg
2026-05-07 07:05:51,113 - INFO - Frame 009 | Max Speed: 2.039 m/s | Max Updraft: 2.039 m/s | Pressure Range:[-0.899, 1.342] Pa | Total Smoke Mass: 342.0 kg
2026-05-07 07:05:51,151 - INFO - Frame 010 | Max Speed: 2.382 m/s | Max Updraft: 2.382 m/s | Pressure Range:[-1.093, 1.392] Pa | Total Smoke Mass: 379.6 kg
2026-05-07 07:05:51,194 - INFO - Frame 011 | Max Speed: 2.714 m/s | Max Updraft: 2.714 m/s | Pressure Range:[-1.370, 1.441] Pa | Total Smoke Mass: 417.3 kg
2026-05-07 07:05:51,229 - INFO - Frame 012 | Max Speed: 3.020 m/s | Max Updraft: 3.020 m/s | Pressure Range:[-1.699, 1.497] Pa | Total Smoke Mass: 455.7 kg
2026-05-07 07:05:51,266 - INFO - Frame 013 | Max Speed: 3.293 m/s | Max Updraft: 3.293 m/s | Pressure Range:[-2.019, 1.563] Pa | Total Smoke Mass: 494.8 kg
2026-05-07 07:05:51,305 - INFO - Frame 014 | Max Speed: 3.530 m/s | Max Updraft: 3.530 m/s | Pressure Range:[-2.302, 1.622] Pa | Total Smoke Mass: 534.2 kg
2026-05-07 07:05:51,339 - INFO - Frame 015 | Max Speed: 3.739 m/s | Max Updraft: 3.739 m/s | Pressure Range:[-2.529, 1.672] Pa | Total Smoke Mass: 572.4 kg
2026-05-07 07:05:51,387 - INFO - Frame 016 | Max Speed: 3.932 m/s | Max Updraft: 3.932 m/s | Pressure Range:[-2.787, 1.722] Pa | Total Smoke Mass: 609.7 kg
2026-05-07 07:05:51,421 - INFO - Frame 017 | Max Speed: 4.123 m/s | Max Updraft: 4.123 m/s | Pressure Range:[-2.951, 1.763] Pa | Total Smoke Mass: 645.9 kg
2026-05-07 07:05:51,456 - INFO - Frame 018 | Max Speed: 4.295 m/s | Max Updraft: 4.295 m/s | Pressure Range:[-3.023, 1.795] Pa | Total Smoke Mass: 681.2 kg
2026-05-07 07:05:51,491 - INFO - Frame 019 | Max Speed: 4.441 m/s | Max Updraft: 4.441 m/s | Pressure Range:[-3.122, 1.818] Pa | Total Smoke Mass: 715.8 kg
2026-05-07 07:05:51,525 - INFO - Frame 020 | Max Speed: 4.571 m/s | Max Updraft: 4.571 m/s | Pressure Range:[-3.210, 1.824] Pa | Total Smoke Mass: 750.0 kg
2026-05-07 07:05:51,560 - INFO - Frame 021 | Max Speed: 4.703 m/s | Max Updraft: 4.703 m/s | Pressure Range:[-3.243, 1.819] Pa | Total Smoke Mass: 784.4 kg
2026-05-07 07:05:51,593 - INFO - Frame 022 | Max Speed: 4.832 m/s | Max Updraft: 4.832 m/s | Pressure Range:[-3.324, 1.815] Pa | Total Smoke Mass: 819.3 kg
2026-05-07 07:05:51,629 - INFO - Frame 023 | Max Speed: 4.946 m/s | Max Updraft: 4.946 m/s | Pressure Range:[-3.431, 1.828] Pa | Total Smoke Mass: 855.5 kg
2026-05-07 07:05:51,662 - INFO - Frame 024 | Max Speed: 5.050 m/s | Max Updraft: 5.050 m/s | Pressure Range:[-3.478, 1.845] Pa | Total Smoke Mass: 893.4 kg
2026-05-07 07:05:51,695 - INFO - Frame 025 | Max Speed: 5.159 m/s | Max Updraft: 5.159 m/s | Pressure Range:[-3.542, 1.865] Pa | Total Smoke Mass: 932.5 kg
2026-05-07 07:05:51,734 - INFO - Frame 026 | Max Speed: 5.268 m/s | Max Updraft: 5.268 m/s | Pressure Range:[-3.643, 1.900] Pa | Total Smoke Mass: 972.2 kg
2026-05-07 07:05:51,769 - INFO - Frame 027 | Max Speed: 5.378 m/s | Max Updraft: 5.378 m/s | Pressure Range:[-3.707, 1.947] Pa | Total Smoke Mass: 1012.9 kg
2026-05-07 07:05:51,807 - INFO - Frame 028 | Max Speed: 5.495 m/s | Max Updraft: 5.495 m/s | Pressure Range:[-3.773, 1.977] Pa | Total Smoke Mass: 1054.1 kg
2026-05-07 07:05:51,852 - INFO - Frame 029 | Max Speed: 5.608 m/s | Max Updraft: 5.608 m/s | Pressure Range:[-3.795, 2.008] Pa | Total Smoke Mass: 1096.1 kg
2026-05-07 07:05:51,888 - INFO - Frame 030 | Max Speed: 5.709 m/s | Max Updraft: 5.709 m/s | Pressure Range:[-3.874, 2.041] Pa | Total Smoke Mass: 1138.7 kg
2026-05-07 07:05:51,924 - INFO - Frame 031 | Max Speed: 5.806 m/s | Max Updraft: 5.806 m/s | Pressure Range:[-3.898, 2.060] Pa | Total Smoke Mass: 1181.6 kg
2026-05-07 07:05:51,962 - INFO - Frame 032 | Max Speed: 5.911 m/s | Max Updraft: 5.911 m/s | Pressure Range:[-3.918, 2.091] Pa | Total Smoke Mass: 1225.6 kg
2026-05-07 07:05:51,999 - INFO - Frame 033 | Max Speed: 6.009 m/s | Max Updraft: 6.009 m/s | Pressure Range:[-3.907, 2.124] Pa | Total Smoke Mass: 1270.0 kg
2026-05-07 07:05:52,035 - INFO - Frame 034 | Max Speed: 6.108 m/s | Max Updraft: 6.108 m/s | Pressure Range:[-3.938, 2.158] Pa | Total Smoke Mass: 1313.9 kg
2026-05-07 07:05:52,077 - INFO - Frame 035 | Max Speed: 6.219 m/s | Max Updraft: 6.219 m/s | Pressure Range:[-3.967, 2.206] Pa | Total Smoke Mass: 1358.9 kg
2026-05-07 07:05:52,113 - INFO - Frame 036 | Max Speed: 6.310 m/s | Max Updraft: 6.310 m/s | Pressure Range:[-3.959, 2.241] Pa | Total Smoke Mass: 1404.5 kg
2026-05-07 07:05:52,153 - INFO - Frame 037 | Max Speed: 6.411 m/s | Max Updraft: 6.411 m/s | Pressure Range:[-3.967, 2.283] Pa | Total Smoke Mass: 1448.6 kg
2026-05-07 07:05:52,193 - INFO - Frame 038 | Max Speed: 6.495 m/s | Max Updraft: 6.495 m/s | Pressure Range:[-4.013, 2.311] Pa | Total Smoke Mass: 1493.8 kg
2026-05-07 07:05:52,230 - INFO - Frame 039 | Max Speed: 6.575 m/s | Max Updraft: 6.575 m/s | Pressure Range:[-4.048, 2.344] Pa | Total Smoke Mass: 1539.5 kg
2026-05-07 07:05:52,268 - INFO - Frame 040 | Max Speed: 6.667 m/s | Max Updraft: 6.667 m/s | Pressure Range:[-4.056, 2.367] Pa | Total Smoke Mass: 1583.8 kg
2026-05-07 07:05:52,309 - INFO - Frame 041 | Max Speed: 6.743 m/s | Max Updraft: 6.743 m/s | Pressure Range:[-4.071, 2.388] Pa | Total Smoke Mass: 1629.1 kg
2026-05-07 07:05:52,346 - INFO - Frame 042 | Max Speed: 6.842 m/s | Max Updraft: 6.842 m/s | Pressure Range:[-4.114, 2.426] Pa | Total Smoke Mass: 1674.4 kg
2026-05-07 07:05:52,382 - INFO - Frame 043 | Max Speed: 6.922 m/s | Max Updraft: 6.922 m/s | Pressure Range:[-4.182, 2.452] Pa | Total Smoke Mass: 1719.4 kg
2026-05-07 07:05:52,432 - INFO - Frame 044 | Max Speed: 7.001 m/s | Max Updraft: 7.001 m/s | Pressure Range:[-4.235, 2.483] Pa | Total Smoke Mass: 1764.4 kg
2026-05-07 07:05:52,470 - INFO - Frame 045 | Max Speed: 7.090 m/s | Max Updraft: 7.090 m/s | Pressure Range:[-4.268, 2.517] Pa | Total Smoke Mass: 1809.8 kg
2026-05-07 07:05:52,506 - INFO - Frame 046 | Max Speed: 7.155 m/s | Max Updraft: 7.155 m/s | Pressure Range:[-4.312, 2.533] Pa | Total Smoke Mass: 1855.1 kg
2026-05-07 07:05:52,543 - INFO - Frame 047 | Max Speed: 7.240 m/s | Max Updraft: 7.240 m/s | Pressure Range:[-4.370, 2.545] Pa | Total Smoke Mass: 1900.5 kg
2026-05-07 07:05:52,578 - INFO - Frame 048 | Max Speed: 7.318 m/s | Max Updraft: 7.318 m/s | Pressure Range:[-4.445, 2.561] Pa | Total Smoke Mass: 1946.7 kg
2026-05-07 07:05:52,612 - INFO - Frame 049 | Max Speed: 7.394 m/s | Max Updraft: 7.394 m/s | Pressure Range:[-4.529, 2.571] Pa | Total Smoke Mass: 1992.7 kg
2026-05-07 07:05:52,649 - INFO - Frame 050 | Max Speed: 7.487 m/s | Max Updraft: 7.487 m/s | Pressure Range:[-4.621, 2.579] Pa | Total Smoke Mass: 2038.4 kg
2026-05-07 07:05:52,686 - INFO - Frame 051 | Max Speed: 7.562 m/s | Max Updraft: 7.562 m/s | Pressure Range:[-4.722, 2.596] Pa | Total Smoke Mass: 2084.6 kg
2026-05-07 07:05:52,723 - INFO - Frame 052 | Max Speed: 7.651 m/s | Max Updraft: 7.651 m/s | Pressure Range:[-4.813, 2.624] Pa | Total Smoke Mass: 2130.7 kg
2026-05-07 07:05:52,764 - INFO - Frame 053 | Max Speed: 7.735 m/s | Max Updraft: 7.735 m/s | Pressure Range:[-4.907, 2.645] Pa | Total Smoke Mass: 2176.4 kg
2026-05-07 07:05:52,799 - INFO - Frame 054 | Max Speed: 7.806 m/s | Max Updraft: 7.806 m/s | Pressure Range:[-4.995, 2.653] Pa | Total Smoke Mass: 2222.4 kg
2026-05-07 07:05:52,835 - INFO - Frame 055 | Max Speed: 7.904 m/s | Max Updraft: 7.904 m/s | Pressure Range:[-5.074, 2.651] Pa | Total Smoke Mass: 2268.1 kg
2026-05-07 07:05:52,876 - INFO - Frame 056 | Max Speed: 7.978 m/s | Max Updraft: 7.978 m/s | Pressure Range:[-5.184, 2.640] Pa | Total Smoke Mass: 2313.9 kg
2026-05-07 07:05:52,912 - INFO - Frame 057 | Max Speed: 8.071 m/s | Max Updraft: 8.071 m/s | Pressure Range:[-5.307, 2.627] Pa | Total Smoke Mass: 2359.7 kg
2026-05-07 07:05:52,948 - INFO - Frame 058 | Max Speed: 8.165 m/s | Max Updraft: 8.165 m/s | Pressure Range:[-5.420, 2.620] Pa | Total Smoke Mass: 2406.0 kg
2026-05-07 07:05:52,986 - INFO - Frame 059 | Max Speed: 8.241 m/s | Max Updraft: 8.240 m/s | Pressure Range:[-5.509, 2.616] Pa | Total Smoke Mass: 2453.3 kg
2026-05-07 07:05:53,022 - INFO - Frame 060 | Max Speed: 8.343 m/s | Max Updraft: 8.343 m/s | Pressure Range:[-5.566, 2.608] Pa | Total Smoke Mass: 2501.2 kg
2026-05-07 07:05:53,060 - INFO - Frame 061 | Max Speed: 8.412 m/s | Max Updraft: 8.412 m/s | Pressure Range:[-5.595, 2.588] Pa | Total Smoke Mass: 2548.7 kg
2026-05-07 07:05:53,103 - INFO - Frame 062 | Max Speed: 8.502 m/s | Max Updraft: 8.502 m/s | Pressure Range:[-5.644, 2.552] Pa | Total Smoke Mass: 2596.3 kg
2026-05-07 07:05:53,140 - INFO - Frame 063 | Max Speed: 8.583 m/s | Max Updraft: 8.583 m/s | Pressure Range:[-5.685, 2.502] Pa | Total Smoke Mass: 2644.2 kg
2026-05-07 07:05:53,177 - INFO - Frame 064 | Max Speed: 8.651 m/s | Max Updraft: 8.651 m/s | Pressure Range:[-5.712, 2.441] Pa | Total Smoke Mass: 2692.0 kg
2026-05-07 07:05:53,215 - INFO - Frame 065 | Max Speed: 8.748 m/s | Max Updraft: 8.748 m/s | Pressure Range:[-5.732, 2.370] Pa | Total Smoke Mass: 2739.7 kg
2026-05-07 07:05:53,253 - INFO - Frame 066 | Max Speed: 8.821 m/s | Max Updraft: 8.821 m/s | Pressure Range:[-5.741, 2.290] Pa | Total Smoke Mass: 2786.9 kg
2026-05-07 07:05:53,290 - INFO - Frame 067 | Max Speed: 8.924 m/s | Max Updraft: 8.924 m/s | Pressure Range:[-5.759, 2.190] Pa | Total Smoke Mass: 2833.5 kg
2026-05-07 07:05:53,329 - INFO - Frame 068 | Max Speed: 8.997 m/s | Max Updraft: 8.997 m/s | Pressure Range:[-5.780, 2.056] Pa | Total Smoke Mass: 2879.3 kg
2026-05-07 07:05:53,368 - INFO - Frame 069 | Max Speed: 9.082 m/s | Max Updraft: 9.082 m/s | Pressure Range:[-5.788, 1.881] Pa | Total Smoke Mass: 2925.3 kg
2026-05-07 07:05:53,404 - INFO - Frame 070 | Max Speed: 9.147 m/s | Max Updraft: 9.147 m/s | Pressure Range:[-5.800, 1.685] Pa | Total Smoke Mass: 2972.0 kg
2026-05-07 07:05:53,451 - INFO - Frame 071 | Max Speed: 9.219 m/s | Max Updraft: 9.219 m/s | Pressure Range:[-5.789, 1.427] Pa | Total Smoke Mass: 3019.7 kg
2026-05-07 07:05:53,486 - INFO - Frame 072 | Max Speed: 9.282 m/s | Max Updraft: 9.282 m/s | Pressure Range:[-5.793, 1.096] Pa | Total Smoke Mass: 3067.0 kg
2026-05-07 07:05:53,522 - INFO - Frame 073 | Max Speed: 9.346 m/s | Max Updraft: 9.346 m/s | Pressure Range:[-5.757, 0.693] Pa | Total Smoke Mass: 3114.8 kg
2026-05-07 07:05:53,562 - INFO - Frame 074 | Max Speed: 9.424 m/s | Max Updraft: 9.424 m/s | Pressure Range:[-5.699, 0.466] Pa | Total Smoke Mass: 3149.1 kg
2026-05-07 07:05:53,600 - INFO - Frame 075 | Max Speed: 9.498 m/s | Max Updraft: 9.498 m/s | Pressure Range:[-5.567, 0.505] Pa | Total Smoke Mass: 3139.8 kg
2026-05-07 07:05:53,638 - INFO - Frame 076 | Max Speed: 9.558 m/s | Max Updraft: 9.558 m/s | Pressure Range:[-5.346, 0.555] Pa | Total Smoke Mass: 3078.7 kg
2026-05-07 07:05:53,677 - INFO - Frame 077 | Max Speed: 9.556 m/s | Max Updraft: 9.556 m/s | Pressure Range:[-5.065, 0.736] Pa | Total Smoke Mass: 3013.8 kg
2026-05-07 07:05:53,713 - INFO - Frame 078 | Max Speed: 9.630 m/s | Max Updraft: 9.629 m/s | Pressure Range:[-4.870, 0.891] Pa | Total Smoke Mass: 2968.0 kg
2026-05-07 07:05:53,749 - INFO - Frame 079 | Max Speed: 9.665 m/s | Max Updraft: 9.665 m/s | Pressure Range:[-4.812, 0.978] Pa | Total Smoke Mass: 2897.3 kg
2026-05-07 07:05:53,788 - INFO - Frame 080 | Max Speed: 9.734 m/s | Max Updraft: 9.734 m/s | Pressure Range:[-4.768, 1.059] Pa | Total Smoke Mass: 2793.6 kg
2026-05-07 07:05:53,825 - INFO - Frame 081 | Max Speed: 9.784 m/s | Max Updraft: 9.784 m/s | Pressure Range:[-4.707, 1.145] Pa | Total Smoke Mass: 2657.5 kg
2026-05-07 07:05:53,861 - INFO - Frame 082 | Max Speed: 9.811 m/s | Max Updraft: 9.810 m/s | Pressure Range:[-4.608, 1.233] Pa | Total Smoke Mass: 2497.4 kg
2026-05-07 07:05:53,900 - INFO - Frame 083 | Max Speed: 9.825 m/s | Max Updraft: 9.824 m/s | Pressure Range:[-4.500, 1.323] Pa | Total Smoke Mass: 2332.1 kg
2026-05-07 07:05:53,937 - INFO - Frame 084 | Max Speed: 9.810 m/s | Max Updraft: 9.810 m/s | Pressure Range:[-4.371, 1.409] Pa | Total Smoke Mass: 2180.9 kg
2026-05-07 07:05:53,974 - INFO - Frame 085 | Max Speed: 9.810 m/s | Max Updraft: 9.810 m/s | Pressure Range:[-4.265, 1.470] Pa | Total Smoke Mass: 2064.6 kg
2026-05-07 07:05:54,012 - INFO - Frame 086 | Max Speed: 9.723 m/s | Max Updraft: 9.723 m/s | Pressure Range:[-4.213, 1.504] Pa | Total Smoke Mass: 1980.9 kg
2026-05-07 07:05:54,048 - INFO - Frame 087 | Max Speed: 9.650 m/s | Max Updraft: 9.650 m/s | Pressure Range:[-4.143, 1.541] Pa | Total Smoke Mass: 1920.4 kg
2026-05-07 07:05:54,087 - INFO - Frame 088 | Max Speed: 9.624 m/s | Max Updraft: 9.624 m/s | Pressure Range:[-4.081, 1.588] Pa | Total Smoke Mass: 1880.2 kg
2026-05-07 07:05:54,126 - INFO - Frame 089 | Max Speed: 9.610 m/s | Max Updraft: 9.610 m/s | Pressure Range:[-3.981, 1.629] Pa | Total Smoke Mass: 1858.5 kg
2026-05-07 07:05:54,166 - INFO - Frame 090 | Max Speed: 9.549 m/s | Max Updraft: 9.549 m/s | Pressure Range:[-3.911, 1.646] Pa | Total Smoke Mass: 1847.8 kg
2026-05-07 07:05:54,203 - INFO - Frame 091 | Max Speed: 9.468 m/s | Max Updraft: 9.468 m/s | Pressure Range:[-3.818, 1.644] Pa | Total Smoke Mass: 1840.9 kg
2026-05-07 07:05:54,241 - INFO - Frame 092 | Max Speed: 9.399 m/s | Max Updraft: 9.399 m/s | Pressure Range:[-3.723, 1.644] Pa | Total Smoke Mass: 1835.4 kg
2026-05-07 07:05:54,277 - INFO - Frame 093 | Max Speed: 9.392 m/s | Max Updraft: 9.392 m/s | Pressure Range:[-3.608, 1.650] Pa | Total Smoke Mass: 1830.6 kg
2026-05-07 07:05:54,313 - INFO - Frame 094 | Max Speed: 9.368 m/s | Max Updraft: 9.368 m/s | Pressure Range:[-3.473, 1.666] Pa | Total Smoke Mass: 1826.3 kg
2026-05-07 07:05:54,355 - INFO - Frame 095 | Max Speed: 9.321 m/s | Max Updraft: 9.321 m/s | Pressure Range:[-3.373, 1.689] Pa | Total Smoke Mass: 1822.9 kg
2026-05-07 07:05:54,391 - INFO - Frame 096 | Max Speed: 9.304 m/s | Max Updraft: 9.304 m/s | Pressure Range:[-3.296, 1.722] Pa | Total Smoke Mass: 1819.4 kg
2026-05-07 07:05:54,428 - INFO - Frame 097 | Max Speed: 9.306 m/s | Max Updraft: 9.306 m/s | Pressure Range:[-3.232, 1.764] Pa | Total Smoke Mass: 1814.7 kg
2026-05-07 07:05:54,475 - INFO - Frame 098 | Max Speed: 9.305 m/s | Max Updraft: 9.305 m/s | Pressure Range:[-3.169, 1.815] Pa | Total Smoke Mass: 1808.0 kg
2026-05-07 07:05:54,517 - INFO - Frame 099 | Max Speed: 9.301 m/s | Max Updraft: 9.301 m/s | Pressure Range:[-3.109, 1.853] Pa | Total Smoke Mass: 1801.4 kg
2026-05-07 07:05:54,553 - INFO - Frame 100 | Max Speed: 9.268 m/s | Max Updraft: 9.268 m/s | Pressure Range:[-3.078, 1.879] Pa | Total Smoke Mass: 1795.9 kg
2026-05-07 07:05:54,592 - INFO - Frame 101 | Max Speed: 9.219 m/s | Max Updraft: 9.218 m/s | Pressure Range:[-3.038, 1.904] Pa | Total Smoke Mass: 1789.5 kg
2026-05-07 07:05:54,628 - INFO - Frame 102 | Max Speed: 9.181 m/s | Max Updraft: 9.181 m/s | Pressure Range:[-2.991, 1.952] Pa | Total Smoke Mass: 1782.2 kg
2026-05-07 07:05:54,664 - INFO - Frame 103 | Max Speed: 9.179 m/s | Max Updraft: 9.178 m/s | Pressure Range:[-2.943, 2.025] Pa | Total Smoke Mass: 1773.5 kg
2026-05-07 07:05:54,704 - INFO - Frame 104 | Max Speed: 9.197 m/s | Max Updraft: 9.196 m/s | Pressure Range:[-2.869, 2.114] Pa | Total Smoke Mass: 1764.1 kg
2026-05-07 07:05:54,740 - INFO - Frame 105 | Max Speed: 9.196 m/s | Max Updraft: 9.196 m/s | Pressure Range:[-2.764, 2.195] Pa | Total Smoke Mass: 1755.8 kg
2026-05-07 07:05:54,777 - INFO - Frame 106 | Max Speed: 9.176 m/s | Max Updraft: 9.175 m/s | Pressure Range:[-2.616, 2.253] Pa | Total Smoke Mass: 1749.3 kg
2026-05-07 07:05:54,816 - INFO - Frame 107 | Max Speed: 9.149 m/s | Max Updraft: 9.148 m/s | Pressure Range:[-2.465, 2.285] Pa | Total Smoke Mass: 1743.8 kg
2026-05-07 07:05:54,850 - INFO - Frame 108 | Max Speed: 9.125 m/s | Max Updraft: 9.124 m/s | Pressure Range:[-2.238, 2.302] Pa | Total Smoke Mass: 1738.7 kg
2026-05-07 07:05:54,885 - INFO - Frame 109 | Max Speed: 9.098 m/s | Max Updraft: 9.097 m/s | Pressure Range:[-1.996, 2.317] Pa | Total Smoke Mass: 1735.1 kg
2026-05-07 07:05:54,924 - INFO - Frame 110 | Max Speed: 9.048 m/s | Max Updraft: 9.047 m/s | Pressure Range:[-1.733, 2.357] Pa | Total Smoke Mass: 1734.8 kg
2026-05-07 07:05:54,961 - INFO - Frame 111 | Max Speed: 8.975 m/s | Max Updraft: 8.974 m/s | Pressure Range:[-1.467, 2.369] Pa | Total Smoke Mass: 1739.2 kg
2026-05-07 07:05:54,998 - INFO - Frame 112 | Max Speed: 8.937 m/s | Max Updraft: 8.934 m/s | Pressure Range:[-1.230, 2.350] Pa | Total Smoke Mass: 1748.0 kg
2026-05-07 07:05:55,037 - INFO - Frame 113 | Max Speed: 8.912 m/s | Max Updraft: 8.910 m/s | Pressure Range:[-1.058, 2.294] Pa | Total Smoke Mass: 1760.5 kg
2026-05-07 07:05:55,078 - INFO - Frame 114 | Max Speed: 8.868 m/s | Max Updraft: 8.866 m/s | Pressure Range:[-0.926, 2.208] Pa | Total Smoke Mass: 1775.5 kg
2026-05-07 07:05:55,114 - INFO - Frame 115 | Max Speed: 8.800 m/s | Max Updraft: 8.798 m/s | Pressure Range:[-0.838, 2.105] Pa | Total Smoke Mass: 1791.5 kg
2026-05-07 07:05:55,154 - INFO - Frame 116 | Max Speed: 8.707 m/s | Max Updraft: 8.705 m/s | Pressure Range:[-0.777, 1.987] Pa | Total Smoke Mass: 1807.6 kg
2026-05-07 07:05:55,191 - INFO - Frame 117 | Max Speed: 8.602 m/s | Max Updraft: 8.600 m/s | Pressure Range:[-0.730, 1.864] Pa | Total Smoke Mass: 1822.8 kg
2026-05-07 07:05:55,229 - INFO - Frame 118 | Max Speed: 8.501 m/s | Max Updraft: 8.500 m/s | Pressure Range:[-0.709, 1.965] Pa | Total Smoke Mass: 1837.8 kg
2026-05-07 07:05:55,269 - INFO - Frame 119 | Max Speed: 8.412 m/s | Max Updraft: 8.411 m/s | Pressure Range:[-0.854, 2.078] Pa | Total Smoke Mass: 1851.7 kg
2026-05-07 07:05:55,306 - INFO - Frame 120 | Max Speed: 8.332 m/s | Max Updraft: 8.330 m/s | Pressure Range:[-1.065, 2.187] Pa | Total Smoke Mass: 1864.6 kg
2026-05-07 07:05:55,342 - INFO - Frame 121 | Max Speed: 8.243 m/s | Max Updraft: 8.239 m/s | Pressure Range:[-1.313, 2.299] Pa | Total Smoke Mass: 1876.5 kg
2026-05-07 07:05:55,382 - INFO - Frame 122 | Max Speed: 8.177 m/s | Max Updraft: 8.167 m/s | Pressure Range:[-1.589, 2.389] Pa | Total Smoke Mass: 1889.7 kg
2026-05-07 07:05:55,418 - INFO - Frame 123 | Max Speed: 8.117 m/s | Max Updraft: 8.106 m/s | Pressure Range:[-1.887, 2.481] Pa | Total Smoke Mass: 1903.1 kg
2026-05-07 07:05:55,453 - INFO - Frame 124 | Max Speed: 8.085 m/s | Max Updraft: 8.044 m/s | Pressure Range:[-2.195, 2.582] Pa | Total Smoke Mass: 1916.3 kg
2026-05-07 07:05:55,493 - INFO - Frame 125 | Max Speed: 8.016 m/s | Max Updraft: 8.016 m/s | Pressure Range:[-2.469, 2.663] Pa | Total Smoke Mass: 1929.6 kg
2026-05-07 07:05:55,542 - INFO - Frame 126 | Max Speed: 8.046 m/s | Max Updraft: 8.005 m/s | Pressure Range:[-2.747, 2.711] Pa | Total Smoke Mass: 1940.6 kg
2026-05-07 07:05:55,577 - INFO - Frame 127 | Max Speed: 8.024 m/s | Max Updraft: 7.986 m/s | Pressure Range:[-3.000, 2.759] Pa | Total Smoke Mass: 1951.7 kg
2026-05-07 07:05:55,616 - INFO - Frame 128 | Max Speed: 8.028 m/s | Max Updraft: 7.897 m/s | Pressure Range:[-3.247, 2.716] Pa | Total Smoke Mass: 1964.4 kg
2026-05-07 07:05:55,617 - INFO - --- SIMULATION COMPLETE: Sim_Re_2500 ---
